2018-07-30 09:29:03 trace :
------------
String:
<xml><ToUserName><![CDATA[gh_2d8af677b35f]]></ToUserName>
<FromUserName><![CDATA[oS2nE1LtiPMxsshqsvsZQbFUkxys]]></FromUserName>
<CreateTime>1532914143</CreateTime>
<MsgType><![CDATA[event]]></MsgType>
<Event><![CDATA[VIEW]]></Event>
<EventKey><![CDATA[http://paotui.scxysd.com/app/index.php?i=2&c=entry&ctrl=wmall&ac=home&op=guide&do=mobile&m=we7_wmall]]></EventKey>
<MenuId>441516695</MenuId>
</xml>

2018-07-30 09:29:03 params :
------------
String:
array (
  'rule' => -2,
  'module' => '',
  'message' => 
  array (
    'tousername' => 'gh_2d8af677b35f',
    'fromusername' => 'oS2nE1LtiPMxsshqsvsZQbFUkxys',
    'createtime' => '1532914143',
    'msgtype' => 'event',
    'event' => 'VIEW',
    'eventkey' => 'http://paotui.scxysd.com/app/index.php?i=2&c=entry&ctrl=wmall&ac=home&op=guide&do=mobile&m=we7_wmall',
    'menuid' => '441516695',
    'from' => 'oS2nE1LtiPMxsshqsvsZQbFUkxys',
    'to' => 'gh_2d8af677b35f',
    'time' => '1532914143',
    'type' => 'text',
    'content' => 'http://paotui.scxysd.com/app/index.php?i=2&c=entry&ctrl=wmall&ac=home&op=guide&do=mobile&m=we7_wmall',
    'redirection' => true,
    'source' => 'VIEW',
  ),
)

2018-07-30 09:29:03 response :
------------

2018-07-30 09:29:53 trace :
------------
String:
<xml><ToUserName><![CDATA[gh_2d8af677b35f]]></ToUserName>
<FromUserName><![CDATA[oS2nE1LtiPMxsshqsvsZQbFUkxys]]></FromUserName>
<CreateTime>1532914193</CreateTime>
<MsgType><![CDATA[event]]></MsgType>
<Event><![CDATA[VIEW]]></Event>
<EventKey><![CDATA[http://paotui.scxysd.com/app/index.php?i=2&c=entry&ctrl=wmall&ac=home&op=guide&do=mobile&m=we7_wmall]]></EventKey>
<MenuId>441516695</MenuId>
</xml>

2018-07-30 09:29:53 params :
------------
String:
array (
  'rule' => -2,
  'module' => '',
  'message' => 
  array (
    'tousername' => 'gh_2d8af677b35f',
    'fromusername' => 'oS2nE1LtiPMxsshqsvsZQbFUkxys',
    'createtime' => '1532914193',
    'msgtype' => 'event',
    'event' => 'VIEW',
    'eventkey' => 'http://paotui.scxysd.com/app/index.php?i=2&c=entry&ctrl=wmall&ac=home&op=guide&do=mobile&m=we7_wmall',
    'menuid' => '441516695',
    'from' => 'oS2nE1LtiPMxsshqsvsZQbFUkxys',
    'to' => 'gh_2d8af677b35f',
    'time' => '1532914193',
    'type' => 'text',
    'content' => 'http://paotui.scxysd.com/app/index.php?i=2&c=entry&ctrl=wmall&ac=home&op=guide&do=mobile&m=we7_wmall',
    'redirection' => true,
    'source' => 'VIEW',
  ),
)

2018-07-30 09:29:53 response :
------------

2018-07-30 09:29:57 trace :
------------
String:
<xml><ToUserName><![CDATA[gh_2d8af677b35f]]></ToUserName>
<FromUserName><![CDATA[oS2nE1LtiPMxsshqsvsZQbFUkxys]]></FromUserName>
<CreateTime>1532914196</CreateTime>
<MsgType><![CDATA[event]]></MsgType>
<Event><![CDATA[VIEW]]></Event>
<EventKey><![CDATA[http://paotui.scxysd.com/app/index.php?i=2&c=entry&ctrl=manage&ac=home&op=index&do=mobile&m=we7_wmall]]></EventKey>
<MenuId>441516695</MenuId>
</xml>

2018-07-30 09:29:57 params :
------------
String:
array (
  'rule' => -2,
  'module' => '',
  'message' => 
  array (
    'tousername' => 'gh_2d8af677b35f',
    'fromusername' => 'oS2nE1LtiPMxsshqsvsZQbFUkxys',
    'createtime' => '1532914196',
    'msgtype' => 'event',
    'event' => 'VIEW',
    'eventkey' => 'http://paotui.scxysd.com/app/index.php?i=2&c=entry&ctrl=manage&ac=home&op=index&do=mobile&m=we7_wmall',
    'menuid' => '441516695',
    'from' => 'oS2nE1LtiPMxsshqsvsZQbFUkxys',
    'to' => 'gh_2d8af677b35f',
    'time' => '1532914196',
    'type' => 'text',
    'content' => 'http://paotui.scxysd.com/app/index.php?i=2&c=entry&ctrl=manage&ac=home&op=index&do=mobile&m=we7_wmall',
    'redirection' => true,
    'source' => 'VIEW',
  ),
)

2018-07-30 09:29:57 response :
------------

2018-07-30 09:30:12 trace :
------------
String:
<xml><ToUserName><![CDATA[gh_2d8af677b35f]]></ToUserName>
<FromUserName><![CDATA[oS2nE1LtiPMxsshqsvsZQbFUkxys]]></FromUserName>
<CreateTime>1532914211</CreateTime>
<MsgType><![CDATA[event]]></MsgType>
<Event><![CDATA[VIEW]]></Event>
<EventKey><![CDATA[http://paotui.scxysd.com/app/index.php?i=2&c=entry&ctrl=delivery&ac=home&op=index&do=mobile&m=we7_wmall]]></EventKey>
<MenuId>441516695</MenuId>
</xml>

2018-07-30 09:30:12 params :
------------
String:
array (
  'rule' => -2,
  'module' => '',
  'message' => 
  array (
    'tousername' => 'gh_2d8af677b35f',
    'fromusername' => 'oS2nE1LtiPMxsshqsvsZQbFUkxys',
    'createtime' => '1532914211',
    'msgtype' => 'event',
    'event' => 'VIEW',
    'eventkey' => 'http://paotui.scxysd.com/app/index.php?i=2&c=entry&ctrl=delivery&ac=home&op=index&do=mobile&m=we7_wmall',
    'menuid' => '441516695',
    'from' => 'oS2nE1LtiPMxsshqsvsZQbFUkxys',
    'to' => 'gh_2d8af677b35f',
    'time' => '1532914211',
    'type' => 'text',
    'content' => 'http://paotui.scxysd.com/app/index.php?i=2&c=entry&ctrl=delivery&ac=home&op=index&do=mobile&m=we7_wmall',
    'redirection' => true,
    'source' => 'VIEW',
  ),
)

2018-07-30 09:30:12 response :
------------

2018-07-30 09:37:50 trace :
------------
String:
<xml><ToUserName><![CDATA[gh_2d8af677b35f]]></ToUserName>
<FromUserName><![CDATA[oS2nE1HC9rku1rgCqWvulWqAl4UE]]></FromUserName>
<CreateTime>1532914669</CreateTime>
<MsgType><![CDATA[event]]></MsgType>
<Event><![CDATA[VIEW]]></Event>
<EventKey><![CDATA[http://paotui.scxysd.com/app/index.php?i=2&c=entry&ctrl=wmall&ac=home&op=guide&do=mobile&m=we7_wmall]]></EventKey>
<MenuId>441516695</MenuId>
</xml>

2018-07-30 09:37:50 params :
------------
String:
array (
  'rule' => -2,
  'module' => '',
  'message' => 
  array (
    'tousername' => 'gh_2d8af677b35f',
    'fromusername' => 'oS2nE1HC9rku1rgCqWvulWqAl4UE',
    'createtime' => '1532914669',
    'msgtype' => 'event',
    'event' => 'VIEW',
    'eventkey' => 'http://paotui.scxysd.com/app/index.php?i=2&c=entry&ctrl=wmall&ac=home&op=guide&do=mobile&m=we7_wmall',
    'menuid' => '441516695',
    'from' => 'oS2nE1HC9rku1rgCqWvulWqAl4UE',
    'to' => 'gh_2d8af677b35f',
    'time' => '1532914669',
    'type' => 'text',
    'content' => 'http://paotui.scxysd.com/app/index.php?i=2&c=entry&ctrl=wmall&ac=home&op=guide&do=mobile&m=we7_wmall',
    'redirection' => true,
    'source' => 'VIEW',
  ),
)

2018-07-30 09:37:50 response :
------------

2018-07-30 09:39:31 trace :
------------
String:
<xml><ToUserName><![CDATA[gh_2d8af677b35f]]></ToUserName>
<FromUserName><![CDATA[oS2nE1HC9rku1rgCqWvulWqAl4UE]]></FromUserName>
<CreateTime>1532914770</CreateTime>
<MsgType><![CDATA[event]]></MsgType>
<Event><![CDATA[VIEW]]></Event>
<EventKey><![CDATA[http://paotui.scxysd.com/app/index.php?i=2&c=entry&ctrl=wmall&ac=home&op=guide&do=mobile&m=we7_wmall]]></EventKey>
<MenuId>441516695</MenuId>
</xml>

2018-07-30 09:39:31 params :
------------
String:
array (
  'rule' => -2,
  'module' => '',
  'message' => 
  array (
    'tousername' => 'gh_2d8af677b35f',
    'fromusername' => 'oS2nE1HC9rku1rgCqWvulWqAl4UE',
    'createtime' => '1532914770',
    'msgtype' => 'event',
    'event' => 'VIEW',
    'eventkey' => 'http://paotui.scxysd.com/app/index.php?i=2&c=entry&ctrl=wmall&ac=home&op=guide&do=mobile&m=we7_wmall',
    'menuid' => '441516695',
    'from' => 'oS2nE1HC9rku1rgCqWvulWqAl4UE',
    'to' => 'gh_2d8af677b35f',
    'time' => '1532914770',
    'type' => 'text',
    'content' => 'http://paotui.scxysd.com/app/index.php?i=2&c=entry&ctrl=wmall&ac=home&op=guide&do=mobile&m=we7_wmall',
    'redirection' => true,
    'source' => 'VIEW',
  ),
)

2018-07-30 09:39:31 response :
------------

2018-07-30 10:06:35 trace :
------------
String:
<xml><ToUserName><![CDATA[gh_2d8af677b35f]]></ToUserName>
<FromUserName><![CDATA[oS2nE1HC9rku1rgCqWvulWqAl4UE]]></FromUserName>
<CreateTime>1532916394</CreateTime>
<MsgType><![CDATA[event]]></MsgType>
<Event><![CDATA[VIEW]]></Event>
<EventKey><![CDATA[http://paotui.scxysd.com/app/index.php?i=2&c=entry&ctrl=wmall&ac=home&op=guide&do=mobile&m=we7_wmall]]></EventKey>
<MenuId>441516695</MenuId>
</xml>

2018-07-30 10:06:35 params :
------------
String:
array (
  'rule' => -2,
  'module' => '',
  'message' => 
  array (
    'tousername' => 'gh_2d8af677b35f',
    'fromusername' => 'oS2nE1HC9rku1rgCqWvulWqAl4UE',
    'createtime' => '1532916394',
    'msgtype' => 'event',
    'event' => 'VIEW',
    'eventkey' => 'http://paotui.scxysd.com/app/index.php?i=2&c=entry&ctrl=wmall&ac=home&op=guide&do=mobile&m=we7_wmall',
    'menuid' => '441516695',
    'from' => 'oS2nE1HC9rku1rgCqWvulWqAl4UE',
    'to' => 'gh_2d8af677b35f',
    'time' => '1532916394',
    'type' => 'text',
    'content' => 'http://paotui.scxysd.com/app/index.php?i=2&c=entry&ctrl=wmall&ac=home&op=guide&do=mobile&m=we7_wmall',
    'redirection' => true,
    'source' => 'VIEW',
  ),
)

2018-07-30 10:06:35 response :
------------

2018-07-30 10:33:41 trace :
------------
String:
<xml><ToUserName><![CDATA[gh_2d8af677b35f]]></ToUserName>
<FromUserName><![CDATA[oS2nE1CGJPJKvOOV-2axeilQtmms]]></FromUserName>
<CreateTime>1532918021</CreateTime>
<MsgType><![CDATA[event]]></MsgType>
<Event><![CDATA[VIEW]]></Event>
<EventKey><![CDATA[http://paotui.scxysd.com/app/index.php?i=2&c=entry&ctrl=wmall&ac=home&op=guide&do=mobile&m=we7_wmall]]></EventKey>
<MenuId>441516695</MenuId>
</xml>

2018-07-30 10:33:41 params :
------------
String:
array (
  'rule' => -2,
  'module' => '',
  'message' => 
  array (
    'tousername' => 'gh_2d8af677b35f',
    'fromusername' => 'oS2nE1CGJPJKvOOV-2axeilQtmms',
    'createtime' => '1532918021',
    'msgtype' => 'event',
    'event' => 'VIEW',
    'eventkey' => 'http://paotui.scxysd.com/app/index.php?i=2&c=entry&ctrl=wmall&ac=home&op=guide&do=mobile&m=we7_wmall',
    'menuid' => '441516695',
    'from' => 'oS2nE1CGJPJKvOOV-2axeilQtmms',
    'to' => 'gh_2d8af677b35f',
    'time' => '1532918021',
    'type' => 'text',
    'content' => 'http://paotui.scxysd.com/app/index.php?i=2&c=entry&ctrl=wmall&ac=home&op=guide&do=mobile&m=we7_wmall',
    'redirection' => true,
    'source' => 'VIEW',
  ),
)

2018-07-30 10:33:41 response :
------------

2018-07-30 10:36:46 trace :
------------
String:
<xml><ToUserName><![CDATA[gh_2d8af677b35f]]></ToUserName>
<FromUserName><![CDATA[oS2nE1HC9rku1rgCqWvulWqAl4UE]]></FromUserName>
<CreateTime>1532918206</CreateTime>
<MsgType><![CDATA[event]]></MsgType>
<Event><![CDATA[VIEW]]></Event>
<EventKey><![CDATA[http://paotui.scxysd.com/app/index.php?i=2&c=entry&ctrl=wmall&ac=home&op=guide&do=mobile&m=we7_wmall]]></EventKey>
<MenuId>441516695</MenuId>
</xml>

2018-07-30 10:36:46 params :
------------
String:
array (
  'rule' => -2,
  'module' => '',
  'message' => 
  array (
    'tousername' => 'gh_2d8af677b35f',
    'fromusername' => 'oS2nE1HC9rku1rgCqWvulWqAl4UE',
    'createtime' => '1532918206',
    'msgtype' => 'event',
    'event' => 'VIEW',
    'eventkey' => 'http://paotui.scxysd.com/app/index.php?i=2&c=entry&ctrl=wmall&ac=home&op=guide&do=mobile&m=we7_wmall',
    'menuid' => '441516695',
    'from' => 'oS2nE1HC9rku1rgCqWvulWqAl4UE',
    'to' => 'gh_2d8af677b35f',
    'time' => '1532918206',
    'type' => 'text',
    'content' => 'http://paotui.scxysd.com/app/index.php?i=2&c=entry&ctrl=wmall&ac=home&op=guide&do=mobile&m=we7_wmall',
    'redirection' => true,
    'source' => 'VIEW',
  ),
)

2018-07-30 10:36:46 response :
------------

2018-07-30 16:15:25 trace :
------------
String:
<xml><ToUserName><![CDATA[gh_2d8af677b35f]]></ToUserName>
<FromUserName><![CDATA[oS2nE1NhNvNXOENEL98BaE42yJ5U]]></FromUserName>
<CreateTime>1532938524</CreateTime>
<MsgType><![CDATA[event]]></MsgType>
<Event><![CDATA[VIEW]]></Event>
<EventKey><![CDATA[http://paotui.scxysd.com/app/index.php?i=2&c=entry&ctrl=wmall&ac=home&op=guide&do=mobile&m=we7_wmall]]></EventKey>
<MenuId>441516695</MenuId>
</xml>

2018-07-30 16:15:25 params :
------------
String:
array (
  'rule' => -2,
  'module' => '',
  'message' => 
  array (
    'tousername' => 'gh_2d8af677b35f',
    'fromusername' => 'oS2nE1NhNvNXOENEL98BaE42yJ5U',
    'createtime' => '1532938524',
    'msgtype' => 'event',
    'event' => 'VIEW',
    'eventkey' => 'http://paotui.scxysd.com/app/index.php?i=2&c=entry&ctrl=wmall&ac=home&op=guide&do=mobile&m=we7_wmall',
    'menuid' => '441516695',
    'from' => 'oS2nE1NhNvNXOENEL98BaE42yJ5U',
    'to' => 'gh_2d8af677b35f',
    'time' => '1532938524',
    'type' => 'text',
    'content' => 'http://paotui.scxysd.com/app/index.php?i=2&c=entry&ctrl=wmall&ac=home&op=guide&do=mobile&m=we7_wmall',
    'redirection' => true,
    'source' => 'VIEW',
  ),
)

2018-07-30 16:15:25 response :
------------

2018-07-30 17:25:51 trace :
------------
String:
<xml><ToUserName><![CDATA[gh_2d8af677b35f]]></ToUserName>
<FromUserName><![CDATA[oS2nE1NX0tn89547Xfo14Kc56-7M]]></FromUserName>
<CreateTime>1532942750</CreateTime>
<MsgType><![CDATA[text]]></MsgType>
<Content><![CDATA[1]]></Content>
<MsgId>6583938978331919629</MsgId>
</xml>

2018-07-30 17:25:51 params :
------------
String:
array (
  'message' => 
  array (
    'tousername' => 'gh_2d8af677b35f',
    'fromusername' => 'oS2nE1NX0tn89547Xfo14Kc56-7M',
    'createtime' => '1532942750',
    'msgtype' => 'text',
    'content' => '1',
    'msgid' => '6583938978331919629',
    'from' => 'oS2nE1NX0tn89547Xfo14Kc56-7M',
    'to' => 'gh_2d8af677b35f',
    'time' => '1532942750',
    'type' => 'text',
    'event' => NULL,
    'redirection' => false,
    'source' => NULL,
  ),
  'module' => 'cover',
  'rule' => '9',
  'priority' => '0',
  'keyword' => 
  array (
    'id' => '16',
    'rid' => '9',
    'uniacid' => '2',
    'module' => 'cover',
    'content' => '1',
    'type' => '1',
    'displayorder' => '0',
    'status' => '1',
    'reply_type' => 
    array (
    ),
  ),
  'reply_type' => 
  array (
  ),
)

2018-07-30 17:25:51 response :
------------
Array:
FromUserName : gh_2d8af677b35f ;
ToUserName : oS2nE1NX0tn89547Xfo14Kc56-7M ;
MsgType : news ;
ArticleCount : 1 ;
Articles : Array ;

2018-07-30 20:32:15 trace :
------------
String:
<xml><ToUserName><![CDATA[gh_2d8af677b35f]]></ToUserName>
<FromUserName><![CDATA[oS2nE1Fj50n5oCEO1IB6-WIRq_cE]]></FromUserName>
<CreateTime>1532953935</CreateTime>
<MsgType><![CDATA[event]]></MsgType>
<Event><![CDATA[VIEW]]></Event>
<EventKey><![CDATA[http://paotui.scxysd.com/app/index.php?i=2&c=entry&ctrl=wmall&ac=home&op=guide&do=mobile&m=we7_wmall]]></EventKey>
<MenuId>441516695</MenuId>
</xml>

2018-07-30 20:32:15 params :
------------
String:
array (
  'rule' => -2,
  'module' => '',
  'message' => 
  array (
    'tousername' => 'gh_2d8af677b35f',
    'fromusername' => 'oS2nE1Fj50n5oCEO1IB6-WIRq_cE',
    'createtime' => '1532953935',
    'msgtype' => 'event',
    'event' => 'VIEW',
    'eventkey' => 'http://paotui.scxysd.com/app/index.php?i=2&c=entry&ctrl=wmall&ac=home&op=guide&do=mobile&m=we7_wmall',
    'menuid' => '441516695',
    'from' => 'oS2nE1Fj50n5oCEO1IB6-WIRq_cE',
    'to' => 'gh_2d8af677b35f',
    'time' => '1532953935',
    'type' => 'text',
    'content' => 'http://paotui.scxysd.com/app/index.php?i=2&c=entry&ctrl=wmall&ac=home&op=guide&do=mobile&m=we7_wmall',
    'redirection' => true,
    'source' => 'VIEW',
  ),
)

2018-07-30 20:32:15 response :
------------

2018-07-30 20:34:55 trace :
------------
String:
<xml><ToUserName><![CDATA[gh_2d8af677b35f]]></ToUserName>
<FromUserName><![CDATA[oS2nE1Fj50n5oCEO1IB6-WIRq_cE]]></FromUserName>
<CreateTime>1532954094</CreateTime>
<MsgType><![CDATA[event]]></MsgType>
<Event><![CDATA[TEMPLATESENDJOBFINISH]]></Event>
<MsgID>391946364247900160</MsgID>
<Status><![CDATA[success]]></Status>
</xml>

2018-07-30 20:34:55 params :
------------
String:
array (
  'rule' => -2,
  'module' => '',
  'message' => 
  array (
    'tousername' => 'gh_2d8af677b35f',
    'fromusername' => 'oS2nE1Fj50n5oCEO1IB6-WIRq_cE',
    'createtime' => '1532954094',
    'msgtype' => 'event',
    'event' => 'TEMPLATESENDJOBFINISH',
    'msgid' => '391946364247900160',
    'status' => 'success',
    'from' => 'oS2nE1Fj50n5oCEO1IB6-WIRq_cE',
    'to' => 'gh_2d8af677b35f',
    'time' => '1532954094',
    'type' => 'event',
  ),
)

2018-07-30 20:34:55 response :
------------

2018-07-30 20:34:55 trace :
------------
String:
<xml><ToUserName><![CDATA[gh_2d8af677b35f]]></ToUserName>
<FromUserName><![CDATA[oS2nE1NUfGmqL6fDdwv4Im5AMVAQ]]></FromUserName>
<CreateTime>1532954095</CreateTime>
<MsgType><![CDATA[event]]></MsgType>
<Event><![CDATA[TEMPLATESENDJOBFINISH]]></Event>
<MsgID>391946376814362629</MsgID>
<Status><![CDATA[success]]></Status>
</xml>

2018-07-30 20:34:55 params :
------------
String:
array (
  'rule' => -2,
  'module' => '',
  'message' => 
  array (
    'tousername' => 'gh_2d8af677b35f',
    'fromusername' => 'oS2nE1NUfGmqL6fDdwv4Im5AMVAQ',
    'createtime' => '1532954095',
    'msgtype' => 'event',
    'event' => 'TEMPLATESENDJOBFINISH',
    'msgid' => '391946376814362629',
    'status' => 'success',
    'from' => 'oS2nE1NUfGmqL6fDdwv4Im5AMVAQ',
    'to' => 'gh_2d8af677b35f',
    'time' => '1532954095',
    'type' => 'event',
  ),
)

2018-07-30 20:34:55 response :
------------

2018-07-30 20:34:56 trace :
------------
String:
<xml><ToUserName><![CDATA[gh_2d8af677b35f]]></ToUserName>
<FromUserName><![CDATA[oS2nE1L8Hd7SfAJ7tF75Yxce3YnQ]]></FromUserName>
<CreateTime>1532954096</CreateTime>
<MsgType><![CDATA[event]]></MsgType>
<Event><![CDATA[TEMPLATESENDJOBFINISH]]></Event>
<MsgID>391946386041815040</MsgID>
<Status><![CDATA[success]]></Status>
</xml>

2018-07-30 20:34:56 params :
------------
String:
array (
  'rule' => -2,
  'module' => '',
  'message' => 
  array (
    'tousername' => 'gh_2d8af677b35f',
    'fromusername' => 'oS2nE1L8Hd7SfAJ7tF75Yxce3YnQ',
    'createtime' => '1532954096',
    'msgtype' => 'event',
    'event' => 'TEMPLATESENDJOBFINISH',
    'msgid' => '391946386041815040',
    'status' => 'success',
    'from' => 'oS2nE1L8Hd7SfAJ7tF75Yxce3YnQ',
    'to' => 'gh_2d8af677b35f',
    'time' => '1532954096',
    'type' => 'event',
  ),
)

2018-07-30 20:34:56 response :
------------

2018-07-30 20:38:22 trace :
------------
String:
<xml><ToUserName><![CDATA[gh_2d8af677b35f]]></ToUserName>
<FromUserName><![CDATA[oS2nE1Fj50n5oCEO1IB6-WIRq_cE]]></FromUserName>
<CreateTime>1532954302</CreateTime>
<MsgType><![CDATA[event]]></MsgType>
<Event><![CDATA[TEMPLATESENDJOBFINISH]]></Event>
<MsgID>391949838507343872</MsgID>
<Status><![CDATA[success]]></Status>
</xml>

2018-07-30 20:38:22 params :
------------
String:
array (
  'rule' => -2,
  'module' => '',
  'message' => 
  array (
    'tousername' => 'gh_2d8af677b35f',
    'fromusername' => 'oS2nE1Fj50n5oCEO1IB6-WIRq_cE',
    'createtime' => '1532954302',
    'msgtype' => 'event',
    'event' => 'TEMPLATESENDJOBFINISH',
    'msgid' => '391949838507343872',
    'status' => 'success',
    'from' => 'oS2nE1Fj50n5oCEO1IB6-WIRq_cE',
    'to' => 'gh_2d8af677b35f',
    'time' => '1532954302',
    'type' => 'event',
  ),
)

2018-07-30 20:38:22 response :
------------

2018-07-30 20:41:08 trace :
------------
String:
<xml><ToUserName><![CDATA[gh_2d8af677b35f]]></ToUserName>
<FromUserName><![CDATA[oS2nE1LLgPDnr7k9tft3O30zkrFI]]></FromUserName>
<CreateTime>1532954468</CreateTime>
<MsgType><![CDATA[event]]></MsgType>
<Event><![CDATA[VIEW]]></Event>
<EventKey><![CDATA[http://paotui.scxysd.com/app/index.php?i=2&c=entry&ctrl=wmall&ac=home&op=guide&do=mobile&m=we7_wmall]]></EventKey>
<MenuId>441516695</MenuId>
</xml>

2018-07-30 20:41:08 params :
------------
String:
array (
  'rule' => -2,
  'module' => '',
  'message' => 
  array (
    'tousername' => 'gh_2d8af677b35f',
    'fromusername' => 'oS2nE1LLgPDnr7k9tft3O30zkrFI',
    'createtime' => '1532954468',
    'msgtype' => 'event',
    'event' => 'VIEW',
    'eventkey' => 'http://paotui.scxysd.com/app/index.php?i=2&c=entry&ctrl=wmall&ac=home&op=guide&do=mobile&m=we7_wmall',
    'menuid' => '441516695',
    'from' => 'oS2nE1LLgPDnr7k9tft3O30zkrFI',
    'to' => 'gh_2d8af677b35f',
    'time' => '1532954468',
    'type' => 'text',
    'content' => 'http://paotui.scxysd.com/app/index.php?i=2&c=entry&ctrl=wmall&ac=home&op=guide&do=mobile&m=we7_wmall',
    'redirection' => true,
    'source' => 'VIEW',
  ),
)

2018-07-30 20:41:08 response :
------------

2018-07-30 20:42:07 trace :
------------
String:
<xml><ToUserName><![CDATA[gh_2d8af677b35f]]></ToUserName>
<FromUserName><![CDATA[oS2nE1LLgPDnr7k9tft3O30zkrFI]]></FromUserName>
<CreateTime>1532954527</CreateTime>
<MsgType><![CDATA[event]]></MsgType>
<Event><![CDATA[TEMPLATESENDJOBFINISH]]></Event>
<MsgID>391953619420839936</MsgID>
<Status><![CDATA[success]]></Status>
</xml>

2018-07-30 20:42:07 params :
------------
String:
array (
  'rule' => -2,
  'module' => '',
  'message' => 
  array (
    'tousername' => 'gh_2d8af677b35f',
    'fromusername' => 'oS2nE1LLgPDnr7k9tft3O30zkrFI',
    'createtime' => '1532954527',
    'msgtype' => 'event',
    'event' => 'TEMPLATESENDJOBFINISH',
    'msgid' => '391953619420839936',
    'status' => 'success',
    'from' => 'oS2nE1LLgPDnr7k9tft3O30zkrFI',
    'to' => 'gh_2d8af677b35f',
    'time' => '1532954527',
    'type' => 'event',
  ),
)

2018-07-30 20:42:07 response :
------------

2018-07-30 20:42:08 trace :
------------
String:
<xml><ToUserName><![CDATA[gh_2d8af677b35f]]></ToUserName>
<FromUserName><![CDATA[oS2nE1HC9rku1rgCqWvulWqAl4UE]]></FromUserName>
<CreateTime>1532954527</CreateTime>
<MsgType><![CDATA[event]]></MsgType>
<Event><![CDATA[TEMPLATESENDJOBFINISH]]></Event>
<MsgID>391953628883402754</MsgID>
<Status><![CDATA[success]]></Status>
</xml>

2018-07-30 20:42:08 params :
------------
String:
array (
  'rule' => -2,
  'module' => '',
  'message' => 
  array (
    'tousername' => 'gh_2d8af677b35f',
    'fromusername' => 'oS2nE1HC9rku1rgCqWvulWqAl4UE',
    'createtime' => '1532954527',
    'msgtype' => 'event',
    'event' => 'TEMPLATESENDJOBFINISH',
    'msgid' => '391953628883402754',
    'status' => 'success',
    'from' => 'oS2nE1HC9rku1rgCqWvulWqAl4UE',
    'to' => 'gh_2d8af677b35f',
    'time' => '1532954527',
    'type' => 'event',
  ),
)

2018-07-30 20:42:08 response :
------------

2018-07-30 20:42:34 trace :
------------
String:
<xml><ToUserName><![CDATA[gh_2d8af677b35f]]></ToUserName>
<FromUserName><![CDATA[oS2nE1OsqhMLxFBNC2-RJ6RoOi7E]]></FromUserName>
<CreateTime>1532954554</CreateTime>
<MsgType><![CDATA[event]]></MsgType>
<Event><![CDATA[TEMPLATESENDJOBFINISH]]></Event>
<MsgID>391954070241624065</MsgID>
<Status><![CDATA[success]]></Status>
</xml>

2018-07-30 20:42:34 params :
------------
String:
array (
  'rule' => -2,
  'module' => '',
  'message' => 
  array (
    'tousername' => 'gh_2d8af677b35f',
    'fromusername' => 'oS2nE1OsqhMLxFBNC2-RJ6RoOi7E',
    'createtime' => '1532954554',
    'msgtype' => 'event',
    'event' => 'TEMPLATESENDJOBFINISH',
    'msgid' => '391954070241624065',
    'status' => 'success',
    'from' => 'oS2nE1OsqhMLxFBNC2-RJ6RoOi7E',
    'to' => 'gh_2d8af677b35f',
    'time' => '1532954554',
    'type' => 'event',
  ),
)

2018-07-30 20:42:34 response :
------------

2018-07-30 20:42:34 trace :
------------
String:
<xml><ToUserName><![CDATA[gh_2d8af677b35f]]></ToUserName>
<FromUserName><![CDATA[oS2nE1NUfGmqL6fDdwv4Im5AMVAQ]]></FromUserName>
<CreateTime>1532954554</CreateTime>
<MsgType><![CDATA[event]]></MsgType>
<Event><![CDATA[TEMPLATESENDJOBFINISH]]></Event>
<MsgID>391954079083233282</MsgID>
<Status><![CDATA[success]]></Status>
</xml>

2018-07-30 20:42:34 params :
------------
String:
array (
  'rule' => -2,
  'module' => '',
  'message' => 
  array (
    'tousername' => 'gh_2d8af677b35f',
    'fromusername' => 'oS2nE1NUfGmqL6fDdwv4Im5AMVAQ',
    'createtime' => '1532954554',
    'msgtype' => 'event',
    'event' => 'TEMPLATESENDJOBFINISH',
    'msgid' => '391954079083233282',
    'status' => 'success',
    'from' => 'oS2nE1NUfGmqL6fDdwv4Im5AMVAQ',
    'to' => 'gh_2d8af677b35f',
    'time' => '1532954554',
    'type' => 'event',
  ),
)

2018-07-30 20:42:34 response :
------------

2018-07-30 20:42:35 trace :
------------
String:
<xml><ToUserName><![CDATA[gh_2d8af677b35f]]></ToUserName>
<FromUserName><![CDATA[oS2nE1NhNvNXOENEL98BaE42yJ5U]]></FromUserName>
<CreateTime>1532954555</CreateTime>
<MsgType><![CDATA[event]]></MsgType>
<Event><![CDATA[TEMPLATESENDJOBFINISH]]></Event>
<MsgID>391954087287029760</MsgID>
<Status><![CDATA[success]]></Status>
</xml>

2018-07-30 20:42:35 params :
------------
String:
array (
  'rule' => -2,
  'module' => '',
  'message' => 
  array (
    'tousername' => 'gh_2d8af677b35f',
    'fromusername' => 'oS2nE1NhNvNXOENEL98BaE42yJ5U',
    'createtime' => '1532954555',
    'msgtype' => 'event',
    'event' => 'TEMPLATESENDJOBFINISH',
    'msgid' => '391954087287029760',
    'status' => 'success',
    'from' => 'oS2nE1NhNvNXOENEL98BaE42yJ5U',
    'to' => 'gh_2d8af677b35f',
    'time' => '1532954555',
    'type' => 'event',
  ),
)

2018-07-30 20:42:35 response :
------------

2018-07-30 20:42:35 trace :
------------
String:
<xml><ToUserName><![CDATA[gh_2d8af677b35f]]></ToUserName>
<FromUserName><![CDATA[oS2nE1HC9rku1rgCqWvulWqAl4UE]]></FromUserName>
<CreateTime>1532954555</CreateTime>
<MsgType><![CDATA[event]]></MsgType>
<Event><![CDATA[TEMPLATESENDJOBFINISH]]></Event>
<MsgID>391954095508111361</MsgID>
<Status><![CDATA[success]]></Status>
</xml>

2018-07-30 20:42:35 params :
------------
String:
array (
  'rule' => -2,
  'module' => '',
  'message' => 
  array (
    'tousername' => 'gh_2d8af677b35f',
    'fromusername' => 'oS2nE1HC9rku1rgCqWvulWqAl4UE',
    'createtime' => '1532954555',
    'msgtype' => 'event',
    'event' => 'TEMPLATESENDJOBFINISH',
    'msgid' => '391954095508111361',
    'status' => 'success',
    'from' => 'oS2nE1HC9rku1rgCqWvulWqAl4UE',
    'to' => 'gh_2d8af677b35f',
    'time' => '1532954555',
    'type' => 'event',
  ),
)

2018-07-30 20:42:35 response :
------------

2018-07-30 20:42:36 trace :
------------
String:
<xml><ToUserName><![CDATA[gh_2d8af677b35f]]></ToUserName>
<FromUserName><![CDATA[oS2nE1NX0tn89547Xfo14Kc56-7M]]></FromUserName>
<CreateTime>1532954556</CreateTime>
<MsgType><![CDATA[event]]></MsgType>
<Event><![CDATA[TEMPLATESENDJOBFINISH]]></Event>
<MsgID>391954105121472513</MsgID>
<Status><![CDATA[success]]></Status>
</xml>

2018-07-30 20:42:36 params :
------------
String:
array (
  'rule' => -2,
  'module' => '',
  'message' => 
  array (
    'tousername' => 'gh_2d8af677b35f',
    'fromusername' => 'oS2nE1NX0tn89547Xfo14Kc56-7M',
    'createtime' => '1532954556',
    'msgtype' => 'event',
    'event' => 'TEMPLATESENDJOBFINISH',
    'msgid' => '391954105121472513',
    'status' => 'success',
    'from' => 'oS2nE1NX0tn89547Xfo14Kc56-7M',
    'to' => 'gh_2d8af677b35f',
    'time' => '1532954556',
    'type' => 'event',
  ),
)

2018-07-30 20:42:36 response :
------------

2018-07-30 20:42:36 trace :
------------
String:
<xml><ToUserName><![CDATA[gh_2d8af677b35f]]></ToUserName>
<FromUserName><![CDATA[oS2nE1L8Hd7SfAJ7tF75Yxce3YnQ]]></FromUserName>
<CreateTime>1532954556</CreateTime>
<MsgType><![CDATA[event]]></MsgType>
<Event><![CDATA[TEMPLATESENDJOBFINISH]]></Event>
<MsgID>391954113208074246</MsgID>
<Status><![CDATA[success]]></Status>
</xml>

2018-07-30 20:42:36 params :
------------
String:
array (
  'rule' => -2,
  'module' => '',
  'message' => 
  array (
    'tousername' => 'gh_2d8af677b35f',
    'fromusername' => 'oS2nE1L8Hd7SfAJ7tF75Yxce3YnQ',
    'createtime' => '1532954556',
    'msgtype' => 'event',
    'event' => 'TEMPLATESENDJOBFINISH',
    'msgid' => '391954113208074246',
    'status' => 'success',
    'from' => 'oS2nE1L8Hd7SfAJ7tF75Yxce3YnQ',
    'to' => 'gh_2d8af677b35f',
    'time' => '1532954556',
    'type' => 'event',
  ),
)

2018-07-30 20:42:36 response :
------------

2018-07-30 20:43:46 trace :
------------
String:
<xml><ToUserName><![CDATA[gh_2d8af677b35f]]></ToUserName>
<FromUserName><![CDATA[oS2nE1LLgPDnr7k9tft3O30zkrFI]]></FromUserName>
<CreateTime>1532954626</CreateTime>
<MsgType><![CDATA[event]]></MsgType>
<Event><![CDATA[TEMPLATESENDJOBFINISH]]></Event>
<MsgID>391955277177552897</MsgID>
<Status><![CDATA[success]]></Status>
</xml>

2018-07-30 20:43:46 params :
------------
String:
array (
  'rule' => -2,
  'module' => '',
  'message' => 
  array (
    'tousername' => 'gh_2d8af677b35f',
    'fromusername' => 'oS2nE1LLgPDnr7k9tft3O30zkrFI',
    'createtime' => '1532954626',
    'msgtype' => 'event',
    'event' => 'TEMPLATESENDJOBFINISH',
    'msgid' => '391955277177552897',
    'status' => 'success',
    'from' => 'oS2nE1LLgPDnr7k9tft3O30zkrFI',
    'to' => 'gh_2d8af677b35f',
    'time' => '1532954626',
    'type' => 'event',
  ),
)

2018-07-30 20:43:46 response :
------------

2018-07-30 20:44:58 trace :
------------
String:
<xml><ToUserName><![CDATA[gh_2d8af677b35f]]></ToUserName>
<FromUserName><![CDATA[oS2nE1LLgPDnr7k9tft3O30zkrFI]]></FromUserName>
<CreateTime>1532954698</CreateTime>
<MsgType><![CDATA[event]]></MsgType>
<Event><![CDATA[TEMPLATESENDJOBFINISH]]></Event>
<MsgID>391956483845259266</MsgID>
<Status><![CDATA[success]]></Status>
</xml>

2018-07-30 20:44:58 params :
------------
String:
array (
  'rule' => -2,
  'module' => '',
  'message' => 
  array (
    'tousername' => 'gh_2d8af677b35f',
    'fromusername' => 'oS2nE1LLgPDnr7k9tft3O30zkrFI',
    'createtime' => '1532954698',
    'msgtype' => 'event',
    'event' => 'TEMPLATESENDJOBFINISH',
    'msgid' => '391956483845259266',
    'status' => 'success',
    'from' => 'oS2nE1LLgPDnr7k9tft3O30zkrFI',
    'to' => 'gh_2d8af677b35f',
    'time' => '1532954698',
    'type' => 'event',
  ),
)

2018-07-30 20:44:58 response :
------------

2018-07-30 20:45:19 trace :
------------
String:
<xml><ToUserName><![CDATA[gh_2d8af677b35f]]></ToUserName>
<FromUserName><![CDATA[oS2nE1LLgPDnr7k9tft3O30zkrFI]]></FromUserName>
<CreateTime>1532954719</CreateTime>
<MsgType><![CDATA[event]]></MsgType>
<Event><![CDATA[TEMPLATESENDJOBFINISH]]></Event>
<MsgID>391956840897970180</MsgID>
<Status><![CDATA[success]]></Status>
</xml>

2018-07-30 20:45:19 params :
------------
String:
array (
  'rule' => -2,
  'module' => '',
  'message' => 
  array (
    'tousername' => 'gh_2d8af677b35f',
    'fromusername' => 'oS2nE1LLgPDnr7k9tft3O30zkrFI',
    'createtime' => '1532954719',
    'msgtype' => 'event',
    'event' => 'TEMPLATESENDJOBFINISH',
    'msgid' => '391956840897970180',
    'status' => 'success',
    'from' => 'oS2nE1LLgPDnr7k9tft3O30zkrFI',
    'to' => 'gh_2d8af677b35f',
    'time' => '1532954719',
    'type' => 'event',
  ),
)

2018-07-30 20:45:19 response :
------------

2018-07-30 20:46:03 trace :
------------
String:
<xml><ToUserName><![CDATA[gh_2d8af677b35f]]></ToUserName>
<FromUserName><![CDATA[oS2nE1LLgPDnr7k9tft3O30zkrFI]]></FromUserName>
<CreateTime>1532954763</CreateTime>
<MsgType><![CDATA[event]]></MsgType>
<Event><![CDATA[TEMPLATESENDJOBFINISH]]></Event>
<MsgID>391957575068942338</MsgID>
<Status><![CDATA[success]]></Status>
</xml>

2018-07-30 20:46:03 params :
------------
String:
array (
  'rule' => -2,
  'module' => '',
  'message' => 
  array (
    'tousername' => 'gh_2d8af677b35f',
    'fromusername' => 'oS2nE1LLgPDnr7k9tft3O30zkrFI',
    'createtime' => '1532954763',
    'msgtype' => 'event',
    'event' => 'TEMPLATESENDJOBFINISH',
    'msgid' => '391957575068942338',
    'status' => 'success',
    'from' => 'oS2nE1LLgPDnr7k9tft3O30zkrFI',
    'to' => 'gh_2d8af677b35f',
    'time' => '1532954763',
    'type' => 'event',
  ),
)

2018-07-30 20:46:03 response :
------------

2018-07-30 20:48:18 trace :
------------
String:
<xml><ToUserName><![CDATA[gh_2d8af677b35f]]></ToUserName>
<FromUserName><![CDATA[oS2nE1NhNvNXOENEL98BaE42yJ5U]]></FromUserName>
<CreateTime>1532954897</CreateTime>
<MsgType><![CDATA[event]]></MsgType>
<Event><![CDATA[VIEW]]></Event>
<EventKey><![CDATA[http://paotui.scxysd.com/app/index.php?i=2&c=entry&ctrl=delivery&ac=home&op=index&do=mobile&m=we7_wmall]]></EventKey>
<MenuId>441516695</MenuId>
</xml>

2018-07-30 20:48:18 params :
------------
String:
array (
  'rule' => -2,
  'module' => '',
  'message' => 
  array (
    'tousername' => 'gh_2d8af677b35f',
    'fromusername' => 'oS2nE1NhNvNXOENEL98BaE42yJ5U',
    'createtime' => '1532954897',
    'msgtype' => 'event',
    'event' => 'VIEW',
    'eventkey' => 'http://paotui.scxysd.com/app/index.php?i=2&c=entry&ctrl=delivery&ac=home&op=index&do=mobile&m=we7_wmall',
    'menuid' => '441516695',
    'from' => 'oS2nE1NhNvNXOENEL98BaE42yJ5U',
    'to' => 'gh_2d8af677b35f',
    'time' => '1532954897',
    'type' => 'text',
    'content' => 'http://paotui.scxysd.com/app/index.php?i=2&c=entry&ctrl=delivery&ac=home&op=index&do=mobile&m=we7_wmall',
    'redirection' => true,
    'source' => 'VIEW',
  ),
)

2018-07-30 20:48:18 response :
------------

2018-07-30 20:49:09 trace :
------------
String:
<xml><ToUserName><![CDATA[gh_2d8af677b35f]]></ToUserName>
<FromUserName><![CDATA[oS2nE1NUfGmqL6fDdwv4Im5AMVAQ]]></FromUserName>
<CreateTime>1532954949</CreateTime>
<MsgType><![CDATA[event]]></MsgType>
<Event><![CDATA[VIEW]]></Event>
<EventKey><![CDATA[http://paotui.scxysd.com/app/index.php?i=2&c=entry&ctrl=delivery&ac=home&op=index&do=mobile&m=we7_wmall]]></EventKey>
<MenuId>441516695</MenuId>
</xml>

2018-07-30 20:49:09 params :
------------
String:
array (
  'rule' => -2,
  'module' => '',
  'message' => 
  array (
    'tousername' => 'gh_2d8af677b35f',
    'fromusername' => 'oS2nE1NUfGmqL6fDdwv4Im5AMVAQ',
    'createtime' => '1532954949',
    'msgtype' => 'event',
    'event' => 'VIEW',
    'eventkey' => 'http://paotui.scxysd.com/app/index.php?i=2&c=entry&ctrl=delivery&ac=home&op=index&do=mobile&m=we7_wmall',
    'menuid' => '441516695',
    'from' => 'oS2nE1NUfGmqL6fDdwv4Im5AMVAQ',
    'to' => 'gh_2d8af677b35f',
    'time' => '1532954949',
    'type' => 'text',
    'content' => 'http://paotui.scxysd.com/app/index.php?i=2&c=entry&ctrl=delivery&ac=home&op=index&do=mobile&m=we7_wmall',
    'redirection' => true,
    'source' => 'VIEW',
  ),
)

2018-07-30 20:49:09 response :
------------

2018-07-30 20:50:30 trace :
------------
String:
<xml><ToUserName><![CDATA[gh_2d8af677b35f]]></ToUserName>
<FromUserName><![CDATA[oS2nE1NUfGmqL6fDdwv4Im5AMVAQ]]></FromUserName>
<CreateTime>1532955029</CreateTime>
<MsgType><![CDATA[event]]></MsgType>
<Event><![CDATA[VIEW]]></Event>
<EventKey><![CDATA[http://paotui.scxysd.com/app/index.php?i=2&c=entry&ctrl=delivery&ac=home&op=index&do=mobile&m=we7_wmall]]></EventKey>
<MenuId>441516695</MenuId>
</xml>

2018-07-30 20:50:30 params :
------------
String:
array (
  'rule' => -2,
  'module' => '',
  'message' => 
  array (
    'tousername' => 'gh_2d8af677b35f',
    'fromusername' => 'oS2nE1NUfGmqL6fDdwv4Im5AMVAQ',
    'createtime' => '1532955029',
    'msgtype' => 'event',
    'event' => 'VIEW',
    'eventkey' => 'http://paotui.scxysd.com/app/index.php?i=2&c=entry&ctrl=delivery&ac=home&op=index&do=mobile&m=we7_wmall',
    'menuid' => '441516695',
    'from' => 'oS2nE1NUfGmqL6fDdwv4Im5AMVAQ',
    'to' => 'gh_2d8af677b35f',
    'time' => '1532955029',
    'type' => 'text',
    'content' => 'http://paotui.scxysd.com/app/index.php?i=2&c=entry&ctrl=delivery&ac=home&op=index&do=mobile&m=we7_wmall',
    'redirection' => true,
    'source' => 'VIEW',
  ),
)

2018-07-30 20:50:30 response :
------------

2018-07-30 20:50:45 trace :
------------
String:
<xml><ToUserName><![CDATA[gh_2d8af677b35f]]></ToUserName>
<FromUserName><![CDATA[oS2nE1NUfGmqL6fDdwv4Im5AMVAQ]]></FromUserName>
<CreateTime>1532955044</CreateTime>
<MsgType><![CDATA[event]]></MsgType>
<Event><![CDATA[VIEW]]></Event>
<EventKey><![CDATA[http://paotui.scxysd.com/app/index.php?i=2&c=entry&ctrl=delivery&ac=home&op=index&do=mobile&m=we7_wmall]]></EventKey>
<MenuId>441516695</MenuId>
</xml>

2018-07-30 20:50:45 params :
------------
String:
array (
  'rule' => -2,
  'module' => '',
  'message' => 
  array (
    'tousername' => 'gh_2d8af677b35f',
    'fromusername' => 'oS2nE1NUfGmqL6fDdwv4Im5AMVAQ',
    'createtime' => '1532955044',
    'msgtype' => 'event',
    'event' => 'VIEW',
    'eventkey' => 'http://paotui.scxysd.com/app/index.php?i=2&c=entry&ctrl=delivery&ac=home&op=index&do=mobile&m=we7_wmall',
    'menuid' => '441516695',
    'from' => 'oS2nE1NUfGmqL6fDdwv4Im5AMVAQ',
    'to' => 'gh_2d8af677b35f',
    'time' => '1532955044',
    'type' => 'text',
    'content' => 'http://paotui.scxysd.com/app/index.php?i=2&c=entry&ctrl=delivery&ac=home&op=index&do=mobile&m=we7_wmall',
    'redirection' => true,
    'source' => 'VIEW',
  ),
)

2018-07-30 20:50:45 response :
------------

2018-07-30 20:53:46 trace :
------------
String:
<xml><ToUserName><![CDATA[gh_2d8af677b35f]]></ToUserName>
<FromUserName><![CDATA[oS2nE1NUfGmqL6fDdwv4Im5AMVAQ]]></FromUserName>
<CreateTime>1532955226</CreateTime>
<MsgType><![CDATA[event]]></MsgType>
<Event><![CDATA[VIEW]]></Event>
<EventKey><![CDATA[http://paotui.scxysd.com/app/index.php?i=2&c=entry&ctrl=wmall&ac=home&op=guide&do=mobile&m=we7_wmall]]></EventKey>
<MenuId>441516695</MenuId>
</xml>

2018-07-30 20:53:46 params :
------------
String:
array (
  'rule' => -2,
  'module' => '',
  'message' => 
  array (
    'tousername' => 'gh_2d8af677b35f',
    'fromusername' => 'oS2nE1NUfGmqL6fDdwv4Im5AMVAQ',
    'createtime' => '1532955226',
    'msgtype' => 'event',
    'event' => 'VIEW',
    'eventkey' => 'http://paotui.scxysd.com/app/index.php?i=2&c=entry&ctrl=wmall&ac=home&op=guide&do=mobile&m=we7_wmall',
    'menuid' => '441516695',
    'from' => 'oS2nE1NUfGmqL6fDdwv4Im5AMVAQ',
    'to' => 'gh_2d8af677b35f',
    'time' => '1532955226',
    'type' => 'text',
    'content' => 'http://paotui.scxysd.com/app/index.php?i=2&c=entry&ctrl=wmall&ac=home&op=guide&do=mobile&m=we7_wmall',
    'redirection' => true,
    'source' => 'VIEW',
  ),
)

2018-07-30 20:53:46 response :
------------

2018-07-30 20:54:09 trace :
------------
String:
<xml><ToUserName><![CDATA[gh_2d8af677b35f]]></ToUserName>
<FromUserName><![CDATA[oS2nE1NUfGmqL6fDdwv4Im5AMVAQ]]></FromUserName>
<CreateTime>1532955248</CreateTime>
<MsgType><![CDATA[event]]></MsgType>
<Event><![CDATA[VIEW]]></Event>
<EventKey><![CDATA[http://paotui.scxysd.com/app/index.php?i=2&c=entry&ctrl=wmall&ac=home&op=guide&do=mobile&m=we7_wmall]]></EventKey>
<MenuId>441516695</MenuId>
</xml>

2018-07-30 20:54:09 params :
------------
String:
array (
  'rule' => -2,
  'module' => '',
  'message' => 
  array (
    'tousername' => 'gh_2d8af677b35f',
    'fromusername' => 'oS2nE1NUfGmqL6fDdwv4Im5AMVAQ',
    'createtime' => '1532955248',
    'msgtype' => 'event',
    'event' => 'VIEW',
    'eventkey' => 'http://paotui.scxysd.com/app/index.php?i=2&c=entry&ctrl=wmall&ac=home&op=guide&do=mobile&m=we7_wmall',
    'menuid' => '441516695',
    'from' => 'oS2nE1NUfGmqL6fDdwv4Im5AMVAQ',
    'to' => 'gh_2d8af677b35f',
    'time' => '1532955248',
    'type' => 'text',
    'content' => 'http://paotui.scxysd.com/app/index.php?i=2&c=entry&ctrl=wmall&ac=home&op=guide&do=mobile&m=we7_wmall',
    'redirection' => true,
    'source' => 'VIEW',
  ),
)

2018-07-30 20:54:09 response :
------------

2018-07-30 21:09:31 trace :
------------
String:
<xml><ToUserName><![CDATA[gh_2d8af677b35f]]></ToUserName>
<FromUserName><![CDATA[oS2nE1JbUkIZ4_U6mFfwFo2c55G4]]></FromUserName>
<CreateTime>1532956171</CreateTime>
<MsgType><![CDATA[event]]></MsgType>
<Event><![CDATA[subscribe]]></Event>
<EventKey><![CDATA[]]></EventKey>
</xml>

2018-07-30 21:09:31 params :
------------
String:
array (
  'rule' => -2,
  'module' => '',
  'message' => 
  array (
    'tousername' => 'gh_2d8af677b35f',
    'fromusername' => 'oS2nE1JbUkIZ4_U6mFfwFo2c55G4',
    'createtime' => '1532956171',
    'msgtype' => 'event',
    'event' => 'subscribe',
    'eventkey' => '',
    'from' => 'oS2nE1JbUkIZ4_U6mFfwFo2c55G4',
    'to' => 'gh_2d8af677b35f',
    'time' => '1532956171',
    'type' => 'text',
    'redirection' => true,
    'source' => 'subscribe',
  ),
)

2018-07-30 21:09:31 response :
------------

2018-07-30 22:39:38 trace :
------------
String:
<xml><ToUserName><![CDATA[gh_2d8af677b35f]]></ToUserName>
<FromUserName><![CDATA[oS2nE1NhNvNXOENEL98BaE42yJ5U]]></FromUserName>
<CreateTime>1532961578</CreateTime>
<MsgType><![CDATA[event]]></MsgType>
<Event><![CDATA[VIEW]]></Event>
<EventKey><![CDATA[http://paotui.scxysd.com/app/index.php?i=2&c=entry&ctrl=wmall&ac=home&op=guide&do=mobile&m=we7_wmall]]></EventKey>
<MenuId>441516695</MenuId>
</xml>

2018-07-30 22:39:38 params :
------------
String:
array (
  'rule' => -2,
  'module' => '',
  'message' => 
  array (
    'tousername' => 'gh_2d8af677b35f',
    'fromusername' => 'oS2nE1NhNvNXOENEL98BaE42yJ5U',
    'createtime' => '1532961578',
    'msgtype' => 'event',
    'event' => 'VIEW',
    'eventkey' => 'http://paotui.scxysd.com/app/index.php?i=2&c=entry&ctrl=wmall&ac=home&op=guide&do=mobile&m=we7_wmall',
    'menuid' => '441516695',
    'from' => 'oS2nE1NhNvNXOENEL98BaE42yJ5U',
    'to' => 'gh_2d8af677b35f',
    'time' => '1532961578',
    'type' => 'text',
    'content' => 'http://paotui.scxysd.com/app/index.php?i=2&c=entry&ctrl=wmall&ac=home&op=guide&do=mobile&m=we7_wmall',
    'redirection' => true,
    'source' => 'VIEW',
  ),
)

2018-07-30 22:39:38 response :
------------

2018-07-30 22:39:47 trace :
------------
String:
<xml><ToUserName><![CDATA[gh_2d8af677b35f]]></ToUserName>
<FromUserName><![CDATA[oS2nE1NhNvNXOENEL98BaE42yJ5U]]></FromUserName>
<CreateTime>1532961587</CreateTime>
<MsgType><![CDATA[event]]></MsgType>
<Event><![CDATA[VIEW]]></Event>
<EventKey><![CDATA[http://paotui.scxysd.com/app/index.php?i=2&c=entry&ctrl=delivery&ac=home&op=index&do=mobile&m=we7_wmall]]></EventKey>
<MenuId>441516695</MenuId>
</xml>

2018-07-30 22:39:47 params :
------------
String:
array (
  'rule' => -2,
  'module' => '',
  'message' => 
  array (
    'tousername' => 'gh_2d8af677b35f',
    'fromusername' => 'oS2nE1NhNvNXOENEL98BaE42yJ5U',
    'createtime' => '1532961587',
    'msgtype' => 'event',
    'event' => 'VIEW',
    'eventkey' => 'http://paotui.scxysd.com/app/index.php?i=2&c=entry&ctrl=delivery&ac=home&op=index&do=mobile&m=we7_wmall',
    'menuid' => '441516695',
    'from' => 'oS2nE1NhNvNXOENEL98BaE42yJ5U',
    'to' => 'gh_2d8af677b35f',
    'time' => '1532961587',
    'type' => 'text',
    'content' => 'http://paotui.scxysd.com/app/index.php?i=2&c=entry&ctrl=delivery&ac=home&op=index&do=mobile&m=we7_wmall',
    'redirection' => true,
    'source' => 'VIEW',
  ),
)

2018-07-30 22:39:47 response :
------------

2018-07-30 23:01:11 trace :
------------
String:
<xml><ToUserName><![CDATA[gh_2d8af677b35f]]></ToUserName>
<FromUserName><![CDATA[oS2nE1KCFkfPctO6COhQepCv3-8g]]></FromUserName>
<CreateTime>1532962871</CreateTime>
<MsgType><![CDATA[event]]></MsgType>
<Event><![CDATA[subscribe]]></Event>
<EventKey><![CDATA[]]></EventKey>
</xml>

2018-07-30 23:01:11 params :
------------
String:
array (
  'rule' => -2,
  'module' => '',
  'message' => 
  array (
    'tousername' => 'gh_2d8af677b35f',
    'fromusername' => 'oS2nE1KCFkfPctO6COhQepCv3-8g',
    'createtime' => '1532962871',
    'msgtype' => 'event',
    'event' => 'subscribe',
    'eventkey' => '',
    'from' => 'oS2nE1KCFkfPctO6COhQepCv3-8g',
    'to' => 'gh_2d8af677b35f',
    'time' => '1532962871',
    'type' => 'text',
    'redirection' => true,
    'source' => 'subscribe',
  ),
)

2018-07-30 23:01:11 response :
------------

2018-07-30 23:01:13 trace :
------------
String:
<xml><ToUserName><![CDATA[gh_2d8af677b35f]]></ToUserName>
<FromUserName><![CDATA[oS2nE1KCFkfPctO6COhQepCv3-8g]]></FromUserName>
<CreateTime>1532962873</CreateTime>
<MsgType><![CDATA[event]]></MsgType>
<Event><![CDATA[VIEW]]></Event>
<EventKey><![CDATA[http://paotui.scxysd.com/app/index.php?i=2&c=entry&ctrl=wmall&ac=home&op=guide&do=mobile&m=we7_wmall]]></EventKey>
<MenuId>441516695</MenuId>
</xml>

2018-07-30 23:01:13 params :
------------
String:
array (
  'rule' => -2,
  'module' => '',
  'message' => 
  array (
    'tousername' => 'gh_2d8af677b35f',
    'fromusername' => 'oS2nE1KCFkfPctO6COhQepCv3-8g',
    'createtime' => '1532962873',
    'msgtype' => 'event',
    'event' => 'VIEW',
    'eventkey' => 'http://paotui.scxysd.com/app/index.php?i=2&c=entry&ctrl=wmall&ac=home&op=guide&do=mobile&m=we7_wmall',
    'menuid' => '441516695',
    'from' => 'oS2nE1KCFkfPctO6COhQepCv3-8g',
    'to' => 'gh_2d8af677b35f',
    'time' => '1532962873',
    'type' => 'text',
    'content' => 'http://paotui.scxysd.com/app/index.php?i=2&c=entry&ctrl=wmall&ac=home&op=guide&do=mobile&m=we7_wmall',
    'redirection' => true,
    'source' => 'VIEW',
  ),
)

2018-07-30 23:01:13 response :
------------

2018-07-30 23:01:37 trace :
------------
String:
<xml><ToUserName><![CDATA[gh_2d8af677b35f]]></ToUserName>
<FromUserName><![CDATA[oS2nE1KCFkfPctO6COhQepCv3-8g]]></FromUserName>
<CreateTime>1532962897</CreateTime>
<MsgType><![CDATA[event]]></MsgType>
<Event><![CDATA[VIEW]]></Event>
<EventKey><![CDATA[http://paotui.scxysd.com/app/index.php?i=2&c=entry&ctrl=manage&ac=home&op=index&do=mobile&m=we7_wmall]]></EventKey>
<MenuId>441516695</MenuId>
</xml>

2018-07-30 23:01:37 params :
------------
String:
array (
  'rule' => -2,
  'module' => '',
  'message' => 
  array (
    'tousername' => 'gh_2d8af677b35f',
    'fromusername' => 'oS2nE1KCFkfPctO6COhQepCv3-8g',
    'createtime' => '1532962897',
    'msgtype' => 'event',
    'event' => 'VIEW',
    'eventkey' => 'http://paotui.scxysd.com/app/index.php?i=2&c=entry&ctrl=manage&ac=home&op=index&do=mobile&m=we7_wmall',
    'menuid' => '441516695',
    'from' => 'oS2nE1KCFkfPctO6COhQepCv3-8g',
    'to' => 'gh_2d8af677b35f',
    'time' => '1532962897',
    'type' => 'text',
    'content' => 'http://paotui.scxysd.com/app/index.php?i=2&c=entry&ctrl=manage&ac=home&op=index&do=mobile&m=we7_wmall',
    'redirection' => true,
    'source' => 'VIEW',
  ),
)

2018-07-30 23:01:37 response :
------------

