2018-08-05 10:38:57 trace :
------------
String:
<xml><ToUserName><![CDATA[gh_2d8af677b35f]]></ToUserName>
<FromUserName><![CDATA[oS2nE1EtFWVBBxIK52AikGvV7y7k]]></FromUserName>
<CreateTime>1533436737</CreateTime>
<MsgType><![CDATA[event]]></MsgType>
<Event><![CDATA[VIEW]]></Event>
<EventKey><![CDATA[http://paotui.scxysd.com/app/index.php?i=2&c=entry&ctrl=wmall&ac=home&op=guide&do=mobile&m=we7_wmall]]></EventKey>
<MenuId>441516695</MenuId>
</xml>

2018-08-05 10:38:57 params :
------------
String:
array (
  'rule' => -2,
  'module' => '',
  'message' => 
  array (
    'tousername' => 'gh_2d8af677b35f',
    'fromusername' => 'oS2nE1EtFWVBBxIK52AikGvV7y7k',
    'createtime' => '1533436737',
    'msgtype' => 'event',
    'event' => 'VIEW',
    'eventkey' => 'http://paotui.scxysd.com/app/index.php?i=2&c=entry&ctrl=wmall&ac=home&op=guide&do=mobile&m=we7_wmall',
    'menuid' => '441516695',
    'from' => 'oS2nE1EtFWVBBxIK52AikGvV7y7k',
    'to' => 'gh_2d8af677b35f',
    'time' => '1533436737',
    'type' => 'text',
    'content' => 'http://paotui.scxysd.com/app/index.php?i=2&c=entry&ctrl=wmall&ac=home&op=guide&do=mobile&m=we7_wmall',
    'redirection' => true,
    'source' => 'VIEW',
  ),
)

2018-08-05 10:38:57 response :
------------

2018-08-05 10:45:15 trace :
------------
String:
<xml><ToUserName><![CDATA[gh_2d8af677b35f]]></ToUserName>
<FromUserName><![CDATA[oS2nE1EtFWVBBxIK52AikGvV7y7k]]></FromUserName>
<CreateTime>1533437115</CreateTime>
<MsgType><![CDATA[event]]></MsgType>
<Event><![CDATA[VIEW]]></Event>
<EventKey><![CDATA[http://paotui.scxysd.com/app/index.php?i=2&c=entry&ctrl=wmall&ac=home&op=guide&do=mobile&m=we7_wmall]]></EventKey>
<MenuId>441516695</MenuId>
</xml>

2018-08-05 10:45:15 params :
------------
String:
array (
  'rule' => -2,
  'module' => '',
  'message' => 
  array (
    'tousername' => 'gh_2d8af677b35f',
    'fromusername' => 'oS2nE1EtFWVBBxIK52AikGvV7y7k',
    'createtime' => '1533437115',
    'msgtype' => 'event',
    'event' => 'VIEW',
    'eventkey' => 'http://paotui.scxysd.com/app/index.php?i=2&c=entry&ctrl=wmall&ac=home&op=guide&do=mobile&m=we7_wmall',
    'menuid' => '441516695',
    'from' => 'oS2nE1EtFWVBBxIK52AikGvV7y7k',
    'to' => 'gh_2d8af677b35f',
    'time' => '1533437115',
    'type' => 'text',
    'content' => 'http://paotui.scxysd.com/app/index.php?i=2&c=entry&ctrl=wmall&ac=home&op=guide&do=mobile&m=we7_wmall',
    'redirection' => true,
    'source' => 'VIEW',
  ),
)

2018-08-05 10:45:15 response :
------------

2018-08-05 12:30:16 trace :
------------
String:
<xml><ToUserName><![CDATA[gh_2d8af677b35f]]></ToUserName>
<FromUserName><![CDATA[oS2nE1EtFWVBBxIK52AikGvV7y7k]]></FromUserName>
<CreateTime>1533443415</CreateTime>
<MsgType><![CDATA[event]]></MsgType>
<Event><![CDATA[VIEW]]></Event>
<EventKey><![CDATA[http://paotui.scxysd.com/app/index.php?i=2&c=entry&ctrl=wmall&ac=home&op=guide&do=mobile&m=we7_wmall]]></EventKey>
<MenuId>441516695</MenuId>
</xml>

2018-08-05 12:30:16 params :
------------
String:
array (
  'rule' => -2,
  'module' => '',
  'message' => 
  array (
    'tousername' => 'gh_2d8af677b35f',
    'fromusername' => 'oS2nE1EtFWVBBxIK52AikGvV7y7k',
    'createtime' => '1533443415',
    'msgtype' => 'event',
    'event' => 'VIEW',
    'eventkey' => 'http://paotui.scxysd.com/app/index.php?i=2&c=entry&ctrl=wmall&ac=home&op=guide&do=mobile&m=we7_wmall',
    'menuid' => '441516695',
    'from' => 'oS2nE1EtFWVBBxIK52AikGvV7y7k',
    'to' => 'gh_2d8af677b35f',
    'time' => '1533443415',
    'type' => 'text',
    'content' => 'http://paotui.scxysd.com/app/index.php?i=2&c=entry&ctrl=wmall&ac=home&op=guide&do=mobile&m=we7_wmall',
    'redirection' => true,
    'source' => 'VIEW',
  ),
)

2018-08-05 12:30:16 response :
------------

2018-08-05 14:30:39 trace :
------------
String:
<xml><ToUserName><![CDATA[gh_2d8af677b35f]]></ToUserName>
<FromUserName><![CDATA[oS2nE1J1leDv-FtT-gcPTAF-wfmk]]></FromUserName>
<CreateTime>1533450639</CreateTime>
<MsgType><![CDATA[event]]></MsgType>
<Event><![CDATA[VIEW]]></Event>
<EventKey><![CDATA[http://paotui.scxysd.com/app/index.php?i=2&c=entry&ctrl=wmall&ac=home&op=guide&do=mobile&m=we7_wmall]]></EventKey>
<MenuId>441516695</MenuId>
</xml>

2018-08-05 14:30:39 params :
------------
String:
array (
  'rule' => -2,
  'module' => '',
  'message' => 
  array (
    'tousername' => 'gh_2d8af677b35f',
    'fromusername' => 'oS2nE1J1leDv-FtT-gcPTAF-wfmk',
    'createtime' => '1533450639',
    'msgtype' => 'event',
    'event' => 'VIEW',
    'eventkey' => 'http://paotui.scxysd.com/app/index.php?i=2&c=entry&ctrl=wmall&ac=home&op=guide&do=mobile&m=we7_wmall',
    'menuid' => '441516695',
    'from' => 'oS2nE1J1leDv-FtT-gcPTAF-wfmk',
    'to' => 'gh_2d8af677b35f',
    'time' => '1533450639',
    'type' => 'text',
    'content' => 'http://paotui.scxysd.com/app/index.php?i=2&c=entry&ctrl=wmall&ac=home&op=guide&do=mobile&m=we7_wmall',
    'redirection' => true,
    'source' => 'VIEW',
  ),
)

2018-08-05 14:30:39 response :
------------

2018-08-05 14:31:54 trace :
------------
String:
<xml><ToUserName><![CDATA[gh_2d8af677b35f]]></ToUserName>
<FromUserName><![CDATA[oS2nE1J1leDv-FtT-gcPTAF-wfmk]]></FromUserName>
<CreateTime>1533450714</CreateTime>
<MsgType><![CDATA[event]]></MsgType>
<Event><![CDATA[VIEW]]></Event>
<EventKey><![CDATA[http://paotui.scxysd.com/app/index.php?i=2&c=entry&ctrl=wmall&ac=home&op=guide&do=mobile&m=we7_wmall]]></EventKey>
<MenuId>441516695</MenuId>
</xml>

2018-08-05 14:31:54 params :
------------
String:
array (
  'rule' => -2,
  'module' => '',
  'message' => 
  array (
    'tousername' => 'gh_2d8af677b35f',
    'fromusername' => 'oS2nE1J1leDv-FtT-gcPTAF-wfmk',
    'createtime' => '1533450714',
    'msgtype' => 'event',
    'event' => 'VIEW',
    'eventkey' => 'http://paotui.scxysd.com/app/index.php?i=2&c=entry&ctrl=wmall&ac=home&op=guide&do=mobile&m=we7_wmall',
    'menuid' => '441516695',
    'from' => 'oS2nE1J1leDv-FtT-gcPTAF-wfmk',
    'to' => 'gh_2d8af677b35f',
    'time' => '1533450714',
    'type' => 'text',
    'content' => 'http://paotui.scxysd.com/app/index.php?i=2&c=entry&ctrl=wmall&ac=home&op=guide&do=mobile&m=we7_wmall',
    'redirection' => true,
    'source' => 'VIEW',
  ),
)

2018-08-05 14:31:54 response :
------------

2018-08-05 14:46:48 trace :
------------
String:
<xml><ToUserName><![CDATA[gh_2d8af677b35f]]></ToUserName>
<FromUserName><![CDATA[oS2nE1EtFWVBBxIK52AikGvV7y7k]]></FromUserName>
<CreateTime>1533451607</CreateTime>
<MsgType><![CDATA[event]]></MsgType>
<Event><![CDATA[VIEW]]></Event>
<EventKey><![CDATA[http://paotui.scxysd.com/app/index.php?i=2&c=entry&ctrl=wmall&ac=home&op=guide&do=mobile&m=we7_wmall]]></EventKey>
<MenuId>441516695</MenuId>
</xml>

2018-08-05 14:46:48 params :
------------
String:
array (
  'rule' => -2,
  'module' => '',
  'message' => 
  array (
    'tousername' => 'gh_2d8af677b35f',
    'fromusername' => 'oS2nE1EtFWVBBxIK52AikGvV7y7k',
    'createtime' => '1533451607',
    'msgtype' => 'event',
    'event' => 'VIEW',
    'eventkey' => 'http://paotui.scxysd.com/app/index.php?i=2&c=entry&ctrl=wmall&ac=home&op=guide&do=mobile&m=we7_wmall',
    'menuid' => '441516695',
    'from' => 'oS2nE1EtFWVBBxIK52AikGvV7y7k',
    'to' => 'gh_2d8af677b35f',
    'time' => '1533451607',
    'type' => 'text',
    'content' => 'http://paotui.scxysd.com/app/index.php?i=2&c=entry&ctrl=wmall&ac=home&op=guide&do=mobile&m=we7_wmall',
    'redirection' => true,
    'source' => 'VIEW',
  ),
)

2018-08-05 14:46:48 response :
------------

2018-08-05 21:28:48 trace :
------------
String:
<xml><ToUserName><![CDATA[gh_2d8af677b35f]]></ToUserName>
<FromUserName><![CDATA[oS2nE1EtFWVBBxIK52AikGvV7y7k]]></FromUserName>
<CreateTime>1533475727</CreateTime>
<MsgType><![CDATA[event]]></MsgType>
<Event><![CDATA[VIEW]]></Event>
<EventKey><![CDATA[http://paotui.scxysd.com/app/index.php?i=2&c=entry&ctrl=wmall&ac=home&op=guide&do=mobile&m=we7_wmall]]></EventKey>
<MenuId>441516695</MenuId>
</xml>

2018-08-05 21:28:48 params :
------------
String:
array (
  'rule' => -2,
  'module' => '',
  'message' => 
  array (
    'tousername' => 'gh_2d8af677b35f',
    'fromusername' => 'oS2nE1EtFWVBBxIK52AikGvV7y7k',
    'createtime' => '1533475727',
    'msgtype' => 'event',
    'event' => 'VIEW',
    'eventkey' => 'http://paotui.scxysd.com/app/index.php?i=2&c=entry&ctrl=wmall&ac=home&op=guide&do=mobile&m=we7_wmall',
    'menuid' => '441516695',
    'from' => 'oS2nE1EtFWVBBxIK52AikGvV7y7k',
    'to' => 'gh_2d8af677b35f',
    'time' => '1533475727',
    'type' => 'text',
    'content' => 'http://paotui.scxysd.com/app/index.php?i=2&c=entry&ctrl=wmall&ac=home&op=guide&do=mobile&m=we7_wmall',
    'redirection' => true,
    'source' => 'VIEW',
  ),
)

2018-08-05 21:28:48 response :
------------

2018-08-05 21:49:24 trace :
------------
String:
<xml><ToUserName><![CDATA[gh_2d8af677b35f]]></ToUserName>
<FromUserName><![CDATA[oS2nE1KQ9VDK-pEmIJ6yO8loB4O0]]></FromUserName>
<CreateTime>1533476963</CreateTime>
<MsgType><![CDATA[event]]></MsgType>
<Event><![CDATA[VIEW]]></Event>
<EventKey><![CDATA[http://paotui.scxysd.com/app/index.php?i=2&c=entry&ctrl=wmall&ac=home&op=guide&do=mobile&m=we7_wmall]]></EventKey>
<MenuId>441516695</MenuId>
</xml>

2018-08-05 21:49:24 params :
------------
String:
array (
  'rule' => -2,
  'module' => '',
  'message' => 
  array (
    'tousername' => 'gh_2d8af677b35f',
    'fromusername' => 'oS2nE1KQ9VDK-pEmIJ6yO8loB4O0',
    'createtime' => '1533476963',
    'msgtype' => 'event',
    'event' => 'VIEW',
    'eventkey' => 'http://paotui.scxysd.com/app/index.php?i=2&c=entry&ctrl=wmall&ac=home&op=guide&do=mobile&m=we7_wmall',
    'menuid' => '441516695',
    'from' => 'oS2nE1KQ9VDK-pEmIJ6yO8loB4O0',
    'to' => 'gh_2d8af677b35f',
    'time' => '1533476963',
    'type' => 'text',
    'content' => 'http://paotui.scxysd.com/app/index.php?i=2&c=entry&ctrl=wmall&ac=home&op=guide&do=mobile&m=we7_wmall',
    'redirection' => true,
    'source' => 'VIEW',
  ),
)

2018-08-05 21:49:24 response :
------------

2018-08-05 21:50:04 trace :
------------
String:
<xml><ToUserName><![CDATA[gh_2d8af677b35f]]></ToUserName>
<FromUserName><![CDATA[oS2nE1KQ9VDK-pEmIJ6yO8loB4O0]]></FromUserName>
<CreateTime>1533477003</CreateTime>
<MsgType><![CDATA[event]]></MsgType>
<Event><![CDATA[VIEW]]></Event>
<EventKey><![CDATA[http://paotui.scxysd.com/app/index.php?i=2&c=entry&ctrl=wmall&ac=home&op=guide&do=mobile&m=we7_wmall]]></EventKey>
<MenuId>441516695</MenuId>
</xml>

2018-08-05 21:50:04 params :
------------
String:
array (
  'rule' => -2,
  'module' => '',
  'message' => 
  array (
    'tousername' => 'gh_2d8af677b35f',
    'fromusername' => 'oS2nE1KQ9VDK-pEmIJ6yO8loB4O0',
    'createtime' => '1533477003',
    'msgtype' => 'event',
    'event' => 'VIEW',
    'eventkey' => 'http://paotui.scxysd.com/app/index.php?i=2&c=entry&ctrl=wmall&ac=home&op=guide&do=mobile&m=we7_wmall',
    'menuid' => '441516695',
    'from' => 'oS2nE1KQ9VDK-pEmIJ6yO8loB4O0',
    'to' => 'gh_2d8af677b35f',
    'time' => '1533477003',
    'type' => 'text',
    'content' => 'http://paotui.scxysd.com/app/index.php?i=2&c=entry&ctrl=wmall&ac=home&op=guide&do=mobile&m=we7_wmall',
    'redirection' => true,
    'source' => 'VIEW',
  ),
)

2018-08-05 21:50:04 response :
------------

2018-08-05 21:54:28 trace :
------------
String:
<xml><ToUserName><![CDATA[gh_2d8af677b35f]]></ToUserName>
<FromUserName><![CDATA[oS2nE1KQ9VDK-pEmIJ6yO8loB4O0]]></FromUserName>
<CreateTime>1533477267</CreateTime>
<MsgType><![CDATA[event]]></MsgType>
<Event><![CDATA[VIEW]]></Event>
<EventKey><![CDATA[http://paotui.scxysd.com/app/index.php?i=2&c=entry&ctrl=wmall&ac=home&op=guide&do=mobile&m=we7_wmall]]></EventKey>
<MenuId>441516695</MenuId>
</xml>

2018-08-05 21:54:28 params :
------------
String:
array (
  'rule' => -2,
  'module' => '',
  'message' => 
  array (
    'tousername' => 'gh_2d8af677b35f',
    'fromusername' => 'oS2nE1KQ9VDK-pEmIJ6yO8loB4O0',
    'createtime' => '1533477267',
    'msgtype' => 'event',
    'event' => 'VIEW',
    'eventkey' => 'http://paotui.scxysd.com/app/index.php?i=2&c=entry&ctrl=wmall&ac=home&op=guide&do=mobile&m=we7_wmall',
    'menuid' => '441516695',
    'from' => 'oS2nE1KQ9VDK-pEmIJ6yO8loB4O0',
    'to' => 'gh_2d8af677b35f',
    'time' => '1533477267',
    'type' => 'text',
    'content' => 'http://paotui.scxysd.com/app/index.php?i=2&c=entry&ctrl=wmall&ac=home&op=guide&do=mobile&m=we7_wmall',
    'redirection' => true,
    'source' => 'VIEW',
  ),
)

2018-08-05 21:54:28 response :
------------

2018-08-05 21:54:56 trace :
------------
String:
<xml><ToUserName><![CDATA[gh_2d8af677b35f]]></ToUserName>
<FromUserName><![CDATA[oS2nE1KQ9VDK-pEmIJ6yO8loB4O0]]></FromUserName>
<CreateTime>1533477296</CreateTime>
<MsgType><![CDATA[event]]></MsgType>
<Event><![CDATA[VIEW]]></Event>
<EventKey><![CDATA[http://paotui.scxysd.com/app/index.php?i=2&c=entry&ctrl=wmall&ac=home&op=guide&do=mobile&m=we7_wmall]]></EventKey>
<MenuId>441516695</MenuId>
</xml>

2018-08-05 21:54:56 params :
------------
String:
array (
  'rule' => -2,
  'module' => '',
  'message' => 
  array (
    'tousername' => 'gh_2d8af677b35f',
    'fromusername' => 'oS2nE1KQ9VDK-pEmIJ6yO8loB4O0',
    'createtime' => '1533477296',
    'msgtype' => 'event',
    'event' => 'VIEW',
    'eventkey' => 'http://paotui.scxysd.com/app/index.php?i=2&c=entry&ctrl=wmall&ac=home&op=guide&do=mobile&m=we7_wmall',
    'menuid' => '441516695',
    'from' => 'oS2nE1KQ9VDK-pEmIJ6yO8loB4O0',
    'to' => 'gh_2d8af677b35f',
    'time' => '1533477296',
    'type' => 'text',
    'content' => 'http://paotui.scxysd.com/app/index.php?i=2&c=entry&ctrl=wmall&ac=home&op=guide&do=mobile&m=we7_wmall',
    'redirection' => true,
    'source' => 'VIEW',
  ),
)

2018-08-05 21:54:56 response :
------------

2018-08-05 21:55:29 trace :
------------
String:
<xml><ToUserName><![CDATA[gh_2d8af677b35f]]></ToUserName>
<FromUserName><![CDATA[oS2nE1KQ9VDK-pEmIJ6yO8loB4O0]]></FromUserName>
<CreateTime>1533477328</CreateTime>
<MsgType><![CDATA[event]]></MsgType>
<Event><![CDATA[VIEW]]></Event>
<EventKey><![CDATA[http://paotui.scxysd.com/app/index.php?i=2&c=entry&ctrl=wmall&ac=home&op=guide&do=mobile&m=we7_wmall]]></EventKey>
<MenuId>441516695</MenuId>
</xml>

2018-08-05 21:55:29 params :
------------
String:
array (
  'rule' => -2,
  'module' => '',
  'message' => 
  array (
    'tousername' => 'gh_2d8af677b35f',
    'fromusername' => 'oS2nE1KQ9VDK-pEmIJ6yO8loB4O0',
    'createtime' => '1533477328',
    'msgtype' => 'event',
    'event' => 'VIEW',
    'eventkey' => 'http://paotui.scxysd.com/app/index.php?i=2&c=entry&ctrl=wmall&ac=home&op=guide&do=mobile&m=we7_wmall',
    'menuid' => '441516695',
    'from' => 'oS2nE1KQ9VDK-pEmIJ6yO8loB4O0',
    'to' => 'gh_2d8af677b35f',
    'time' => '1533477328',
    'type' => 'text',
    'content' => 'http://paotui.scxysd.com/app/index.php?i=2&c=entry&ctrl=wmall&ac=home&op=guide&do=mobile&m=we7_wmall',
    'redirection' => true,
    'source' => 'VIEW',
  ),
)

2018-08-05 21:55:29 response :
------------

2018-08-05 21:56:29 trace :
------------
String:
<xml><ToUserName><![CDATA[gh_2d8af677b35f]]></ToUserName>
<FromUserName><![CDATA[oS2nE1KQ9VDK-pEmIJ6yO8loB4O0]]></FromUserName>
<CreateTime>1533477389</CreateTime>
<MsgType><![CDATA[event]]></MsgType>
<Event><![CDATA[VIEW]]></Event>
<EventKey><![CDATA[http://paotui.scxysd.com/app/index.php?i=2&c=entry&ctrl=wmall&ac=home&op=guide&do=mobile&m=we7_wmall]]></EventKey>
<MenuId>441516695</MenuId>
</xml>

2018-08-05 21:56:29 params :
------------
String:
array (
  'rule' => -2,
  'module' => '',
  'message' => 
  array (
    'tousername' => 'gh_2d8af677b35f',
    'fromusername' => 'oS2nE1KQ9VDK-pEmIJ6yO8loB4O0',
    'createtime' => '1533477389',
    'msgtype' => 'event',
    'event' => 'VIEW',
    'eventkey' => 'http://paotui.scxysd.com/app/index.php?i=2&c=entry&ctrl=wmall&ac=home&op=guide&do=mobile&m=we7_wmall',
    'menuid' => '441516695',
    'from' => 'oS2nE1KQ9VDK-pEmIJ6yO8loB4O0',
    'to' => 'gh_2d8af677b35f',
    'time' => '1533477389',
    'type' => 'text',
    'content' => 'http://paotui.scxysd.com/app/index.php?i=2&c=entry&ctrl=wmall&ac=home&op=guide&do=mobile&m=we7_wmall',
    'redirection' => true,
    'source' => 'VIEW',
  ),
)

2018-08-05 21:56:29 response :
------------

2018-08-05 21:57:10 trace :
------------
String:
<xml><ToUserName><![CDATA[gh_2d8af677b35f]]></ToUserName>
<FromUserName><![CDATA[oS2nE1KQ9VDK-pEmIJ6yO8loB4O0]]></FromUserName>
<CreateTime>1533477430</CreateTime>
<MsgType><![CDATA[event]]></MsgType>
<Event><![CDATA[VIEW]]></Event>
<EventKey><![CDATA[http://paotui.scxysd.com/app/index.php?i=2&c=entry&ctrl=wmall&ac=home&op=guide&do=mobile&m=we7_wmall]]></EventKey>
<MenuId>441516695</MenuId>
</xml>

2018-08-05 21:57:10 params :
------------
String:
array (
  'rule' => -2,
  'module' => '',
  'message' => 
  array (
    'tousername' => 'gh_2d8af677b35f',
    'fromusername' => 'oS2nE1KQ9VDK-pEmIJ6yO8loB4O0',
    'createtime' => '1533477430',
    'msgtype' => 'event',
    'event' => 'VIEW',
    'eventkey' => 'http://paotui.scxysd.com/app/index.php?i=2&c=entry&ctrl=wmall&ac=home&op=guide&do=mobile&m=we7_wmall',
    'menuid' => '441516695',
    'from' => 'oS2nE1KQ9VDK-pEmIJ6yO8loB4O0',
    'to' => 'gh_2d8af677b35f',
    'time' => '1533477430',
    'type' => 'text',
    'content' => 'http://paotui.scxysd.com/app/index.php?i=2&c=entry&ctrl=wmall&ac=home&op=guide&do=mobile&m=we7_wmall',
    'redirection' => true,
    'source' => 'VIEW',
  ),
)

2018-08-05 21:57:10 response :
------------

2018-08-05 21:57:23 trace :
------------
String:
<xml><ToUserName><![CDATA[gh_2d8af677b35f]]></ToUserName>
<FromUserName><![CDATA[oS2nE1Abporo_6LHZwNhzOr1Mo7k]]></FromUserName>
<CreateTime>1533477443</CreateTime>
<MsgType><![CDATA[event]]></MsgType>
<Event><![CDATA[subscribe]]></Event>
<EventKey><![CDATA[]]></EventKey>
</xml>

2018-08-05 21:57:23 params :
------------
String:
array (
  'rule' => -2,
  'module' => '',
  'message' => 
  array (
    'tousername' => 'gh_2d8af677b35f',
    'fromusername' => 'oS2nE1Abporo_6LHZwNhzOr1Mo7k',
    'createtime' => '1533477443',
    'msgtype' => 'event',
    'event' => 'subscribe',
    'eventkey' => '',
    'from' => 'oS2nE1Abporo_6LHZwNhzOr1Mo7k',
    'to' => 'gh_2d8af677b35f',
    'time' => '1533477443',
    'type' => 'text',
    'redirection' => true,
    'source' => 'subscribe',
  ),
)

2018-08-05 21:57:23 response :
------------

2018-08-05 21:58:10 trace :
------------
String:
<xml><ToUserName><![CDATA[gh_2d8af677b35f]]></ToUserName>
<FromUserName><![CDATA[oS2nE1Abporo_6LHZwNhzOr1Mo7k]]></FromUserName>
<CreateTime>1533477490</CreateTime>
<MsgType><![CDATA[event]]></MsgType>
<Event><![CDATA[VIEW]]></Event>
<EventKey><![CDATA[http://paotui.scxysd.com/app/index.php?i=2&c=entry&ctrl=wmall&ac=home&op=guide&do=mobile&m=we7_wmall]]></EventKey>
<MenuId>441516695</MenuId>
</xml>

2018-08-05 21:58:10 params :
------------
String:
array (
  'rule' => -2,
  'module' => '',
  'message' => 
  array (
    'tousername' => 'gh_2d8af677b35f',
    'fromusername' => 'oS2nE1Abporo_6LHZwNhzOr1Mo7k',
    'createtime' => '1533477490',
    'msgtype' => 'event',
    'event' => 'VIEW',
    'eventkey' => 'http://paotui.scxysd.com/app/index.php?i=2&c=entry&ctrl=wmall&ac=home&op=guide&do=mobile&m=we7_wmall',
    'menuid' => '441516695',
    'from' => 'oS2nE1Abporo_6LHZwNhzOr1Mo7k',
    'to' => 'gh_2d8af677b35f',
    'time' => '1533477490',
    'type' => 'text',
    'content' => 'http://paotui.scxysd.com/app/index.php?i=2&c=entry&ctrl=wmall&ac=home&op=guide&do=mobile&m=we7_wmall',
    'redirection' => true,
    'source' => 'VIEW',
  ),
)

2018-08-05 21:58:10 response :
------------

2018-08-05 21:58:16 trace :
------------
String:
<xml><ToUserName><![CDATA[gh_2d8af677b35f]]></ToUserName>
<FromUserName><![CDATA[oS2nE1Abporo_6LHZwNhzOr1Mo7k]]></FromUserName>
<CreateTime>1533477496</CreateTime>
<MsgType><![CDATA[event]]></MsgType>
<Event><![CDATA[VIEW]]></Event>
<EventKey><![CDATA[http://paotui.scxysd.com/app/index.php?i=2&c=entry&ctrl=wmall&ac=home&op=guide&do=mobile&m=we7_wmall]]></EventKey>
<MenuId>441516695</MenuId>
</xml>

2018-08-05 21:58:16 params :
------------
String:
array (
  'rule' => -2,
  'module' => '',
  'message' => 
  array (
    'tousername' => 'gh_2d8af677b35f',
    'fromusername' => 'oS2nE1Abporo_6LHZwNhzOr1Mo7k',
    'createtime' => '1533477496',
    'msgtype' => 'event',
    'event' => 'VIEW',
    'eventkey' => 'http://paotui.scxysd.com/app/index.php?i=2&c=entry&ctrl=wmall&ac=home&op=guide&do=mobile&m=we7_wmall',
    'menuid' => '441516695',
    'from' => 'oS2nE1Abporo_6LHZwNhzOr1Mo7k',
    'to' => 'gh_2d8af677b35f',
    'time' => '1533477496',
    'type' => 'text',
    'content' => 'http://paotui.scxysd.com/app/index.php?i=2&c=entry&ctrl=wmall&ac=home&op=guide&do=mobile&m=we7_wmall',
    'redirection' => true,
    'source' => 'VIEW',
  ),
)

2018-08-05 21:58:16 response :
------------

2018-08-05 23:23:36 trace :
------------
String:
<xml><ToUserName><![CDATA[gh_2d8af677b35f]]></ToUserName>
<FromUserName><![CDATA[oS2nE1KQ9VDK-pEmIJ6yO8loB4O0]]></FromUserName>
<CreateTime>1533482616</CreateTime>
<MsgType><![CDATA[event]]></MsgType>
<Event><![CDATA[VIEW]]></Event>
<EventKey><![CDATA[http://paotui.scxysd.com/app/index.php?i=2&c=entry&ctrl=wmall&ac=home&op=guide&do=mobile&m=we7_wmall]]></EventKey>
<MenuId>441516695</MenuId>
</xml>

2018-08-05 23:23:36 params :
------------
String:
array (
  'rule' => -2,
  'module' => '',
  'message' => 
  array (
    'tousername' => 'gh_2d8af677b35f',
    'fromusername' => 'oS2nE1KQ9VDK-pEmIJ6yO8loB4O0',
    'createtime' => '1533482616',
    'msgtype' => 'event',
    'event' => 'VIEW',
    'eventkey' => 'http://paotui.scxysd.com/app/index.php?i=2&c=entry&ctrl=wmall&ac=home&op=guide&do=mobile&m=we7_wmall',
    'menuid' => '441516695',
    'from' => 'oS2nE1KQ9VDK-pEmIJ6yO8loB4O0',
    'to' => 'gh_2d8af677b35f',
    'time' => '1533482616',
    'type' => 'text',
    'content' => 'http://paotui.scxysd.com/app/index.php?i=2&c=entry&ctrl=wmall&ac=home&op=guide&do=mobile&m=we7_wmall',
    'redirection' => true,
    'source' => 'VIEW',
  ),
)

2018-08-05 23:23:36 response :
------------

2018-08-05 23:26:02 trace :
------------
String:
<xml><ToUserName><![CDATA[gh_2d8af677b35f]]></ToUserName>
<FromUserName><![CDATA[oS2nE1KQ9VDK-pEmIJ6yO8loB4O0]]></FromUserName>
<CreateTime>1533482762</CreateTime>
<MsgType><![CDATA[event]]></MsgType>
<Event><![CDATA[VIEW]]></Event>
<EventKey><![CDATA[http://paotui.scxysd.com/app/index.php?i=2&c=entry&ctrl=manage&ac=home&op=index&do=mobile&m=we7_wmall]]></EventKey>
<MenuId>441516695</MenuId>
</xml>

2018-08-05 23:26:02 params :
------------
String:
array (
  'rule' => -2,
  'module' => '',
  'message' => 
  array (
    'tousername' => 'gh_2d8af677b35f',
    'fromusername' => 'oS2nE1KQ9VDK-pEmIJ6yO8loB4O0',
    'createtime' => '1533482762',
    'msgtype' => 'event',
    'event' => 'VIEW',
    'eventkey' => 'http://paotui.scxysd.com/app/index.php?i=2&c=entry&ctrl=manage&ac=home&op=index&do=mobile&m=we7_wmall',
    'menuid' => '441516695',
    'from' => 'oS2nE1KQ9VDK-pEmIJ6yO8loB4O0',
    'to' => 'gh_2d8af677b35f',
    'time' => '1533482762',
    'type' => 'text',
    'content' => 'http://paotui.scxysd.com/app/index.php?i=2&c=entry&ctrl=manage&ac=home&op=index&do=mobile&m=we7_wmall',
    'redirection' => true,
    'source' => 'VIEW',
  ),
)

2018-08-05 23:26:02 response :
------------

2018-08-05 23:26:11 trace :
------------
String:
<xml><ToUserName><![CDATA[gh_2d8af677b35f]]></ToUserName>
<FromUserName><![CDATA[oS2nE1KQ9VDK-pEmIJ6yO8loB4O0]]></FromUserName>
<CreateTime>1533482771</CreateTime>
<MsgType><![CDATA[event]]></MsgType>
<Event><![CDATA[VIEW]]></Event>
<EventKey><![CDATA[http://paotui.scxysd.com/app/index.php?i=2&c=entry&ctrl=delivery&ac=home&op=index&do=mobile&m=we7_wmall]]></EventKey>
<MenuId>441516695</MenuId>
</xml>

2018-08-05 23:26:11 params :
------------
String:
array (
  'rule' => -2,
  'module' => '',
  'message' => 
  array (
    'tousername' => 'gh_2d8af677b35f',
    'fromusername' => 'oS2nE1KQ9VDK-pEmIJ6yO8loB4O0',
    'createtime' => '1533482771',
    'msgtype' => 'event',
    'event' => 'VIEW',
    'eventkey' => 'http://paotui.scxysd.com/app/index.php?i=2&c=entry&ctrl=delivery&ac=home&op=index&do=mobile&m=we7_wmall',
    'menuid' => '441516695',
    'from' => 'oS2nE1KQ9VDK-pEmIJ6yO8loB4O0',
    'to' => 'gh_2d8af677b35f',
    'time' => '1533482771',
    'type' => 'text',
    'content' => 'http://paotui.scxysd.com/app/index.php?i=2&c=entry&ctrl=delivery&ac=home&op=index&do=mobile&m=we7_wmall',
    'redirection' => true,
    'source' => 'VIEW',
  ),
)

2018-08-05 23:26:11 response :
------------

2018-08-05 23:26:27 trace :
------------
String:
<xml><ToUserName><![CDATA[gh_2d8af677b35f]]></ToUserName>
<FromUserName><![CDATA[oS2nE1KQ9VDK-pEmIJ6yO8loB4O0]]></FromUserName>
<CreateTime>1533482787</CreateTime>
<MsgType><![CDATA[text]]></MsgType>
<Content><![CDATA[有哪些]]></Content>
<MsgId>6586258419585657890</MsgId>
</xml>

2018-08-05 23:26:27 params :
------------
String:
array (
  'rule' => -2,
  'module' => '',
  'message' => 
  array (
    'tousername' => 'gh_2d8af677b35f',
    'fromusername' => 'oS2nE1KQ9VDK-pEmIJ6yO8loB4O0',
    'createtime' => '1533482787',
    'msgtype' => 'text',
    'content' => '有哪些',
    'msgid' => '6586258419585657890',
    'from' => 'oS2nE1KQ9VDK-pEmIJ6yO8loB4O0',
    'to' => 'gh_2d8af677b35f',
    'time' => '1533482787',
    'type' => 'text',
    'event' => NULL,
    'redirection' => false,
    'source' => NULL,
  ),
)

2018-08-05 23:26:27 response :
------------

2018-08-05 23:29:15 trace :
------------
String:
<xml><ToUserName><![CDATA[gh_2d8af677b35f]]></ToUserName>
<FromUserName><![CDATA[oS2nE1KQ9VDK-pEmIJ6yO8loB4O0]]></FromUserName>
<CreateTime>1533482955</CreateTime>
<MsgType><![CDATA[event]]></MsgType>
<Event><![CDATA[VIEW]]></Event>
<EventKey><![CDATA[http://paotui.scxysd.com/app/index.php?i=2&c=entry&ctrl=wmall&ac=home&op=guide&do=mobile&m=we7_wmall]]></EventKey>
<MenuId>441516695</MenuId>
</xml>

2018-08-05 23:29:15 params :
------------
String:
array (
  'rule' => -2,
  'module' => '',
  'message' => 
  array (
    'tousername' => 'gh_2d8af677b35f',
    'fromusername' => 'oS2nE1KQ9VDK-pEmIJ6yO8loB4O0',
    'createtime' => '1533482955',
    'msgtype' => 'event',
    'event' => 'VIEW',
    'eventkey' => 'http://paotui.scxysd.com/app/index.php?i=2&c=entry&ctrl=wmall&ac=home&op=guide&do=mobile&m=we7_wmall',
    'menuid' => '441516695',
    'from' => 'oS2nE1KQ9VDK-pEmIJ6yO8loB4O0',
    'to' => 'gh_2d8af677b35f',
    'time' => '1533482955',
    'type' => 'text',
    'content' => 'http://paotui.scxysd.com/app/index.php?i=2&c=entry&ctrl=wmall&ac=home&op=guide&do=mobile&m=we7_wmall',
    'redirection' => true,
    'source' => 'VIEW',
  ),
)

2018-08-05 23:29:15 response :
------------

