2018-08-04 10:46:36 trace :
------------
String:
<xml><ToUserName><![CDATA[gh_2d8af677b35f]]></ToUserName>
<FromUserName><![CDATA[oS2nE1DBRS6zjqXYuhCavTFFahwM]]></FromUserName>
<CreateTime>1533350795</CreateTime>
<MsgType><![CDATA[event]]></MsgType>
<Event><![CDATA[VIEW]]></Event>
<EventKey><![CDATA[http://paotui.scxysd.com/app/index.php?i=2&c=entry&ctrl=wmall&ac=home&op=guide&do=mobile&m=we7_wmall]]></EventKey>
<MenuId>441516695</MenuId>
</xml>

2018-08-04 10:46:36 params :
------------
String:
array (
  'rule' => -2,
  'module' => '',
  'message' => 
  array (
    'tousername' => 'gh_2d8af677b35f',
    'fromusername' => 'oS2nE1DBRS6zjqXYuhCavTFFahwM',
    'createtime' => '1533350795',
    'msgtype' => 'event',
    'event' => 'VIEW',
    'eventkey' => 'http://paotui.scxysd.com/app/index.php?i=2&c=entry&ctrl=wmall&ac=home&op=guide&do=mobile&m=we7_wmall',
    'menuid' => '441516695',
    'from' => 'oS2nE1DBRS6zjqXYuhCavTFFahwM',
    'to' => 'gh_2d8af677b35f',
    'time' => '1533350795',
    'type' => 'text',
    'content' => 'http://paotui.scxysd.com/app/index.php?i=2&c=entry&ctrl=wmall&ac=home&op=guide&do=mobile&m=we7_wmall',
    'redirection' => true,
    'source' => 'VIEW',
  ),
)

2018-08-04 10:46:36 response :
------------

2018-08-04 11:08:11 trace :
------------
String:
<xml><ToUserName><![CDATA[gh_2d8af677b35f]]></ToUserName>
<FromUserName><![CDATA[oS2nE1CGJPJKvOOV-2axeilQtmms]]></FromUserName>
<CreateTime>1533352091</CreateTime>
<MsgType><![CDATA[event]]></MsgType>
<Event><![CDATA[VIEW]]></Event>
<EventKey><![CDATA[http://paotui.scxysd.com/app/index.php?i=2&c=entry&ctrl=wmall&ac=home&op=guide&do=mobile&m=we7_wmall]]></EventKey>
<MenuId>441516695</MenuId>
</xml>

2018-08-04 11:08:11 params :
------------
String:
array (
  'rule' => -2,
  'module' => '',
  'message' => 
  array (
    'tousername' => 'gh_2d8af677b35f',
    'fromusername' => 'oS2nE1CGJPJKvOOV-2axeilQtmms',
    'createtime' => '1533352091',
    'msgtype' => 'event',
    'event' => 'VIEW',
    'eventkey' => 'http://paotui.scxysd.com/app/index.php?i=2&c=entry&ctrl=wmall&ac=home&op=guide&do=mobile&m=we7_wmall',
    'menuid' => '441516695',
    'from' => 'oS2nE1CGJPJKvOOV-2axeilQtmms',
    'to' => 'gh_2d8af677b35f',
    'time' => '1533352091',
    'type' => 'text',
    'content' => 'http://paotui.scxysd.com/app/index.php?i=2&c=entry&ctrl=wmall&ac=home&op=guide&do=mobile&m=we7_wmall',
    'redirection' => true,
    'source' => 'VIEW',
  ),
)

2018-08-04 11:08:11 response :
------------

2018-08-04 11:35:03 trace :
------------
String:
<xml><ToUserName><![CDATA[gh_2d8af677b35f]]></ToUserName>
<FromUserName><![CDATA[oS2nE1DWcs00hm7eLaigMw5eniWQ]]></FromUserName>
<CreateTime>1533353703</CreateTime>
<MsgType><![CDATA[event]]></MsgType>
<Event><![CDATA[VIEW]]></Event>
<EventKey><![CDATA[http://paotui.scxysd.com/app/index.php?i=2&c=entry&ctrl=wmall&ac=home&op=guide&do=mobile&m=we7_wmall]]></EventKey>
<MenuId>441516695</MenuId>
</xml>

2018-08-04 11:35:03 params :
------------
String:
array (
  'rule' => -2,
  'module' => '',
  'message' => 
  array (
    'tousername' => 'gh_2d8af677b35f',
    'fromusername' => 'oS2nE1DWcs00hm7eLaigMw5eniWQ',
    'createtime' => '1533353703',
    'msgtype' => 'event',
    'event' => 'VIEW',
    'eventkey' => 'http://paotui.scxysd.com/app/index.php?i=2&c=entry&ctrl=wmall&ac=home&op=guide&do=mobile&m=we7_wmall',
    'menuid' => '441516695',
    'from' => 'oS2nE1DWcs00hm7eLaigMw5eniWQ',
    'to' => 'gh_2d8af677b35f',
    'time' => '1533353703',
    'type' => 'text',
    'content' => 'http://paotui.scxysd.com/app/index.php?i=2&c=entry&ctrl=wmall&ac=home&op=guide&do=mobile&m=we7_wmall',
    'redirection' => true,
    'source' => 'VIEW',
  ),
)

2018-08-04 11:35:03 response :
------------

2018-08-04 13:02:37 trace :
------------
String:
<xml><ToUserName><![CDATA[gh_2d8af677b35f]]></ToUserName>
<FromUserName><![CDATA[oS2nE1GYuxAV9MmXsE6ZoNA5fITM]]></FromUserName>
<CreateTime>1533358957</CreateTime>
<MsgType><![CDATA[event]]></MsgType>
<Event><![CDATA[VIEW]]></Event>
<EventKey><![CDATA[http://paotui.scxysd.com/app/index.php?i=2&c=entry&ctrl=wmall&ac=home&op=guide&do=mobile&m=we7_wmall]]></EventKey>
<MenuId>441516695</MenuId>
</xml>

2018-08-04 13:02:37 params :
------------
String:
array (
  'rule' => -2,
  'module' => '',
  'message' => 
  array (
    'tousername' => 'gh_2d8af677b35f',
    'fromusername' => 'oS2nE1GYuxAV9MmXsE6ZoNA5fITM',
    'createtime' => '1533358957',
    'msgtype' => 'event',
    'event' => 'VIEW',
    'eventkey' => 'http://paotui.scxysd.com/app/index.php?i=2&c=entry&ctrl=wmall&ac=home&op=guide&do=mobile&m=we7_wmall',
    'menuid' => '441516695',
    'from' => 'oS2nE1GYuxAV9MmXsE6ZoNA5fITM',
    'to' => 'gh_2d8af677b35f',
    'time' => '1533358957',
    'type' => 'text',
    'content' => 'http://paotui.scxysd.com/app/index.php?i=2&c=entry&ctrl=wmall&ac=home&op=guide&do=mobile&m=we7_wmall',
    'redirection' => true,
    'source' => 'VIEW',
  ),
)

2018-08-04 13:02:37 response :
------------

2018-08-04 13:11:06 trace :
------------
String:
<xml><ToUserName><![CDATA[gh_2d8af677b35f]]></ToUserName>
<FromUserName><![CDATA[oS2nE1NhNvNXOENEL98BaE42yJ5U]]></FromUserName>
<CreateTime>1533359466</CreateTime>
<MsgType><![CDATA[event]]></MsgType>
<Event><![CDATA[VIEW]]></Event>
<EventKey><![CDATA[http://paotui.scxysd.com/app/index.php?i=2&c=entry&ctrl=wmall&ac=home&op=guide&do=mobile&m=we7_wmall]]></EventKey>
<MenuId>441516695</MenuId>
</xml>

2018-08-04 13:11:06 params :
------------
String:
array (
  'rule' => -2,
  'module' => '',
  'message' => 
  array (
    'tousername' => 'gh_2d8af677b35f',
    'fromusername' => 'oS2nE1NhNvNXOENEL98BaE42yJ5U',
    'createtime' => '1533359466',
    'msgtype' => 'event',
    'event' => 'VIEW',
    'eventkey' => 'http://paotui.scxysd.com/app/index.php?i=2&c=entry&ctrl=wmall&ac=home&op=guide&do=mobile&m=we7_wmall',
    'menuid' => '441516695',
    'from' => 'oS2nE1NhNvNXOENEL98BaE42yJ5U',
    'to' => 'gh_2d8af677b35f',
    'time' => '1533359466',
    'type' => 'text',
    'content' => 'http://paotui.scxysd.com/app/index.php?i=2&c=entry&ctrl=wmall&ac=home&op=guide&do=mobile&m=we7_wmall',
    'redirection' => true,
    'source' => 'VIEW',
  ),
)

2018-08-04 13:11:06 response :
------------

2018-08-04 18:24:15 trace :
------------
String:
<xml><ToUserName><![CDATA[gh_2d8af677b35f]]></ToUserName>
<FromUserName><![CDATA[oS2nE1OLJHvwtPF-bkMOSqafuwi8]]></FromUserName>
<CreateTime>1533378255</CreateTime>
<MsgType><![CDATA[event]]></MsgType>
<Event><![CDATA[VIEW]]></Event>
<EventKey><![CDATA[http://paotui.scxysd.com/app/index.php?i=2&c=entry&ctrl=wmall&ac=home&op=guide&do=mobile&m=we7_wmall]]></EventKey>
<MenuId>441516695</MenuId>
</xml>

2018-08-04 18:24:15 params :
------------
String:
array (
  'rule' => -2,
  'module' => '',
  'message' => 
  array (
    'tousername' => 'gh_2d8af677b35f',
    'fromusername' => 'oS2nE1OLJHvwtPF-bkMOSqafuwi8',
    'createtime' => '1533378255',
    'msgtype' => 'event',
    'event' => 'VIEW',
    'eventkey' => 'http://paotui.scxysd.com/app/index.php?i=2&c=entry&ctrl=wmall&ac=home&op=guide&do=mobile&m=we7_wmall',
    'menuid' => '441516695',
    'from' => 'oS2nE1OLJHvwtPF-bkMOSqafuwi8',
    'to' => 'gh_2d8af677b35f',
    'time' => '1533378255',
    'type' => 'text',
    'content' => 'http://paotui.scxysd.com/app/index.php?i=2&c=entry&ctrl=wmall&ac=home&op=guide&do=mobile&m=we7_wmall',
    'redirection' => true,
    'source' => 'VIEW',
  ),
)

2018-08-04 18:24:15 response :
------------

2018-08-04 18:26:50 trace :
------------
String:
<xml><ToUserName><![CDATA[gh_2d8af677b35f]]></ToUserName>
<FromUserName><![CDATA[oS2nE1NhNvNXOENEL98BaE42yJ5U]]></FromUserName>
<CreateTime>1533378410</CreateTime>
<MsgType><![CDATA[event]]></MsgType>
<Event><![CDATA[VIEW]]></Event>
<EventKey><![CDATA[http://paotui.scxysd.com/app/index.php?i=2&c=entry&ctrl=wmall&ac=home&op=guide&do=mobile&m=we7_wmall]]></EventKey>
<MenuId>441516695</MenuId>
</xml>

2018-08-04 18:26:50 params :
------------
String:
array (
  'rule' => -2,
  'module' => '',
  'message' => 
  array (
    'tousername' => 'gh_2d8af677b35f',
    'fromusername' => 'oS2nE1NhNvNXOENEL98BaE42yJ5U',
    'createtime' => '1533378410',
    'msgtype' => 'event',
    'event' => 'VIEW',
    'eventkey' => 'http://paotui.scxysd.com/app/index.php?i=2&c=entry&ctrl=wmall&ac=home&op=guide&do=mobile&m=we7_wmall',
    'menuid' => '441516695',
    'from' => 'oS2nE1NhNvNXOENEL98BaE42yJ5U',
    'to' => 'gh_2d8af677b35f',
    'time' => '1533378410',
    'type' => 'text',
    'content' => 'http://paotui.scxysd.com/app/index.php?i=2&c=entry&ctrl=wmall&ac=home&op=guide&do=mobile&m=we7_wmall',
    'redirection' => true,
    'source' => 'VIEW',
  ),
)

2018-08-04 18:26:50 response :
------------

2018-08-04 19:21:32 trace :
------------
String:
<xml><ToUserName><![CDATA[gh_2d8af677b35f]]></ToUserName>
<FromUserName><![CDATA[oS2nE1EtFWVBBxIK52AikGvV7y7k]]></FromUserName>
<CreateTime>1533381692</CreateTime>
<MsgType><![CDATA[event]]></MsgType>
<Event><![CDATA[VIEW]]></Event>
<EventKey><![CDATA[http://paotui.scxysd.com/app/index.php?i=2&c=entry&ctrl=wmall&ac=home&op=guide&do=mobile&m=we7_wmall]]></EventKey>
<MenuId>441516695</MenuId>
</xml>

2018-08-04 19:21:32 params :
------------
String:
array (
  'rule' => -2,
  'module' => '',
  'message' => 
  array (
    'tousername' => 'gh_2d8af677b35f',
    'fromusername' => 'oS2nE1EtFWVBBxIK52AikGvV7y7k',
    'createtime' => '1533381692',
    'msgtype' => 'event',
    'event' => 'VIEW',
    'eventkey' => 'http://paotui.scxysd.com/app/index.php?i=2&c=entry&ctrl=wmall&ac=home&op=guide&do=mobile&m=we7_wmall',
    'menuid' => '441516695',
    'from' => 'oS2nE1EtFWVBBxIK52AikGvV7y7k',
    'to' => 'gh_2d8af677b35f',
    'time' => '1533381692',
    'type' => 'text',
    'content' => 'http://paotui.scxysd.com/app/index.php?i=2&c=entry&ctrl=wmall&ac=home&op=guide&do=mobile&m=we7_wmall',
    'redirection' => true,
    'source' => 'VIEW',
  ),
)

2018-08-04 19:21:32 response :
------------

2018-08-04 19:42:39 trace :
------------
String:
<xml><ToUserName><![CDATA[gh_2d8af677b35f]]></ToUserName>
<FromUserName><![CDATA[oS2nE1EtFWVBBxIK52AikGvV7y7k]]></FromUserName>
<CreateTime>1533382959</CreateTime>
<MsgType><![CDATA[event]]></MsgType>
<Event><![CDATA[VIEW]]></Event>
<EventKey><![CDATA[http://paotui.scxysd.com/app/index.php?i=2&c=entry&ctrl=wmall&ac=home&op=guide&do=mobile&m=we7_wmall]]></EventKey>
<MenuId>441516695</MenuId>
</xml>

2018-08-04 19:42:39 params :
------------
String:
array (
  'rule' => -2,
  'module' => '',
  'message' => 
  array (
    'tousername' => 'gh_2d8af677b35f',
    'fromusername' => 'oS2nE1EtFWVBBxIK52AikGvV7y7k',
    'createtime' => '1533382959',
    'msgtype' => 'event',
    'event' => 'VIEW',
    'eventkey' => 'http://paotui.scxysd.com/app/index.php?i=2&c=entry&ctrl=wmall&ac=home&op=guide&do=mobile&m=we7_wmall',
    'menuid' => '441516695',
    'from' => 'oS2nE1EtFWVBBxIK52AikGvV7y7k',
    'to' => 'gh_2d8af677b35f',
    'time' => '1533382959',
    'type' => 'text',
    'content' => 'http://paotui.scxysd.com/app/index.php?i=2&c=entry&ctrl=wmall&ac=home&op=guide&do=mobile&m=we7_wmall',
    'redirection' => true,
    'source' => 'VIEW',
  ),
)

2018-08-04 19:42:39 response :
------------

2018-08-04 19:58:41 trace :
------------
String:
<xml><ToUserName><![CDATA[gh_2d8af677b35f]]></ToUserName>
<FromUserName><![CDATA[oS2nE1OLJHvwtPF-bkMOSqafuwi8]]></FromUserName>
<CreateTime>1533383921</CreateTime>
<MsgType><![CDATA[event]]></MsgType>
<Event><![CDATA[VIEW]]></Event>
<EventKey><![CDATA[http://paotui.scxysd.com/app/index.php?i=2&c=entry&ctrl=wmall&ac=home&op=guide&do=mobile&m=we7_wmall]]></EventKey>
<MenuId>441516695</MenuId>
</xml>

2018-08-04 19:58:41 params :
------------
String:
array (
  'rule' => -2,
  'module' => '',
  'message' => 
  array (
    'tousername' => 'gh_2d8af677b35f',
    'fromusername' => 'oS2nE1OLJHvwtPF-bkMOSqafuwi8',
    'createtime' => '1533383921',
    'msgtype' => 'event',
    'event' => 'VIEW',
    'eventkey' => 'http://paotui.scxysd.com/app/index.php?i=2&c=entry&ctrl=wmall&ac=home&op=guide&do=mobile&m=we7_wmall',
    'menuid' => '441516695',
    'from' => 'oS2nE1OLJHvwtPF-bkMOSqafuwi8',
    'to' => 'gh_2d8af677b35f',
    'time' => '1533383921',
    'type' => 'text',
    'content' => 'http://paotui.scxysd.com/app/index.php?i=2&c=entry&ctrl=wmall&ac=home&op=guide&do=mobile&m=we7_wmall',
    'redirection' => true,
    'source' => 'VIEW',
  ),
)

2018-08-04 19:58:41 response :
------------

2018-08-04 19:59:34 trace :
------------
String:
<xml><ToUserName><![CDATA[gh_2d8af677b35f]]></ToUserName>
<FromUserName><![CDATA[oS2nE1NhNvNXOENEL98BaE42yJ5U]]></FromUserName>
<CreateTime>1533383974</CreateTime>
<MsgType><![CDATA[event]]></MsgType>
<Event><![CDATA[VIEW]]></Event>
<EventKey><![CDATA[http://paotui.scxysd.com/app/index.php?i=2&c=entry&ctrl=wmall&ac=home&op=guide&do=mobile&m=we7_wmall]]></EventKey>
<MenuId>441516695</MenuId>
</xml>

2018-08-04 19:59:34 params :
------------
String:
array (
  'rule' => -2,
  'module' => '',
  'message' => 
  array (
    'tousername' => 'gh_2d8af677b35f',
    'fromusername' => 'oS2nE1NhNvNXOENEL98BaE42yJ5U',
    'createtime' => '1533383974',
    'msgtype' => 'event',
    'event' => 'VIEW',
    'eventkey' => 'http://paotui.scxysd.com/app/index.php?i=2&c=entry&ctrl=wmall&ac=home&op=guide&do=mobile&m=we7_wmall',
    'menuid' => '441516695',
    'from' => 'oS2nE1NhNvNXOENEL98BaE42yJ5U',
    'to' => 'gh_2d8af677b35f',
    'time' => '1533383974',
    'type' => 'text',
    'content' => 'http://paotui.scxysd.com/app/index.php?i=2&c=entry&ctrl=wmall&ac=home&op=guide&do=mobile&m=we7_wmall',
    'redirection' => true,
    'source' => 'VIEW',
  ),
)

2018-08-04 19:59:34 response :
------------

