2018-08-19 00:26:18 trace :
------------
String:
<xml><ToUserName><![CDATA[gh_2d8af677b35f]]></ToUserName>
<FromUserName><![CDATA[oS2nE1LtiPMxsshqsvsZQbFUkxys]]></FromUserName>
<CreateTime>1534609577</CreateTime>
<MsgType><![CDATA[event]]></MsgType>
<Event><![CDATA[VIEW]]></Event>
<EventKey><![CDATA[http://www.scjdzgy.com/app/index.php?i=2&c=entry&ctrl=wmall&ac=home&op=index&do=mobile&m=we7_wmall]]></EventKey>
<MenuId>441936682</MenuId>
</xml>

2018-08-19 00:26:18 params :
------------
String:
array (
  'rule' => -2,
  'module' => '',
  'message' => 
  array (
    'tousername' => 'gh_2d8af677b35f',
    'fromusername' => 'oS2nE1LtiPMxsshqsvsZQbFUkxys',
    'createtime' => '1534609577',
    'msgtype' => 'event',
    'event' => 'VIEW',
    'eventkey' => 'http://www.scjdzgy.com/app/index.php?i=2&c=entry&ctrl=wmall&ac=home&op=index&do=mobile&m=we7_wmall',
    'menuid' => '441936682',
    'from' => 'oS2nE1LtiPMxsshqsvsZQbFUkxys',
    'to' => 'gh_2d8af677b35f',
    'time' => '1534609577',
    'type' => 'text',
    'content' => 'http://www.scjdzgy.com/app/index.php?i=2&c=entry&ctrl=wmall&ac=home&op=index&do=mobile&m=we7_wmall',
    'redirection' => true,
    'source' => 'VIEW',
  ),
)

2018-08-19 00:26:18 response :
------------

2018-08-19 00:26:21 trace :
------------
String:
<xml><ToUserName><![CDATA[gh_2d8af677b35f]]></ToUserName>
<FromUserName><![CDATA[oS2nE1LtiPMxsshqsvsZQbFUkxys]]></FromUserName>
<CreateTime>1534609581</CreateTime>
<MsgType><![CDATA[event]]></MsgType>
<Event><![CDATA[VIEW]]></Event>
<EventKey><![CDATA[http://www.scjdzgy.com/app/index.php?i=2&c=entry&ctrl=delivery&ac=home&op=index&do=mobile&m=we7_wmall]]></EventKey>
<MenuId>441936682</MenuId>
</xml>

2018-08-19 00:26:21 params :
------------
String:
array (
  'rule' => -2,
  'module' => '',
  'message' => 
  array (
    'tousername' => 'gh_2d8af677b35f',
    'fromusername' => 'oS2nE1LtiPMxsshqsvsZQbFUkxys',
    'createtime' => '1534609581',
    'msgtype' => 'event',
    'event' => 'VIEW',
    'eventkey' => 'http://www.scjdzgy.com/app/index.php?i=2&c=entry&ctrl=delivery&ac=home&op=index&do=mobile&m=we7_wmall',
    'menuid' => '441936682',
    'from' => 'oS2nE1LtiPMxsshqsvsZQbFUkxys',
    'to' => 'gh_2d8af677b35f',
    'time' => '1534609581',
    'type' => 'text',
    'content' => 'http://www.scjdzgy.com/app/index.php?i=2&c=entry&ctrl=delivery&ac=home&op=index&do=mobile&m=we7_wmall',
    'redirection' => true,
    'source' => 'VIEW',
  ),
)

2018-08-19 00:26:21 response :
------------

2018-08-19 00:26:33 trace :
------------
String:
<xml><ToUserName><![CDATA[gh_2d8af677b35f]]></ToUserName>
<FromUserName><![CDATA[oS2nE1LtiPMxsshqsvsZQbFUkxys]]></FromUserName>
<CreateTime>1534609592</CreateTime>
<MsgType><![CDATA[event]]></MsgType>
<Event><![CDATA[VIEW]]></Event>
<EventKey><![CDATA[http://www.scjdzgy.com/app/index.php?i=2&c=entry&ctrl=delivery&ac=home&op=index&do=mobile&m=we7_wmall]]></EventKey>
<MenuId>441936682</MenuId>
</xml>

2018-08-19 00:26:33 params :
------------
String:
array (
  'rule' => -2,
  'module' => '',
  'message' => 
  array (
    'tousername' => 'gh_2d8af677b35f',
    'fromusername' => 'oS2nE1LtiPMxsshqsvsZQbFUkxys',
    'createtime' => '1534609592',
    'msgtype' => 'event',
    'event' => 'VIEW',
    'eventkey' => 'http://www.scjdzgy.com/app/index.php?i=2&c=entry&ctrl=delivery&ac=home&op=index&do=mobile&m=we7_wmall',
    'menuid' => '441936682',
    'from' => 'oS2nE1LtiPMxsshqsvsZQbFUkxys',
    'to' => 'gh_2d8af677b35f',
    'time' => '1534609592',
    'type' => 'text',
    'content' => 'http://www.scjdzgy.com/app/index.php?i=2&c=entry&ctrl=delivery&ac=home&op=index&do=mobile&m=we7_wmall',
    'redirection' => true,
    'source' => 'VIEW',
  ),
)

2018-08-19 00:26:33 response :
------------

2018-08-19 06:25:38 trace :
------------
String:
<xml><ToUserName><![CDATA[gh_2d8af677b35f]]></ToUserName>
<FromUserName><![CDATA[oS2nE1Aok7XjmiOB9mJDkXIymQD8]]></FromUserName>
<CreateTime>1534631138</CreateTime>
<MsgType><![CDATA[event]]></MsgType>
<Event><![CDATA[VIEW]]></Event>
<EventKey><![CDATA[http://www.scjdzgy.com/app/index.php?i=2&c=entry&ctrl=wmall&ac=home&op=index&do=mobile&m=we7_wmall]]></EventKey>
<MenuId>441936682</MenuId>
</xml>

2018-08-19 06:25:38 params :
------------
String:
array (
  'rule' => -2,
  'module' => '',
  'message' => 
  array (
    'tousername' => 'gh_2d8af677b35f',
    'fromusername' => 'oS2nE1Aok7XjmiOB9mJDkXIymQD8',
    'createtime' => '1534631138',
    'msgtype' => 'event',
    'event' => 'VIEW',
    'eventkey' => 'http://www.scjdzgy.com/app/index.php?i=2&c=entry&ctrl=wmall&ac=home&op=index&do=mobile&m=we7_wmall',
    'menuid' => '441936682',
    'from' => 'oS2nE1Aok7XjmiOB9mJDkXIymQD8',
    'to' => 'gh_2d8af677b35f',
    'time' => '1534631138',
    'type' => 'text',
    'content' => 'http://www.scjdzgy.com/app/index.php?i=2&c=entry&ctrl=wmall&ac=home&op=index&do=mobile&m=we7_wmall',
    'redirection' => true,
    'source' => 'VIEW',
  ),
)

2018-08-19 06:25:38 response :
------------

2018-08-19 08:01:20 trace :
------------
String:
<xml><ToUserName><![CDATA[gh_2d8af677b35f]]></ToUserName>
<FromUserName><![CDATA[oS2nE1PLskUMSswvL1jES-Z2O5Is]]></FromUserName>
<CreateTime>1534636880</CreateTime>
<MsgType><![CDATA[event]]></MsgType>
<Event><![CDATA[LOCATION]]></Event>
<Latitude>30.716757</Latitude>
<Longitude>103.963570</Longitude>
<Precision>20.000000</Precision>
</xml>

2018-08-19 08:01:20 params :
------------
String:
array (
  'message' => 
  array (
    'tousername' => 'gh_2d8af677b35f',
    'fromusername' => 'oS2nE1PLskUMSswvL1jES-Z2O5Is',
    'createtime' => '1534636880',
    'msgtype' => 'event',
    'event' => 'LOCATION',
    'latitude' => '30.716757',
    'longitude' => '103.963570',
    'precision' => '20.000000',
    'from' => 'oS2nE1PLskUMSswvL1jES-Z2O5Is',
    'to' => 'gh_2d8af677b35f',
    'time' => '1534636880',
    'type' => 'trace',
    'location_x' => '30.716757',
    'location_y' => '103.963570',
  ),
  'module' => 'default',
  'rule' => '-1',
)

2018-08-19 08:01:20 response :
------------
Array:
errno : -1 ;
message : Invaild value ;

2018-08-19 08:03:17 trace :
------------
String:
<xml><ToUserName><![CDATA[gh_2d8af677b35f]]></ToUserName>
<FromUserName><![CDATA[oS2nE1PLskUMSswvL1jES-Z2O5Is]]></FromUserName>
<CreateTime>1534636997</CreateTime>
<MsgType><![CDATA[event]]></MsgType>
<Event><![CDATA[LOCATION]]></Event>
<Latitude>30.716757</Latitude>
<Longitude>103.963570</Longitude>
<Precision>20.000000</Precision>
</xml>

2018-08-19 08:03:17 params :
------------
String:
array (
  'message' => 
  array (
    'tousername' => 'gh_2d8af677b35f',
    'fromusername' => 'oS2nE1PLskUMSswvL1jES-Z2O5Is',
    'createtime' => '1534636997',
    'msgtype' => 'event',
    'event' => 'LOCATION',
    'latitude' => '30.716757',
    'longitude' => '103.963570',
    'precision' => '20.000000',
    'from' => 'oS2nE1PLskUMSswvL1jES-Z2O5Is',
    'to' => 'gh_2d8af677b35f',
    'time' => '1534636997',
    'type' => 'trace',
    'location_x' => '30.716757',
    'location_y' => '103.963570',
  ),
  'module' => 'default',
  'rule' => '-1',
)

2018-08-19 08:03:17 response :
------------
Array:
errno : -1 ;
message : Invaild value ;

2018-08-19 08:04:14 trace :
------------
String:
<xml><ToUserName><![CDATA[gh_2d8af677b35f]]></ToUserName>
<FromUserName><![CDATA[oS2nE1PLskUMSswvL1jES-Z2O5Is]]></FromUserName>
<CreateTime>1534637054</CreateTime>
<MsgType><![CDATA[event]]></MsgType>
<Event><![CDATA[LOCATION]]></Event>
<Latitude>30.716757</Latitude>
<Longitude>103.963570</Longitude>
<Precision>20.000000</Precision>
</xml>

2018-08-19 08:04:14 params :
------------
String:
array (
  'message' => 
  array (
    'tousername' => 'gh_2d8af677b35f',
    'fromusername' => 'oS2nE1PLskUMSswvL1jES-Z2O5Is',
    'createtime' => '1534637054',
    'msgtype' => 'event',
    'event' => 'LOCATION',
    'latitude' => '30.716757',
    'longitude' => '103.963570',
    'precision' => '20.000000',
    'from' => 'oS2nE1PLskUMSswvL1jES-Z2O5Is',
    'to' => 'gh_2d8af677b35f',
    'time' => '1534637054',
    'type' => 'trace',
    'location_x' => '30.716757',
    'location_y' => '103.963570',
  ),
  'module' => 'default',
  'rule' => '-1',
)

2018-08-19 08:04:14 response :
------------
Array:
errno : -1 ;
message : Invaild value ;

2018-08-19 08:04:53 trace :
------------
String:
<xml><ToUserName><![CDATA[gh_2d8af677b35f]]></ToUserName>
<FromUserName><![CDATA[oS2nE1PLskUMSswvL1jES-Z2O5Is]]></FromUserName>
<CreateTime>1534637092</CreateTime>
<MsgType><![CDATA[event]]></MsgType>
<Event><![CDATA[LOCATION]]></Event>
<Latitude>30.716757</Latitude>
<Longitude>103.963570</Longitude>
<Precision>20.000000</Precision>
</xml>

2018-08-19 08:04:53 params :
------------
String:
array (
  'message' => 
  array (
    'tousername' => 'gh_2d8af677b35f',
    'fromusername' => 'oS2nE1PLskUMSswvL1jES-Z2O5Is',
    'createtime' => '1534637092',
    'msgtype' => 'event',
    'event' => 'LOCATION',
    'latitude' => '30.716757',
    'longitude' => '103.963570',
    'precision' => '20.000000',
    'from' => 'oS2nE1PLskUMSswvL1jES-Z2O5Is',
    'to' => 'gh_2d8af677b35f',
    'time' => '1534637092',
    'type' => 'trace',
    'location_x' => '30.716757',
    'location_y' => '103.963570',
  ),
  'module' => 'default',
  'rule' => '-1',
)

2018-08-19 08:04:53 response :
------------
Array:
errno : -1 ;
message : Invaild value ;

2018-08-19 08:06:35 trace :
------------
String:
<xml><ToUserName><![CDATA[gh_2d8af677b35f]]></ToUserName>
<FromUserName><![CDATA[oS2nE1PLskUMSswvL1jES-Z2O5Is]]></FromUserName>
<CreateTime>1534637194</CreateTime>
<MsgType><![CDATA[event]]></MsgType>
<Event><![CDATA[LOCATION]]></Event>
<Latitude>30.716757</Latitude>
<Longitude>103.963570</Longitude>
<Precision>20.000000</Precision>
</xml>

2018-08-19 08:06:35 params :
------------
String:
array (
  'message' => 
  array (
    'tousername' => 'gh_2d8af677b35f',
    'fromusername' => 'oS2nE1PLskUMSswvL1jES-Z2O5Is',
    'createtime' => '1534637194',
    'msgtype' => 'event',
    'event' => 'LOCATION',
    'latitude' => '30.716757',
    'longitude' => '103.963570',
    'precision' => '20.000000',
    'from' => 'oS2nE1PLskUMSswvL1jES-Z2O5Is',
    'to' => 'gh_2d8af677b35f',
    'time' => '1534637194',
    'type' => 'trace',
    'location_x' => '30.716757',
    'location_y' => '103.963570',
  ),
  'module' => 'default',
  'rule' => '-1',
)

2018-08-19 08:06:35 response :
------------
Array:
errno : -1 ;
message : Invaild value ;

2018-08-19 09:31:45 trace :
------------
String:
<xml><ToUserName><![CDATA[gh_2d8af677b35f]]></ToUserName>
<FromUserName><![CDATA[oS2nE1NhNvNXOENEL98BaE42yJ5U]]></FromUserName>
<CreateTime>1534642304</CreateTime>
<MsgType><![CDATA[event]]></MsgType>
<Event><![CDATA[LOCATION]]></Event>
<Latitude>30.336596</Latitude>
<Longitude>106.302803</Longitude>
<Precision>570.000000</Precision>
</xml>

2018-08-19 09:31:45 params :
------------
String:
array (
  'message' => 
  array (
    'tousername' => 'gh_2d8af677b35f',
    'fromusername' => 'oS2nE1NhNvNXOENEL98BaE42yJ5U',
    'createtime' => '1534642304',
    'msgtype' => 'event',
    'event' => 'LOCATION',
    'latitude' => '30.336596',
    'longitude' => '106.302803',
    'precision' => '570.000000',
    'from' => 'oS2nE1NhNvNXOENEL98BaE42yJ5U',
    'to' => 'gh_2d8af677b35f',
    'time' => '1534642304',
    'type' => 'trace',
    'location_x' => '30.336596',
    'location_y' => '106.302803',
  ),
  'module' => 'default',
  'rule' => '-1',
)

2018-08-19 09:31:45 response :
------------
Array:
errno : -1 ;
message : Invaild value ;

2018-08-19 09:31:53 trace :
------------
String:
<xml><ToUserName><![CDATA[gh_2d8af677b35f]]></ToUserName>
<FromUserName><![CDATA[oS2nE1NhNvNXOENEL98BaE42yJ5U]]></FromUserName>
<CreateTime>1534642312</CreateTime>
<MsgType><![CDATA[event]]></MsgType>
<Event><![CDATA[VIEW]]></Event>
<EventKey><![CDATA[http://www.scjdzgy.com/app/index.php?i=2&c=entry&ctrl=wmall&ac=store&op=goods&do=mobile&m=we7_wmall&sid=24]]></EventKey>
<MenuId>441936682</MenuId>
</xml>

2018-08-19 09:31:53 params :
------------
String:
array (
  'rule' => -2,
  'module' => '',
  'message' => 
  array (
    'tousername' => 'gh_2d8af677b35f',
    'fromusername' => 'oS2nE1NhNvNXOENEL98BaE42yJ5U',
    'createtime' => '1534642312',
    'msgtype' => 'event',
    'event' => 'VIEW',
    'eventkey' => 'http://www.scjdzgy.com/app/index.php?i=2&c=entry&ctrl=wmall&ac=store&op=goods&do=mobile&m=we7_wmall&sid=24',
    'menuid' => '441936682',
    'from' => 'oS2nE1NhNvNXOENEL98BaE42yJ5U',
    'to' => 'gh_2d8af677b35f',
    'time' => '1534642312',
    'type' => 'text',
    'content' => 'http://www.scjdzgy.com/app/index.php?i=2&c=entry&ctrl=wmall&ac=store&op=goods&do=mobile&m=we7_wmall&sid=24',
    'redirection' => true,
    'source' => 'VIEW',
  ),
)

2018-08-19 09:31:53 response :
------------

2018-08-19 09:32:08 trace :
------------
String:
<xml><ToUserName><![CDATA[gh_2d8af677b35f]]></ToUserName>
<FromUserName><![CDATA[oS2nE1NhNvNXOENEL98BaE42yJ5U]]></FromUserName>
<CreateTime>1534642328</CreateTime>
<MsgType><![CDATA[event]]></MsgType>
<Event><![CDATA[LOCATION]]></Event>
<Latitude>30.336596</Latitude>
<Longitude>106.302803</Longitude>
<Precision>570.000000</Precision>
</xml>

2018-08-19 09:32:08 params :
------------
String:
array (
  'message' => 
  array (
    'tousername' => 'gh_2d8af677b35f',
    'fromusername' => 'oS2nE1NhNvNXOENEL98BaE42yJ5U',
    'createtime' => '1534642328',
    'msgtype' => 'event',
    'event' => 'LOCATION',
    'latitude' => '30.336596',
    'longitude' => '106.302803',
    'precision' => '570.000000',
    'from' => 'oS2nE1NhNvNXOENEL98BaE42yJ5U',
    'to' => 'gh_2d8af677b35f',
    'time' => '1534642328',
    'type' => 'trace',
    'location_x' => '30.336596',
    'location_y' => '106.302803',
  ),
  'module' => 'default',
  'rule' => '-1',
)

2018-08-19 09:32:08 response :
------------
Array:
errno : -1 ;
message : Invaild value ;

2018-08-19 09:32:54 trace :
------------
String:
<xml><ToUserName><![CDATA[gh_2d8af677b35f]]></ToUserName>
<FromUserName><![CDATA[oS2nE1NhNvNXOENEL98BaE42yJ5U]]></FromUserName>
<CreateTime>1534642374</CreateTime>
<MsgType><![CDATA[event]]></MsgType>
<Event><![CDATA[LOCATION]]></Event>
<Latitude>30.336596</Latitude>
<Longitude>106.302803</Longitude>
<Precision>570.000000</Precision>
</xml>

2018-08-19 09:32:54 params :
------------
String:
array (
  'message' => 
  array (
    'tousername' => 'gh_2d8af677b35f',
    'fromusername' => 'oS2nE1NhNvNXOENEL98BaE42yJ5U',
    'createtime' => '1534642374',
    'msgtype' => 'event',
    'event' => 'LOCATION',
    'latitude' => '30.336596',
    'longitude' => '106.302803',
    'precision' => '570.000000',
    'from' => 'oS2nE1NhNvNXOENEL98BaE42yJ5U',
    'to' => 'gh_2d8af677b35f',
    'time' => '1534642374',
    'type' => 'trace',
    'location_x' => '30.336596',
    'location_y' => '106.302803',
  ),
  'module' => 'default',
  'rule' => '-1',
)

2018-08-19 09:32:54 response :
------------
Array:
errno : -1 ;
message : Invaild value ;

2018-08-19 12:16:13 trace :
------------
String:
<xml><ToUserName><![CDATA[gh_2d8af677b35f]]></ToUserName>
<FromUserName><![CDATA[oS2nE1LtiPMxsshqsvsZQbFUkxys]]></FromUserName>
<CreateTime>1534652173</CreateTime>
<MsgType><![CDATA[event]]></MsgType>
<Event><![CDATA[VIEW]]></Event>
<EventKey><![CDATA[http://www.scjdzgy.com/app/index.php?i=2&c=entry&ctrl=delivery&ac=home&op=index&do=mobile&m=we7_wmall]]></EventKey>
<MenuId>441936682</MenuId>
</xml>

2018-08-19 12:16:13 params :
------------
String:
array (
  'rule' => -2,
  'module' => '',
  'message' => 
  array (
    'tousername' => 'gh_2d8af677b35f',
    'fromusername' => 'oS2nE1LtiPMxsshqsvsZQbFUkxys',
    'createtime' => '1534652173',
    'msgtype' => 'event',
    'event' => 'VIEW',
    'eventkey' => 'http://www.scjdzgy.com/app/index.php?i=2&c=entry&ctrl=delivery&ac=home&op=index&do=mobile&m=we7_wmall',
    'menuid' => '441936682',
    'from' => 'oS2nE1LtiPMxsshqsvsZQbFUkxys',
    'to' => 'gh_2d8af677b35f',
    'time' => '1534652173',
    'type' => 'text',
    'content' => 'http://www.scjdzgy.com/app/index.php?i=2&c=entry&ctrl=delivery&ac=home&op=index&do=mobile&m=we7_wmall',
    'redirection' => true,
    'source' => 'VIEW',
  ),
)

2018-08-19 12:16:13 response :
------------

2018-08-19 12:58:11 trace :
------------
String:
<xml><ToUserName><![CDATA[gh_2d8af677b35f]]></ToUserName>
<FromUserName><![CDATA[oS2nE1LwnE8AkWxXV79j2qaQhYD0]]></FromUserName>
<CreateTime>1534654691</CreateTime>
<MsgType><![CDATA[event]]></MsgType>
<Event><![CDATA[VIEW]]></Event>
<EventKey><![CDATA[http://www.scjdzgy.com/app/index.php?i=2&c=entry&ctrl=wmall&ac=home&op=index&do=mobile&m=we7_wmall]]></EventKey>
<MenuId>441936682</MenuId>
</xml>

2018-08-19 12:58:11 params :
------------
String:
array (
  'rule' => -2,
  'module' => '',
  'message' => 
  array (
    'tousername' => 'gh_2d8af677b35f',
    'fromusername' => 'oS2nE1LwnE8AkWxXV79j2qaQhYD0',
    'createtime' => '1534654691',
    'msgtype' => 'event',
    'event' => 'VIEW',
    'eventkey' => 'http://www.scjdzgy.com/app/index.php?i=2&c=entry&ctrl=wmall&ac=home&op=index&do=mobile&m=we7_wmall',
    'menuid' => '441936682',
    'from' => 'oS2nE1LwnE8AkWxXV79j2qaQhYD0',
    'to' => 'gh_2d8af677b35f',
    'time' => '1534654691',
    'type' => 'text',
    'content' => 'http://www.scjdzgy.com/app/index.php?i=2&c=entry&ctrl=wmall&ac=home&op=index&do=mobile&m=we7_wmall',
    'redirection' => true,
    'source' => 'VIEW',
  ),
)

2018-08-19 12:58:11 response :
------------

2018-08-19 14:11:40 trace :
------------
String:
<xml><ToUserName><![CDATA[gh_2d8af677b35f]]></ToUserName>
<FromUserName><![CDATA[oS2nE1HC9rku1rgCqWvulWqAl4UE]]></FromUserName>
<CreateTime>1534659099</CreateTime>
<MsgType><![CDATA[event]]></MsgType>
<Event><![CDATA[VIEW]]></Event>
<EventKey><![CDATA[http://www.scjdzgy.com/app/index.php?i=2&c=entry&ctrl=wmall&ac=store&op=goods&do=mobile&m=we7_wmall&sid=24]]></EventKey>
<MenuId>441936682</MenuId>
</xml>

2018-08-19 14:11:40 params :
------------
String:
array (
  'rule' => -2,
  'module' => '',
  'message' => 
  array (
    'tousername' => 'gh_2d8af677b35f',
    'fromusername' => 'oS2nE1HC9rku1rgCqWvulWqAl4UE',
    'createtime' => '1534659099',
    'msgtype' => 'event',
    'event' => 'VIEW',
    'eventkey' => 'http://www.scjdzgy.com/app/index.php?i=2&c=entry&ctrl=wmall&ac=store&op=goods&do=mobile&m=we7_wmall&sid=24',
    'menuid' => '441936682',
    'from' => 'oS2nE1HC9rku1rgCqWvulWqAl4UE',
    'to' => 'gh_2d8af677b35f',
    'time' => '1534659099',
    'type' => 'text',
    'content' => 'http://www.scjdzgy.com/app/index.php?i=2&c=entry&ctrl=wmall&ac=store&op=goods&do=mobile&m=we7_wmall&sid=24',
    'redirection' => true,
    'source' => 'VIEW',
  ),
)

2018-08-19 14:11:40 response :
------------

2018-08-19 17:55:32 trace :
------------
String:
<xml><ToUserName><![CDATA[gh_2d8af677b35f]]></ToUserName>
<FromUserName><![CDATA[oS2nE1NhNvNXOENEL98BaE42yJ5U]]></FromUserName>
<CreateTime>1534672532</CreateTime>
<MsgType><![CDATA[event]]></MsgType>
<Event><![CDATA[LOCATION]]></Event>
<Latitude>30.633617</Latitude>
<Longitude>104.921806</Longitude>
<Precision>610.000000</Precision>
</xml>

2018-08-19 17:55:32 params :
------------
String:
array (
  'message' => 
  array (
    'tousername' => 'gh_2d8af677b35f',
    'fromusername' => 'oS2nE1NhNvNXOENEL98BaE42yJ5U',
    'createtime' => '1534672532',
    'msgtype' => 'event',
    'event' => 'LOCATION',
    'latitude' => '30.633617',
    'longitude' => '104.921806',
    'precision' => '610.000000',
    'from' => 'oS2nE1NhNvNXOENEL98BaE42yJ5U',
    'to' => 'gh_2d8af677b35f',
    'time' => '1534672532',
    'type' => 'trace',
    'location_x' => '30.633617',
    'location_y' => '104.921806',
  ),
  'module' => 'default',
  'rule' => '-1',
)

2018-08-19 17:55:32 response :
------------
Array:
errno : -1 ;
message : Invaild value ;

2018-08-19 17:55:33 trace :
------------
String:
<xml><ToUserName><![CDATA[gh_2d8af677b35f]]></ToUserName>
<FromUserName><![CDATA[oS2nE1NhNvNXOENEL98BaE42yJ5U]]></FromUserName>
<CreateTime>1534672532</CreateTime>
<MsgType><![CDATA[event]]></MsgType>
<Event><![CDATA[VIEW]]></Event>
<EventKey><![CDATA[http://www.scjdzgy.com/app/index.php?i=2&c=entry&ctrl=wmall&ac=home&op=index&do=mobile&m=we7_wmall]]></EventKey>
<MenuId>441936682</MenuId>
</xml>

2018-08-19 17:55:33 params :
------------
String:
array (
  'rule' => -2,
  'module' => '',
  'message' => 
  array (
    'tousername' => 'gh_2d8af677b35f',
    'fromusername' => 'oS2nE1NhNvNXOENEL98BaE42yJ5U',
    'createtime' => '1534672532',
    'msgtype' => 'event',
    'event' => 'VIEW',
    'eventkey' => 'http://www.scjdzgy.com/app/index.php?i=2&c=entry&ctrl=wmall&ac=home&op=index&do=mobile&m=we7_wmall',
    'menuid' => '441936682',
    'from' => 'oS2nE1NhNvNXOENEL98BaE42yJ5U',
    'to' => 'gh_2d8af677b35f',
    'time' => '1534672532',
    'type' => 'text',
    'content' => 'http://www.scjdzgy.com/app/index.php?i=2&c=entry&ctrl=wmall&ac=home&op=index&do=mobile&m=we7_wmall',
    'redirection' => true,
    'source' => 'VIEW',
  ),
)

2018-08-19 17:55:33 response :
------------

2018-08-19 17:55:51 trace :
------------
String:
<xml><ToUserName><![CDATA[gh_2d8af677b35f]]></ToUserName>
<FromUserName><![CDATA[oS2nE1NhNvNXOENEL98BaE42yJ5U]]></FromUserName>
<CreateTime>1534672550</CreateTime>
<MsgType><![CDATA[event]]></MsgType>
<Event><![CDATA[LOCATION]]></Event>
<Latitude>30.633617</Latitude>
<Longitude>104.921806</Longitude>
<Precision>610.000000</Precision>
</xml>

2018-08-19 17:55:51 params :
------------
String:
array (
  'message' => 
  array (
    'tousername' => 'gh_2d8af677b35f',
    'fromusername' => 'oS2nE1NhNvNXOENEL98BaE42yJ5U',
    'createtime' => '1534672550',
    'msgtype' => 'event',
    'event' => 'LOCATION',
    'latitude' => '30.633617',
    'longitude' => '104.921806',
    'precision' => '610.000000',
    'from' => 'oS2nE1NhNvNXOENEL98BaE42yJ5U',
    'to' => 'gh_2d8af677b35f',
    'time' => '1534672550',
    'type' => 'trace',
    'location_x' => '30.633617',
    'location_y' => '104.921806',
  ),
  'module' => 'default',
  'rule' => '-1',
)

2018-08-19 17:55:51 response :
------------
Array:
errno : -1 ;
message : Invaild value ;

2018-08-19 17:57:53 trace :
------------
String:
<xml><ToUserName><![CDATA[gh_2d8af677b35f]]></ToUserName>
<FromUserName><![CDATA[oS2nE1NhNvNXOENEL98BaE42yJ5U]]></FromUserName>
<CreateTime>1534672673</CreateTime>
<MsgType><![CDATA[event]]></MsgType>
<Event><![CDATA[LOCATION]]></Event>
<Latitude>30.641972</Latitude>
<Longitude>104.888878</Longitude>
<Precision>370.000000</Precision>
</xml>

2018-08-19 17:57:53 trace :
------------
String:
<xml><ToUserName><![CDATA[gh_2d8af677b35f]]></ToUserName>
<FromUserName><![CDATA[oS2nE1NhNvNXOENEL98BaE42yJ5U]]></FromUserName>
<CreateTime>1534672673</CreateTime>
<MsgType><![CDATA[event]]></MsgType>
<Event><![CDATA[VIEW]]></Event>
<EventKey><![CDATA[http://www.scjdzgy.com/app/index.php?i=2&c=entry&ctrl=wmall&ac=home&op=index&do=mobile&m=we7_wmall]]></EventKey>
<MenuId>441936682</MenuId>
</xml>

2018-08-19 17:57:53 params :
------------
String:
array (
  'message' => 
  array (
    'tousername' => 'gh_2d8af677b35f',
    'fromusername' => 'oS2nE1NhNvNXOENEL98BaE42yJ5U',
    'createtime' => '1534672673',
    'msgtype' => 'event',
    'event' => 'LOCATION',
    'latitude' => '30.641972',
    'longitude' => '104.888878',
    'precision' => '370.000000',
    'from' => 'oS2nE1NhNvNXOENEL98BaE42yJ5U',
    'to' => 'gh_2d8af677b35f',
    'time' => '1534672673',
    'type' => 'trace',
    'location_x' => '30.641972',
    'location_y' => '104.888878',
  ),
  'module' => 'default',
  'rule' => '-1',
)

2018-08-19 17:57:53 response :
------------
Array:
errno : -1 ;
message : Invaild value ;

2018-08-19 17:57:53 params :
------------
String:
array (
  'rule' => -2,
  'module' => '',
  'message' => 
  array (
    'tousername' => 'gh_2d8af677b35f',
    'fromusername' => 'oS2nE1NhNvNXOENEL98BaE42yJ5U',
    'createtime' => '1534672673',
    'msgtype' => 'event',
    'event' => 'VIEW',
    'eventkey' => 'http://www.scjdzgy.com/app/index.php?i=2&c=entry&ctrl=wmall&ac=home&op=index&do=mobile&m=we7_wmall',
    'menuid' => '441936682',
    'from' => 'oS2nE1NhNvNXOENEL98BaE42yJ5U',
    'to' => 'gh_2d8af677b35f',
    'time' => '1534672673',
    'type' => 'text',
    'content' => 'http://www.scjdzgy.com/app/index.php?i=2&c=entry&ctrl=wmall&ac=home&op=index&do=mobile&m=we7_wmall',
    'redirection' => true,
    'source' => 'VIEW',
  ),
)

2018-08-19 17:57:53 response :
------------

2018-08-19 17:58:43 trace :
------------
String:
<xml><ToUserName><![CDATA[gh_2d8af677b35f]]></ToUserName>
<FromUserName><![CDATA[oS2nE1NhNvNXOENEL98BaE42yJ5U]]></FromUserName>
<CreateTime>1534672723</CreateTime>
<MsgType><![CDATA[event]]></MsgType>
<Event><![CDATA[LOCATION]]></Event>
<Latitude>30.641972</Latitude>
<Longitude>104.888878</Longitude>
<Precision>370.000000</Precision>
</xml>

2018-08-19 17:58:43 params :
------------
String:
array (
  'message' => 
  array (
    'tousername' => 'gh_2d8af677b35f',
    'fromusername' => 'oS2nE1NhNvNXOENEL98BaE42yJ5U',
    'createtime' => '1534672723',
    'msgtype' => 'event',
    'event' => 'LOCATION',
    'latitude' => '30.641972',
    'longitude' => '104.888878',
    'precision' => '370.000000',
    'from' => 'oS2nE1NhNvNXOENEL98BaE42yJ5U',
    'to' => 'gh_2d8af677b35f',
    'time' => '1534672723',
    'type' => 'trace',
    'location_x' => '30.641972',
    'location_y' => '104.888878',
  ),
  'module' => 'default',
  'rule' => '-1',
)

2018-08-19 17:58:43 response :
------------
Array:
errno : -1 ;
message : Invaild value ;

2018-08-19 17:58:49 trace :
------------
String:
<xml><ToUserName><![CDATA[gh_2d8af677b35f]]></ToUserName>
<FromUserName><![CDATA[oS2nE1NhNvNXOENEL98BaE42yJ5U]]></FromUserName>
<CreateTime>1534672729</CreateTime>
<MsgType><![CDATA[event]]></MsgType>
<Event><![CDATA[LOCATION]]></Event>
<Latitude>30.641972</Latitude>
<Longitude>104.888878</Longitude>
<Precision>370.000000</Precision>
</xml>

2018-08-19 17:58:49 params :
------------
String:
array (
  'message' => 
  array (
    'tousername' => 'gh_2d8af677b35f',
    'fromusername' => 'oS2nE1NhNvNXOENEL98BaE42yJ5U',
    'createtime' => '1534672729',
    'msgtype' => 'event',
    'event' => 'LOCATION',
    'latitude' => '30.641972',
    'longitude' => '104.888878',
    'precision' => '370.000000',
    'from' => 'oS2nE1NhNvNXOENEL98BaE42yJ5U',
    'to' => 'gh_2d8af677b35f',
    'time' => '1534672729',
    'type' => 'trace',
    'location_x' => '30.641972',
    'location_y' => '104.888878',
  ),
  'module' => 'default',
  'rule' => '-1',
)

2018-08-19 17:58:49 response :
------------
Array:
errno : -1 ;
message : Invaild value ;

2018-08-19 17:58:50 trace :
------------
String:
<xml><ToUserName><![CDATA[gh_2d8af677b35f]]></ToUserName>
<FromUserName><![CDATA[oS2nE1NhNvNXOENEL98BaE42yJ5U]]></FromUserName>
<CreateTime>1534672730</CreateTime>
<MsgType><![CDATA[event]]></MsgType>
<Event><![CDATA[VIEW]]></Event>
<EventKey><![CDATA[http://www.scjdzgy.com/app/index.php?i=2&c=entry&ctrl=wmall&ac=home&op=index&do=mobile&m=we7_wmall]]></EventKey>
<MenuId>441936682</MenuId>
</xml>

2018-08-19 17:58:50 params :
------------
String:
array (
  'rule' => -2,
  'module' => '',
  'message' => 
  array (
    'tousername' => 'gh_2d8af677b35f',
    'fromusername' => 'oS2nE1NhNvNXOENEL98BaE42yJ5U',
    'createtime' => '1534672730',
    'msgtype' => 'event',
    'event' => 'VIEW',
    'eventkey' => 'http://www.scjdzgy.com/app/index.php?i=2&c=entry&ctrl=wmall&ac=home&op=index&do=mobile&m=we7_wmall',
    'menuid' => '441936682',
    'from' => 'oS2nE1NhNvNXOENEL98BaE42yJ5U',
    'to' => 'gh_2d8af677b35f',
    'time' => '1534672730',
    'type' => 'text',
    'content' => 'http://www.scjdzgy.com/app/index.php?i=2&c=entry&ctrl=wmall&ac=home&op=index&do=mobile&m=we7_wmall',
    'redirection' => true,
    'source' => 'VIEW',
  ),
)

2018-08-19 17:58:50 response :
------------

2018-08-19 17:58:57 trace :
------------
String:
<xml><ToUserName><![CDATA[gh_2d8af677b35f]]></ToUserName>
<FromUserName><![CDATA[oS2nE1NhNvNXOENEL98BaE42yJ5U]]></FromUserName>
<CreateTime>1534672737</CreateTime>
<MsgType><![CDATA[event]]></MsgType>
<Event><![CDATA[LOCATION]]></Event>
<Latitude>30.641972</Latitude>
<Longitude>104.888878</Longitude>
<Precision>370.000000</Precision>
</xml>

2018-08-19 17:58:58 params :
------------
String:
array (
  'message' => 
  array (
    'tousername' => 'gh_2d8af677b35f',
    'fromusername' => 'oS2nE1NhNvNXOENEL98BaE42yJ5U',
    'createtime' => '1534672737',
    'msgtype' => 'event',
    'event' => 'LOCATION',
    'latitude' => '30.641972',
    'longitude' => '104.888878',
    'precision' => '370.000000',
    'from' => 'oS2nE1NhNvNXOENEL98BaE42yJ5U',
    'to' => 'gh_2d8af677b35f',
    'time' => '1534672737',
    'type' => 'trace',
    'location_x' => '30.641972',
    'location_y' => '104.888878',
  ),
  'module' => 'default',
  'rule' => '-1',
)

2018-08-19 17:58:58 response :
------------
Array:
errno : -1 ;
message : Invaild value ;

2018-08-19 17:59:13 trace :
------------
String:
<xml><ToUserName><![CDATA[gh_2d8af677b35f]]></ToUserName>
<FromUserName><![CDATA[oS2nE1NhNvNXOENEL98BaE42yJ5U]]></FromUserName>
<CreateTime>1534672753</CreateTime>
<MsgType><![CDATA[event]]></MsgType>
<Event><![CDATA[LOCATION]]></Event>
<Latitude>30.641972</Latitude>
<Longitude>104.888878</Longitude>
<Precision>370.000000</Precision>
</xml>

2018-08-19 17:59:13 params :
------------
String:
array (
  'message' => 
  array (
    'tousername' => 'gh_2d8af677b35f',
    'fromusername' => 'oS2nE1NhNvNXOENEL98BaE42yJ5U',
    'createtime' => '1534672753',
    'msgtype' => 'event',
    'event' => 'LOCATION',
    'latitude' => '30.641972',
    'longitude' => '104.888878',
    'precision' => '370.000000',
    'from' => 'oS2nE1NhNvNXOENEL98BaE42yJ5U',
    'to' => 'gh_2d8af677b35f',
    'time' => '1534672753',
    'type' => 'trace',
    'location_x' => '30.641972',
    'location_y' => '104.888878',
  ),
  'module' => 'default',
  'rule' => '-1',
)

2018-08-19 17:59:13 response :
------------
Array:
errno : -1 ;
message : Invaild value ;

2018-08-19 17:59:29 trace :
------------
String:
<xml><ToUserName><![CDATA[gh_2d8af677b35f]]></ToUserName>
<FromUserName><![CDATA[oS2nE1Pveo7k3UkIvMDasXDi3vhQ]]></FromUserName>
<CreateTime>1534672769</CreateTime>
<MsgType><![CDATA[event]]></MsgType>
<Event><![CDATA[subscribe]]></Event>
<EventKey><![CDATA[]]></EventKey>
</xml>

2018-08-19 17:59:30 params :
------------
String:
array (
  'rule' => -2,
  'module' => '',
  'message' => 
  array (
    'tousername' => 'gh_2d8af677b35f',
    'fromusername' => 'oS2nE1Pveo7k3UkIvMDasXDi3vhQ',
    'createtime' => '1534672769',
    'msgtype' => 'event',
    'event' => 'subscribe',
    'eventkey' => '',
    'from' => 'oS2nE1Pveo7k3UkIvMDasXDi3vhQ',
    'to' => 'gh_2d8af677b35f',
    'time' => '1534672769',
    'type' => 'text',
    'redirection' => true,
    'source' => 'subscribe',
  ),
)

2018-08-19 17:59:30 response :
------------

2018-08-19 17:59:31 trace :
------------
String:
<xml><ToUserName><![CDATA[gh_2d8af677b35f]]></ToUserName>
<FromUserName><![CDATA[oS2nE1Pveo7k3UkIvMDasXDi3vhQ]]></FromUserName>
<CreateTime>1534672771</CreateTime>
<MsgType><![CDATA[event]]></MsgType>
<Event><![CDATA[VIEW]]></Event>
<EventKey><![CDATA[http://www.scjdzgy.com/app/index.php?i=2&c=entry&ctrl=wmall&ac=home&op=index&do=mobile&m=we7_wmall]]></EventKey>
<MenuId>441936682</MenuId>
</xml>

2018-08-19 17:59:31 params :
------------
String:
array (
  'rule' => -2,
  'module' => '',
  'message' => 
  array (
    'tousername' => 'gh_2d8af677b35f',
    'fromusername' => 'oS2nE1Pveo7k3UkIvMDasXDi3vhQ',
    'createtime' => '1534672771',
    'msgtype' => 'event',
    'event' => 'VIEW',
    'eventkey' => 'http://www.scjdzgy.com/app/index.php?i=2&c=entry&ctrl=wmall&ac=home&op=index&do=mobile&m=we7_wmall',
    'menuid' => '441936682',
    'from' => 'oS2nE1Pveo7k3UkIvMDasXDi3vhQ',
    'to' => 'gh_2d8af677b35f',
    'time' => '1534672771',
    'type' => 'text',
    'content' => 'http://www.scjdzgy.com/app/index.php?i=2&c=entry&ctrl=wmall&ac=home&op=index&do=mobile&m=we7_wmall',
    'redirection' => true,
    'source' => 'VIEW',
  ),
)

2018-08-19 17:59:31 response :
------------

2018-08-19 18:00:36 trace :
------------
String:
<xml><ToUserName><![CDATA[gh_2d8af677b35f]]></ToUserName>
<FromUserName><![CDATA[oS2nE1NhNvNXOENEL98BaE42yJ5U]]></FromUserName>
<CreateTime>1534672836</CreateTime>
<MsgType><![CDATA[event]]></MsgType>
<Event><![CDATA[LOCATION]]></Event>
<Latitude>30.647505</Latitude>
<Longitude>104.871384</Longitude>
<Precision>470.000000</Precision>
</xml>

2018-08-19 18:00:36 params :
------------
String:
array (
  'message' => 
  array (
    'tousername' => 'gh_2d8af677b35f',
    'fromusername' => 'oS2nE1NhNvNXOENEL98BaE42yJ5U',
    'createtime' => '1534672836',
    'msgtype' => 'event',
    'event' => 'LOCATION',
    'latitude' => '30.647505',
    'longitude' => '104.871384',
    'precision' => '470.000000',
    'from' => 'oS2nE1NhNvNXOENEL98BaE42yJ5U',
    'to' => 'gh_2d8af677b35f',
    'time' => '1534672836',
    'type' => 'trace',
    'location_x' => '30.647505',
    'location_y' => '104.871384',
  ),
  'module' => 'default',
  'rule' => '-1',
)

2018-08-19 18:00:36 response :
------------
Array:
errno : -1 ;
message : Invaild value ;

2018-08-19 20:01:02 trace :
------------
String:
<xml><ToUserName><![CDATA[gh_2d8af677b35f]]></ToUserName>
<FromUserName><![CDATA[oS2nE1B1PHpu8SNGN45sDmHW6FfM]]></FromUserName>
<CreateTime>1534680062</CreateTime>
<MsgType><![CDATA[event]]></MsgType>
<Event><![CDATA[LOCATION]]></Event>
<Latitude>30.827209</Latitude>
<Longitude>103.869545</Longitude>
<Precision>30.000000</Precision>
</xml>

2018-08-19 20:01:02 params :
------------
String:
array (
  'message' => 
  array (
    'tousername' => 'gh_2d8af677b35f',
    'fromusername' => 'oS2nE1B1PHpu8SNGN45sDmHW6FfM',
    'createtime' => '1534680062',
    'msgtype' => 'event',
    'event' => 'LOCATION',
    'latitude' => '30.827209',
    'longitude' => '103.869545',
    'precision' => '30.000000',
    'from' => 'oS2nE1B1PHpu8SNGN45sDmHW6FfM',
    'to' => 'gh_2d8af677b35f',
    'time' => '1534680062',
    'type' => 'trace',
    'location_x' => '30.827209',
    'location_y' => '103.869545',
  ),
  'module' => 'default',
  'rule' => '-1',
)

2018-08-19 20:01:02 response :
------------
Array:
errno : -1 ;
message : Invaild value ;

2018-08-19 20:07:48 trace :
------------
String:
<xml><ToUserName><![CDATA[gh_2d8af677b35f]]></ToUserName>
<FromUserName><![CDATA[oS2nE1AlzCkSrppsuXxxex2hixow]]></FromUserName>
<CreateTime>1534680467</CreateTime>
<MsgType><![CDATA[event]]></MsgType>
<Event><![CDATA[unsubscribe]]></Event>
<EventKey><![CDATA[]]></EventKey>
</xml>

2018-08-19 20:53:55 trace :
------------
String:
<xml><ToUserName><![CDATA[gh_2d8af677b35f]]></ToUserName>
<FromUserName><![CDATA[oS2nE1Nspt17buTMbPtAS1p1n2EU]]></FromUserName>
<CreateTime>1534683234</CreateTime>
<MsgType><![CDATA[event]]></MsgType>
<Event><![CDATA[LOCATION]]></Event>
<Latitude>30.775253</Latitude>
<Longitude>103.930794</Longitude>
<Precision>380.000000</Precision>
</xml>

2018-08-19 20:53:55 params :
------------
String:
array (
  'message' => 
  array (
    'tousername' => 'gh_2d8af677b35f',
    'fromusername' => 'oS2nE1Nspt17buTMbPtAS1p1n2EU',
    'createtime' => '1534683234',
    'msgtype' => 'event',
    'event' => 'LOCATION',
    'latitude' => '30.775253',
    'longitude' => '103.930794',
    'precision' => '380.000000',
    'from' => 'oS2nE1Nspt17buTMbPtAS1p1n2EU',
    'to' => 'gh_2d8af677b35f',
    'time' => '1534683234',
    'type' => 'trace',
    'location_x' => '30.775253',
    'location_y' => '103.930794',
  ),
  'module' => 'default',
  'rule' => '-1',
)

2018-08-19 20:53:55 response :
------------
Array:
errno : -1 ;
message : Invaild value ;

2018-08-19 20:53:58 trace :
------------
String:
<xml><ToUserName><![CDATA[gh_2d8af677b35f]]></ToUserName>
<FromUserName><![CDATA[oS2nE1Nspt17buTMbPtAS1p1n2EU]]></FromUserName>
<CreateTime>1534683238</CreateTime>
<MsgType><![CDATA[event]]></MsgType>
<Event><![CDATA[unsubscribe]]></Event>
<EventKey><![CDATA[]]></EventKey>
</xml>

2018-08-19 23:02:20 trace :
------------
String:
<xml><ToUserName><![CDATA[gh_2d8af677b35f]]></ToUserName>
<FromUserName><![CDATA[oS2nE1G_OlaP5vdZ2CLSQKAGuvmw]]></FromUserName>
<CreateTime>1534690940</CreateTime>
<MsgType><![CDATA[event]]></MsgType>
<Event><![CDATA[LOCATION]]></Event>
<Latitude>30.782265</Latitude>
<Longitude>103.858940</Longitude>
<Precision>30.000000</Precision>
</xml>

2018-08-19 23:02:20 params :
------------
String:
array (
  'message' => 
  array (
    'tousername' => 'gh_2d8af677b35f',
    'fromusername' => 'oS2nE1G_OlaP5vdZ2CLSQKAGuvmw',
    'createtime' => '1534690940',
    'msgtype' => 'event',
    'event' => 'LOCATION',
    'latitude' => '30.782265',
    'longitude' => '103.858940',
    'precision' => '30.000000',
    'from' => 'oS2nE1G_OlaP5vdZ2CLSQKAGuvmw',
    'to' => 'gh_2d8af677b35f',
    'time' => '1534690940',
    'type' => 'trace',
    'location_x' => '30.782265',
    'location_y' => '103.858940',
  ),
  'module' => 'default',
  'rule' => '-1',
)

2018-08-19 23:02:20 response :
------------
Array:
errno : -1 ;
message : Invaild value ;

2018-08-19 23:02:22 trace :
------------
String:
<xml><ToUserName><![CDATA[gh_2d8af677b35f]]></ToUserName>
<FromUserName><![CDATA[oS2nE1G_OlaP5vdZ2CLSQKAGuvmw]]></FromUserName>
<CreateTime>1534690942</CreateTime>
<MsgType><![CDATA[event]]></MsgType>
<Event><![CDATA[VIEW]]></Event>
<EventKey><![CDATA[http://www.scjdzgy.com/app/index.php?i=2&c=entry&ctrl=wmall&ac=store&op=goods&do=mobile&m=we7_wmall&sid=24]]></EventKey>
<MenuId>441936682</MenuId>
</xml>

2018-08-19 23:02:22 params :
------------
String:
array (
  'rule' => -2,
  'module' => '',
  'message' => 
  array (
    'tousername' => 'gh_2d8af677b35f',
    'fromusername' => 'oS2nE1G_OlaP5vdZ2CLSQKAGuvmw',
    'createtime' => '1534690942',
    'msgtype' => 'event',
    'event' => 'VIEW',
    'eventkey' => 'http://www.scjdzgy.com/app/index.php?i=2&c=entry&ctrl=wmall&ac=store&op=goods&do=mobile&m=we7_wmall&sid=24',
    'menuid' => '441936682',
    'from' => 'oS2nE1G_OlaP5vdZ2CLSQKAGuvmw',
    'to' => 'gh_2d8af677b35f',
    'time' => '1534690942',
    'type' => 'text',
    'content' => 'http://www.scjdzgy.com/app/index.php?i=2&c=entry&ctrl=wmall&ac=store&op=goods&do=mobile&m=we7_wmall&sid=24',
    'redirection' => true,
    'source' => 'VIEW',
  ),
)

2018-08-19 23:02:22 response :
------------

2018-08-19 23:02:34 trace :
------------
String:
<xml><ToUserName><![CDATA[gh_2d8af677b35f]]></ToUserName>
<FromUserName><![CDATA[oS2nE1G_OlaP5vdZ2CLSQKAGuvmw]]></FromUserName>
<CreateTime>1534690954</CreateTime>
<MsgType><![CDATA[event]]></MsgType>
<Event><![CDATA[LOCATION]]></Event>
<Latitude>30.782265</Latitude>
<Longitude>103.858940</Longitude>
<Precision>30.000000</Precision>
</xml>

2018-08-19 23:02:34 params :
------------
String:
array (
  'message' => 
  array (
    'tousername' => 'gh_2d8af677b35f',
    'fromusername' => 'oS2nE1G_OlaP5vdZ2CLSQKAGuvmw',
    'createtime' => '1534690954',
    'msgtype' => 'event',
    'event' => 'LOCATION',
    'latitude' => '30.782265',
    'longitude' => '103.858940',
    'precision' => '30.000000',
    'from' => 'oS2nE1G_OlaP5vdZ2CLSQKAGuvmw',
    'to' => 'gh_2d8af677b35f',
    'time' => '1534690954',
    'type' => 'trace',
    'location_x' => '30.782265',
    'location_y' => '103.858940',
  ),
  'module' => 'default',
  'rule' => '-1',
)

2018-08-19 23:02:34 response :
------------
Array:
errno : -1 ;
message : Invaild value ;

2018-08-19 23:02:36 trace :
------------
String:
<xml><ToUserName><![CDATA[gh_2d8af677b35f]]></ToUserName>
<FromUserName><![CDATA[oS2nE1G_OlaP5vdZ2CLSQKAGuvmw]]></FromUserName>
<CreateTime>1534690955</CreateTime>
<MsgType><![CDATA[event]]></MsgType>
<Event><![CDATA[VIEW]]></Event>
<EventKey><![CDATA[http://www.scjdzgy.com/app/index.php?i=2&c=entry&ctrl=wmall&ac=home&op=index&do=mobile&m=we7_wmall]]></EventKey>
<MenuId>441936682</MenuId>
</xml>

2018-08-19 23:02:36 params :
------------
String:
array (
  'rule' => -2,
  'module' => '',
  'message' => 
  array (
    'tousername' => 'gh_2d8af677b35f',
    'fromusername' => 'oS2nE1G_OlaP5vdZ2CLSQKAGuvmw',
    'createtime' => '1534690955',
    'msgtype' => 'event',
    'event' => 'VIEW',
    'eventkey' => 'http://www.scjdzgy.com/app/index.php?i=2&c=entry&ctrl=wmall&ac=home&op=index&do=mobile&m=we7_wmall',
    'menuid' => '441936682',
    'from' => 'oS2nE1G_OlaP5vdZ2CLSQKAGuvmw',
    'to' => 'gh_2d8af677b35f',
    'time' => '1534690955',
    'type' => 'text',
    'content' => 'http://www.scjdzgy.com/app/index.php?i=2&c=entry&ctrl=wmall&ac=home&op=index&do=mobile&m=we7_wmall',
    'redirection' => true,
    'source' => 'VIEW',
  ),
)

2018-08-19 23:02:36 response :
------------

2018-08-19 23:02:45 trace :
------------
String:
<xml><ToUserName><![CDATA[gh_2d8af677b35f]]></ToUserName>
<FromUserName><![CDATA[oS2nE1G_OlaP5vdZ2CLSQKAGuvmw]]></FromUserName>
<CreateTime>1534690965</CreateTime>
<MsgType><![CDATA[event]]></MsgType>
<Event><![CDATA[LOCATION]]></Event>
<Latitude>30.781872</Latitude>
<Longitude>103.858940</Longitude>
<Precision>30.000000</Precision>
</xml>

2018-08-19 23:02:45 params :
------------
String:
array (
  'message' => 
  array (
    'tousername' => 'gh_2d8af677b35f',
    'fromusername' => 'oS2nE1G_OlaP5vdZ2CLSQKAGuvmw',
    'createtime' => '1534690965',
    'msgtype' => 'event',
    'event' => 'LOCATION',
    'latitude' => '30.781872',
    'longitude' => '103.858940',
    'precision' => '30.000000',
    'from' => 'oS2nE1G_OlaP5vdZ2CLSQKAGuvmw',
    'to' => 'gh_2d8af677b35f',
    'time' => '1534690965',
    'type' => 'trace',
    'location_x' => '30.781872',
    'location_y' => '103.858940',
  ),
  'module' => 'default',
  'rule' => '-1',
)

2018-08-19 23:02:45 response :
------------
Array:
errno : -1 ;
message : Invaild value ;

