2018-08-28 00:02:14 trace :
------------
String:
<xml><ToUserName><![CDATA[gh_2d8af677b35f]]></ToUserName>
<FromUserName><![CDATA[oS2nE1LLgPDnr7k9tft3O30zkrFI]]></FromUserName>
<CreateTime>1535385729</CreateTime>
<MsgType><![CDATA[event]]></MsgType>
<Event><![CDATA[VIEW]]></Event>
<EventKey><![CDATA[http://www.scjdzgy.com/app/index.php?i=2&c=entry&ctrl=manage&ac=home&op=index&do=mobile&m=we7_wmall]]></EventKey>
<MenuId>441995331</MenuId>
</xml>

2018-08-28 00:02:14 params :
------------
String:
array (
  'rule' => -2,
  'module' => '',
  'message' => 
  array (
    'tousername' => 'gh_2d8af677b35f',
    'fromusername' => 'oS2nE1LLgPDnr7k9tft3O30zkrFI',
    'createtime' => '1535385729',
    'msgtype' => 'event',
    'event' => 'VIEW',
    'eventkey' => 'http://www.scjdzgy.com/app/index.php?i=2&c=entry&ctrl=manage&ac=home&op=index&do=mobile&m=we7_wmall',
    'menuid' => '441995331',
    'from' => 'oS2nE1LLgPDnr7k9tft3O30zkrFI',
    'to' => 'gh_2d8af677b35f',
    'time' => '1535385729',
    'type' => 'text',
    'content' => 'http://www.scjdzgy.com/app/index.php?i=2&c=entry&ctrl=manage&ac=home&op=index&do=mobile&m=we7_wmall',
    'redirection' => true,
    'source' => 'VIEW',
  ),
)

2018-08-28 00:02:14 response :
------------

2018-08-28 00:02:14 trace :
------------
String:
<xml><ToUserName><![CDATA[gh_2d8af677b35f]]></ToUserName>
<FromUserName><![CDATA[oS2nE1LLgPDnr7k9tft3O30zkrFI]]></FromUserName>
<CreateTime>1535385729</CreateTime>
<MsgType><![CDATA[event]]></MsgType>
<Event><![CDATA[VIEW]]></Event>
<EventKey><![CDATA[http://www.scjdzgy.com/app/index.php?i=2&c=entry&ctrl=manage&ac=home&op=index&do=mobile&m=we7_wmall]]></EventKey>
<MenuId>441995331</MenuId>
</xml>

2018-08-28 00:02:14 params :
------------
String:
array (
  'rule' => -2,
  'module' => '',
  'message' => 
  array (
    'tousername' => 'gh_2d8af677b35f',
    'fromusername' => 'oS2nE1LLgPDnr7k9tft3O30zkrFI',
    'createtime' => '1535385729',
    'msgtype' => 'event',
    'event' => 'VIEW',
    'eventkey' => 'http://www.scjdzgy.com/app/index.php?i=2&c=entry&ctrl=manage&ac=home&op=index&do=mobile&m=we7_wmall',
    'menuid' => '441995331',
    'from' => 'oS2nE1LLgPDnr7k9tft3O30zkrFI',
    'to' => 'gh_2d8af677b35f',
    'time' => '1535385729',
    'type' => 'text',
    'content' => 'http://www.scjdzgy.com/app/index.php?i=2&c=entry&ctrl=manage&ac=home&op=index&do=mobile&m=we7_wmall',
    'redirection' => true,
    'source' => 'VIEW',
  ),
)

2018-08-28 00:02:14 response :
------------

2018-08-28 00:02:18 trace :
------------
String:
<xml><ToUserName><![CDATA[gh_2d8af677b35f]]></ToUserName>
<FromUserName><![CDATA[oS2nE1LLgPDnr7k9tft3O30zkrFI]]></FromUserName>
<CreateTime>1535385737</CreateTime>
<MsgType><![CDATA[event]]></MsgType>
<Event><![CDATA[VIEW]]></Event>
<EventKey><![CDATA[http://www.scjdzgy.com/app/index.php?i=2&c=entry&ctrl=wmall&ac=home&op=index&do=mobile&m=we7_wmall]]></EventKey>
<MenuId>441995331</MenuId>
</xml>

2018-08-28 00:02:18 params :
------------
String:
array (
  'rule' => -2,
  'module' => '',
  'message' => 
  array (
    'tousername' => 'gh_2d8af677b35f',
    'fromusername' => 'oS2nE1LLgPDnr7k9tft3O30zkrFI',
    'createtime' => '1535385737',
    'msgtype' => 'event',
    'event' => 'VIEW',
    'eventkey' => 'http://www.scjdzgy.com/app/index.php?i=2&c=entry&ctrl=wmall&ac=home&op=index&do=mobile&m=we7_wmall',
    'menuid' => '441995331',
    'from' => 'oS2nE1LLgPDnr7k9tft3O30zkrFI',
    'to' => 'gh_2d8af677b35f',
    'time' => '1535385737',
    'type' => 'text',
    'content' => 'http://www.scjdzgy.com/app/index.php?i=2&c=entry&ctrl=wmall&ac=home&op=index&do=mobile&m=we7_wmall',
    'redirection' => true,
    'source' => 'VIEW',
  ),
)

2018-08-28 00:02:18 response :
------------

2018-08-28 08:00:04 trace :
------------
String:
<xml><ToUserName><![CDATA[gh_2d8af677b35f]]></ToUserName>
<FromUserName><![CDATA[oS2nE1GiQkWwTynqznX4pY2UtuBE]]></FromUserName>
<CreateTime>1535414404</CreateTime>
<MsgType><![CDATA[event]]></MsgType>
<Event><![CDATA[subscribe]]></Event>
<EventKey><![CDATA[]]></EventKey>
</xml>

2018-08-28 08:00:05 params :
------------
String:
array (
  'rule' => -2,
  'module' => '',
  'message' => 
  array (
    'tousername' => 'gh_2d8af677b35f',
    'fromusername' => 'oS2nE1GiQkWwTynqznX4pY2UtuBE',
    'createtime' => '1535414404',
    'msgtype' => 'event',
    'event' => 'subscribe',
    'eventkey' => '',
    'from' => 'oS2nE1GiQkWwTynqznX4pY2UtuBE',
    'to' => 'gh_2d8af677b35f',
    'time' => '1535414404',
    'type' => 'text',
    'redirection' => true,
    'source' => 'subscribe',
  ),
)

2018-08-28 08:00:05 response :
------------

2018-08-28 08:00:08 trace :
------------
String:
<xml><ToUserName><![CDATA[gh_2d8af677b35f]]></ToUserName>
<FromUserName><![CDATA[oS2nE1GiQkWwTynqznX4pY2UtuBE]]></FromUserName>
<CreateTime>1535414407</CreateTime>
<MsgType><![CDATA[event]]></MsgType>
<Event><![CDATA[VIEW]]></Event>
<EventKey><![CDATA[http://www.scjdzgy.com/app/index.php?i=2&c=entry&ctrl=wmall&ac=home&op=index&do=mobile&m=we7_wmall]]></EventKey>
<MenuId>441995331</MenuId>
</xml>

2018-08-28 08:00:08 params :
------------
String:
array (
  'rule' => -2,
  'module' => '',
  'message' => 
  array (
    'tousername' => 'gh_2d8af677b35f',
    'fromusername' => 'oS2nE1GiQkWwTynqznX4pY2UtuBE',
    'createtime' => '1535414407',
    'msgtype' => 'event',
    'event' => 'VIEW',
    'eventkey' => 'http://www.scjdzgy.com/app/index.php?i=2&c=entry&ctrl=wmall&ac=home&op=index&do=mobile&m=we7_wmall',
    'menuid' => '441995331',
    'from' => 'oS2nE1GiQkWwTynqznX4pY2UtuBE',
    'to' => 'gh_2d8af677b35f',
    'time' => '1535414407',
    'type' => 'text',
    'content' => 'http://www.scjdzgy.com/app/index.php?i=2&c=entry&ctrl=wmall&ac=home&op=index&do=mobile&m=we7_wmall',
    'redirection' => true,
    'source' => 'VIEW',
  ),
)

2018-08-28 08:00:08 response :
------------

2018-08-28 08:41:18 trace :
------------
String:
<xml><ToUserName><![CDATA[gh_2d8af677b35f]]></ToUserName>
<FromUserName><![CDATA[oS2nE1L8Hd7SfAJ7tF75Yxce3YnQ]]></FromUserName>
<CreateTime>1535416878</CreateTime>
<MsgType><![CDATA[event]]></MsgType>
<Event><![CDATA[VIEW]]></Event>
<EventKey><![CDATA[http://www.scjdzgy.com/app/index.php?i=2&c=entry&ctrl=manage&ac=home&op=index&do=mobile&m=we7_wmall]]></EventKey>
<MenuId>441995331</MenuId>
</xml>

2018-08-28 08:41:18 params :
------------
String:
array (
  'rule' => -2,
  'module' => '',
  'message' => 
  array (
    'tousername' => 'gh_2d8af677b35f',
    'fromusername' => 'oS2nE1L8Hd7SfAJ7tF75Yxce3YnQ',
    'createtime' => '1535416878',
    'msgtype' => 'event',
    'event' => 'VIEW',
    'eventkey' => 'http://www.scjdzgy.com/app/index.php?i=2&c=entry&ctrl=manage&ac=home&op=index&do=mobile&m=we7_wmall',
    'menuid' => '441995331',
    'from' => 'oS2nE1L8Hd7SfAJ7tF75Yxce3YnQ',
    'to' => 'gh_2d8af677b35f',
    'time' => '1535416878',
    'type' => 'text',
    'content' => 'http://www.scjdzgy.com/app/index.php?i=2&c=entry&ctrl=manage&ac=home&op=index&do=mobile&m=we7_wmall',
    'redirection' => true,
    'source' => 'VIEW',
  ),
)

2018-08-28 08:41:18 response :
------------

2018-08-28 08:41:41 trace :
------------
String:
<xml><ToUserName><![CDATA[gh_2d8af677b35f]]></ToUserName>
<FromUserName><![CDATA[oS2nE1L8Hd7SfAJ7tF75Yxce3YnQ]]></FromUserName>
<CreateTime>1535416901</CreateTime>
<MsgType><![CDATA[event]]></MsgType>
<Event><![CDATA[VIEW]]></Event>
<EventKey><![CDATA[http://www.scjdzgy.com/app/index.php?i=2&c=entry&ctrl=wmall&ac=home&op=index&do=mobile&m=we7_wmall]]></EventKey>
<MenuId>441995331</MenuId>
</xml>

2018-08-28 08:41:41 params :
------------
String:
array (
  'rule' => -2,
  'module' => '',
  'message' => 
  array (
    'tousername' => 'gh_2d8af677b35f',
    'fromusername' => 'oS2nE1L8Hd7SfAJ7tF75Yxce3YnQ',
    'createtime' => '1535416901',
    'msgtype' => 'event',
    'event' => 'VIEW',
    'eventkey' => 'http://www.scjdzgy.com/app/index.php?i=2&c=entry&ctrl=wmall&ac=home&op=index&do=mobile&m=we7_wmall',
    'menuid' => '441995331',
    'from' => 'oS2nE1L8Hd7SfAJ7tF75Yxce3YnQ',
    'to' => 'gh_2d8af677b35f',
    'time' => '1535416901',
    'type' => 'text',
    'content' => 'http://www.scjdzgy.com/app/index.php?i=2&c=entry&ctrl=wmall&ac=home&op=index&do=mobile&m=we7_wmall',
    'redirection' => true,
    'source' => 'VIEW',
  ),
)

2018-08-28 08:41:41 response :
------------

2018-08-28 09:11:00 trace :
------------
String:
<xml><ToUserName><![CDATA[gh_2d8af677b35f]]></ToUserName>
<FromUserName><![CDATA[oS2nE1HC9rku1rgCqWvulWqAl4UE]]></FromUserName>
<CreateTime>1535418660</CreateTime>
<MsgType><![CDATA[event]]></MsgType>
<Event><![CDATA[VIEW]]></Event>
<EventKey><![CDATA[http://www.scjdzgy.com/app/index.php?i=2&c=entry&ctrl=wmall&ac=store&op=goods&do=mobile&m=we7_wmall&sid=32]]></EventKey>
<MenuId>441995331</MenuId>
</xml>

2018-08-28 09:11:00 params :
------------
String:
array (
  'rule' => -2,
  'module' => '',
  'message' => 
  array (
    'tousername' => 'gh_2d8af677b35f',
    'fromusername' => 'oS2nE1HC9rku1rgCqWvulWqAl4UE',
    'createtime' => '1535418660',
    'msgtype' => 'event',
    'event' => 'VIEW',
    'eventkey' => 'http://www.scjdzgy.com/app/index.php?i=2&c=entry&ctrl=wmall&ac=store&op=goods&do=mobile&m=we7_wmall&sid=32',
    'menuid' => '441995331',
    'from' => 'oS2nE1HC9rku1rgCqWvulWqAl4UE',
    'to' => 'gh_2d8af677b35f',
    'time' => '1535418660',
    'type' => 'text',
    'content' => 'http://www.scjdzgy.com/app/index.php?i=2&c=entry&ctrl=wmall&ac=store&op=goods&do=mobile&m=we7_wmall&sid=32',
    'redirection' => true,
    'source' => 'VIEW',
  ),
)

2018-08-28 09:11:00 response :
------------

2018-08-28 10:00:51 trace :
------------
String:
<xml><ToUserName><![CDATA[gh_2d8af677b35f]]></ToUserName>
<FromUserName><![CDATA[oS2nE1HC9rku1rgCqWvulWqAl4UE]]></FromUserName>
<CreateTime>1535421650</CreateTime>
<MsgType><![CDATA[event]]></MsgType>
<Event><![CDATA[LOCATION]]></Event>
<Latitude>30.782200</Latitude>
<Longitude>103.859695</Longitude>
<Precision>20.000000</Precision>
</xml>

2018-08-28 10:00:51 params :
------------
String:
array (
  'message' => 
  array (
    'tousername' => 'gh_2d8af677b35f',
    'fromusername' => 'oS2nE1HC9rku1rgCqWvulWqAl4UE',
    'createtime' => '1535421650',
    'msgtype' => 'event',
    'event' => 'LOCATION',
    'latitude' => '30.782200',
    'longitude' => '103.859695',
    'precision' => '20.000000',
    'from' => 'oS2nE1HC9rku1rgCqWvulWqAl4UE',
    'to' => 'gh_2d8af677b35f',
    'time' => '1535421650',
    'type' => 'trace',
    'location_x' => '30.782200',
    'location_y' => '103.859695',
  ),
  'module' => 'default',
  'rule' => '-1',
)

2018-08-28 10:00:51 response :
------------
Array:
errno : -1 ;
message : Invaild value ;

2018-08-28 10:02:22 trace :
------------
String:
<xml><ToUserName><![CDATA[gh_2d8af677b35f]]></ToUserName>
<FromUserName><![CDATA[oS2nE1HC9rku1rgCqWvulWqAl4UE]]></FromUserName>
<CreateTime>1535421742</CreateTime>
<MsgType><![CDATA[event]]></MsgType>
<Event><![CDATA[LOCATION]]></Event>
<Latitude>30.782267</Latitude>
<Longitude>103.859764</Longitude>
<Precision>30.000000</Precision>
</xml>

2018-08-28 10:02:22 params :
------------
String:
array (
  'message' => 
  array (
    'tousername' => 'gh_2d8af677b35f',
    'fromusername' => 'oS2nE1HC9rku1rgCqWvulWqAl4UE',
    'createtime' => '1535421742',
    'msgtype' => 'event',
    'event' => 'LOCATION',
    'latitude' => '30.782267',
    'longitude' => '103.859764',
    'precision' => '30.000000',
    'from' => 'oS2nE1HC9rku1rgCqWvulWqAl4UE',
    'to' => 'gh_2d8af677b35f',
    'time' => '1535421742',
    'type' => 'trace',
    'location_x' => '30.782267',
    'location_y' => '103.859764',
  ),
  'module' => 'default',
  'rule' => '-1',
)

2018-08-28 10:02:22 response :
------------
Array:
errno : -1 ;
message : Invaild value ;

2018-08-28 10:02:23 trace :
------------
String:
<xml><ToUserName><![CDATA[gh_2d8af677b35f]]></ToUserName>
<FromUserName><![CDATA[oS2nE1HC9rku1rgCqWvulWqAl4UE]]></FromUserName>
<CreateTime>1535421742</CreateTime>
<MsgType><![CDATA[event]]></MsgType>
<Event><![CDATA[VIEW]]></Event>
<EventKey><![CDATA[http://www.scjdzgy.com/app/index.php?i=2&c=entry&ctrl=wmall&ac=store&op=goods&do=mobile&m=we7_wmall&sid=32]]></EventKey>
<MenuId>441995331</MenuId>
</xml>

2018-08-28 10:02:23 params :
------------
String:
array (
  'rule' => -2,
  'module' => '',
  'message' => 
  array (
    'tousername' => 'gh_2d8af677b35f',
    'fromusername' => 'oS2nE1HC9rku1rgCqWvulWqAl4UE',
    'createtime' => '1535421742',
    'msgtype' => 'event',
    'event' => 'VIEW',
    'eventkey' => 'http://www.scjdzgy.com/app/index.php?i=2&c=entry&ctrl=wmall&ac=store&op=goods&do=mobile&m=we7_wmall&sid=32',
    'menuid' => '441995331',
    'from' => 'oS2nE1HC9rku1rgCqWvulWqAl4UE',
    'to' => 'gh_2d8af677b35f',
    'time' => '1535421742',
    'type' => 'text',
    'content' => 'http://www.scjdzgy.com/app/index.php?i=2&c=entry&ctrl=wmall&ac=store&op=goods&do=mobile&m=we7_wmall&sid=32',
    'redirection' => true,
    'source' => 'VIEW',
  ),
)

2018-08-28 10:02:23 response :
------------

2018-08-28 10:08:36 trace :
------------
String:
<xml><ToUserName><![CDATA[gh_2d8af677b35f]]></ToUserName>
<FromUserName><![CDATA[oS2nE1HC9rku1rgCqWvulWqAl4UE]]></FromUserName>
<CreateTime>1535422116</CreateTime>
<MsgType><![CDATA[event]]></MsgType>
<Event><![CDATA[LOCATION]]></Event>
<Latitude>30.782295</Latitude>
<Longitude>103.859970</Longitude>
<Precision>30.000000</Precision>
</xml>

2018-08-28 10:08:36 params :
------------
String:
array (
  'message' => 
  array (
    'tousername' => 'gh_2d8af677b35f',
    'fromusername' => 'oS2nE1HC9rku1rgCqWvulWqAl4UE',
    'createtime' => '1535422116',
    'msgtype' => 'event',
    'event' => 'LOCATION',
    'latitude' => '30.782295',
    'longitude' => '103.859970',
    'precision' => '30.000000',
    'from' => 'oS2nE1HC9rku1rgCqWvulWqAl4UE',
    'to' => 'gh_2d8af677b35f',
    'time' => '1535422116',
    'type' => 'trace',
    'location_x' => '30.782295',
    'location_y' => '103.859970',
  ),
  'module' => 'default',
  'rule' => '-1',
)

2018-08-28 10:08:36 response :
------------
Array:
errno : -1 ;
message : Invaild value ;

