2018-08-11 10:08:44 trace :
------------
String:
<xml><ToUserName><![CDATA[gh_2d8af677b35f]]></ToUserName>
<FromUserName><![CDATA[oS2nE1NhNvNXOENEL98BaE42yJ5U]]></FromUserName>
<CreateTime>1533953323</CreateTime>
<MsgType><![CDATA[event]]></MsgType>
<Event><![CDATA[VIEW]]></Event>
<EventKey><![CDATA[http://paotui.scxysd.com/app/index.php?i=2&c=entry&ctrl=wmall&ac=store&op=goods&do=mobile&m=we7_wmall&sid=19]]></EventKey>
<MenuId>441810081</MenuId>
</xml>

2018-08-11 10:08:44 params :
------------
String:
array (
  'rule' => -2,
  'module' => '',
  'message' => 
  array (
    'tousername' => 'gh_2d8af677b35f',
    'fromusername' => 'oS2nE1NhNvNXOENEL98BaE42yJ5U',
    'createtime' => '1533953323',
    'msgtype' => 'event',
    'event' => 'VIEW',
    'eventkey' => 'http://paotui.scxysd.com/app/index.php?i=2&c=entry&ctrl=wmall&ac=store&op=goods&do=mobile&m=we7_wmall&sid=19',
    'menuid' => '441810081',
    'from' => 'oS2nE1NhNvNXOENEL98BaE42yJ5U',
    'to' => 'gh_2d8af677b35f',
    'time' => '1533953323',
    'type' => 'text',
    'content' => 'http://paotui.scxysd.com/app/index.php?i=2&c=entry&ctrl=wmall&ac=store&op=goods&do=mobile&m=we7_wmall&sid=19',
    'redirection' => true,
    'source' => 'VIEW',
  ),
)

2018-08-11 10:08:44 response :
------------

2018-08-11 10:19:07 trace :
------------
String:
<xml><ToUserName><![CDATA[gh_2d8af677b35f]]></ToUserName>
<FromUserName><![CDATA[oS2nE1L8Hd7SfAJ7tF75Yxce3YnQ]]></FromUserName>
<CreateTime>1533953947</CreateTime>
<MsgType><![CDATA[event]]></MsgType>
<Event><![CDATA[VIEW]]></Event>
<EventKey><![CDATA[http://paotui.scxysd.com/app/index.php?i=2&c=entry&ctrl=wmall&ac=home&op=guide&do=mobile&m=we7_wmall]]></EventKey>
<MenuId>441810081</MenuId>
</xml>

2018-08-11 10:19:07 params :
------------
String:
array (
  'rule' => -2,
  'module' => '',
  'message' => 
  array (
    'tousername' => 'gh_2d8af677b35f',
    'fromusername' => 'oS2nE1L8Hd7SfAJ7tF75Yxce3YnQ',
    'createtime' => '1533953947',
    'msgtype' => 'event',
    'event' => 'VIEW',
    'eventkey' => 'http://paotui.scxysd.com/app/index.php?i=2&c=entry&ctrl=wmall&ac=home&op=guide&do=mobile&m=we7_wmall',
    'menuid' => '441810081',
    'from' => 'oS2nE1L8Hd7SfAJ7tF75Yxce3YnQ',
    'to' => 'gh_2d8af677b35f',
    'time' => '1533953947',
    'type' => 'text',
    'content' => 'http://paotui.scxysd.com/app/index.php?i=2&c=entry&ctrl=wmall&ac=home&op=guide&do=mobile&m=we7_wmall',
    'redirection' => true,
    'source' => 'VIEW',
  ),
)

2018-08-11 10:19:07 response :
------------

2018-08-11 10:19:13 trace :
------------
String:
<xml><ToUserName><![CDATA[gh_2d8af677b35f]]></ToUserName>
<FromUserName><![CDATA[oS2nE1L8Hd7SfAJ7tF75Yxce3YnQ]]></FromUserName>
<CreateTime>1533953952</CreateTime>
<MsgType><![CDATA[event]]></MsgType>
<Event><![CDATA[VIEW]]></Event>
<EventKey><![CDATA[http://paotui.scxysd.com/app/index.php?i=2&c=entry&ctrl=wmall&ac=home&op=guide&do=mobile&m=we7_wmall]]></EventKey>
<MenuId>441810081</MenuId>
</xml>

2018-08-11 10:19:13 params :
------------
String:
array (
  'rule' => -2,
  'module' => '',
  'message' => 
  array (
    'tousername' => 'gh_2d8af677b35f',
    'fromusername' => 'oS2nE1L8Hd7SfAJ7tF75Yxce3YnQ',
    'createtime' => '1533953952',
    'msgtype' => 'event',
    'event' => 'VIEW',
    'eventkey' => 'http://paotui.scxysd.com/app/index.php?i=2&c=entry&ctrl=wmall&ac=home&op=guide&do=mobile&m=we7_wmall',
    'menuid' => '441810081',
    'from' => 'oS2nE1L8Hd7SfAJ7tF75Yxce3YnQ',
    'to' => 'gh_2d8af677b35f',
    'time' => '1533953952',
    'type' => 'text',
    'content' => 'http://paotui.scxysd.com/app/index.php?i=2&c=entry&ctrl=wmall&ac=home&op=guide&do=mobile&m=we7_wmall',
    'redirection' => true,
    'source' => 'VIEW',
  ),
)

2018-08-11 10:19:13 response :
------------

2018-08-11 10:19:18 trace :
------------
String:
<xml><ToUserName><![CDATA[gh_2d8af677b35f]]></ToUserName>
<FromUserName><![CDATA[oS2nE1L8Hd7SfAJ7tF75Yxce3YnQ]]></FromUserName>
<CreateTime>1533953957</CreateTime>
<MsgType><![CDATA[event]]></MsgType>
<Event><![CDATA[VIEW]]></Event>
<EventKey><![CDATA[http://paotui.scxysd.com/app/index.php?i=2&c=entry&ctrl=wmall&ac=home&op=guide&do=mobile&m=we7_wmall]]></EventKey>
<MenuId>441810081</MenuId>
</xml>

2018-08-11 10:19:18 params :
------------
String:
array (
  'rule' => -2,
  'module' => '',
  'message' => 
  array (
    'tousername' => 'gh_2d8af677b35f',
    'fromusername' => 'oS2nE1L8Hd7SfAJ7tF75Yxce3YnQ',
    'createtime' => '1533953957',
    'msgtype' => 'event',
    'event' => 'VIEW',
    'eventkey' => 'http://paotui.scxysd.com/app/index.php?i=2&c=entry&ctrl=wmall&ac=home&op=guide&do=mobile&m=we7_wmall',
    'menuid' => '441810081',
    'from' => 'oS2nE1L8Hd7SfAJ7tF75Yxce3YnQ',
    'to' => 'gh_2d8af677b35f',
    'time' => '1533953957',
    'type' => 'text',
    'content' => 'http://paotui.scxysd.com/app/index.php?i=2&c=entry&ctrl=wmall&ac=home&op=guide&do=mobile&m=we7_wmall',
    'redirection' => true,
    'source' => 'VIEW',
  ),
)

2018-08-11 10:19:18 response :
------------

2018-08-11 10:19:23 trace :
------------
String:
<xml><ToUserName><![CDATA[gh_2d8af677b35f]]></ToUserName>
<FromUserName><![CDATA[oS2nE1L8Hd7SfAJ7tF75Yxce3YnQ]]></FromUserName>
<CreateTime>1533953963</CreateTime>
<MsgType><![CDATA[event]]></MsgType>
<Event><![CDATA[VIEW]]></Event>
<EventKey><![CDATA[http://paotui.scxysd.com/app/index.php?i=2&c=entry&ctrl=wmall&ac=store&op=goods&do=mobile&m=we7_wmall&sid=19]]></EventKey>
<MenuId>441810081</MenuId>
</xml>

2018-08-11 10:19:23 params :
------------
String:
array (
  'rule' => -2,
  'module' => '',
  'message' => 
  array (
    'tousername' => 'gh_2d8af677b35f',
    'fromusername' => 'oS2nE1L8Hd7SfAJ7tF75Yxce3YnQ',
    'createtime' => '1533953963',
    'msgtype' => 'event',
    'event' => 'VIEW',
    'eventkey' => 'http://paotui.scxysd.com/app/index.php?i=2&c=entry&ctrl=wmall&ac=store&op=goods&do=mobile&m=we7_wmall&sid=19',
    'menuid' => '441810081',
    'from' => 'oS2nE1L8Hd7SfAJ7tF75Yxce3YnQ',
    'to' => 'gh_2d8af677b35f',
    'time' => '1533953963',
    'type' => 'text',
    'content' => 'http://paotui.scxysd.com/app/index.php?i=2&c=entry&ctrl=wmall&ac=store&op=goods&do=mobile&m=we7_wmall&sid=19',
    'redirection' => true,
    'source' => 'VIEW',
  ),
)

2018-08-11 10:19:23 response :
------------

2018-08-11 10:19:27 trace :
------------
String:
<xml><ToUserName><![CDATA[gh_2d8af677b35f]]></ToUserName>
<FromUserName><![CDATA[oS2nE1L8Hd7SfAJ7tF75Yxce3YnQ]]></FromUserName>
<CreateTime>1533953967</CreateTime>
<MsgType><![CDATA[event]]></MsgType>
<Event><![CDATA[VIEW]]></Event>
<EventKey><![CDATA[http://www.scjdzgy.com/app/index.php?i=2&c=entry&ctrl=manage&ac=home&op=index&do=mobile&m=we7_wmall]]></EventKey>
<MenuId>441810081</MenuId>
</xml>

2018-08-11 10:19:27 params :
------------
String:
array (
  'rule' => -2,
  'module' => '',
  'message' => 
  array (
    'tousername' => 'gh_2d8af677b35f',
    'fromusername' => 'oS2nE1L8Hd7SfAJ7tF75Yxce3YnQ',
    'createtime' => '1533953967',
    'msgtype' => 'event',
    'event' => 'VIEW',
    'eventkey' => 'http://www.scjdzgy.com/app/index.php?i=2&c=entry&ctrl=manage&ac=home&op=index&do=mobile&m=we7_wmall',
    'menuid' => '441810081',
    'from' => 'oS2nE1L8Hd7SfAJ7tF75Yxce3YnQ',
    'to' => 'gh_2d8af677b35f',
    'time' => '1533953967',
    'type' => 'text',
    'content' => 'http://www.scjdzgy.com/app/index.php?i=2&c=entry&ctrl=manage&ac=home&op=index&do=mobile&m=we7_wmall',
    'redirection' => true,
    'source' => 'VIEW',
  ),
)

2018-08-11 10:19:27 response :
------------

2018-08-11 10:57:32 trace :
------------
String:
<xml><ToUserName><![CDATA[gh_2d8af677b35f]]></ToUserName>
<FromUserName><![CDATA[oS2nE1NhNvNXOENEL98BaE42yJ5U]]></FromUserName>
<CreateTime>1533956252</CreateTime>
<MsgType><![CDATA[event]]></MsgType>
<Event><![CDATA[VIEW]]></Event>
<EventKey><![CDATA[http://paotui.scxysd.com/app/index.php?i=2&c=entry&ctrl=wmall&ac=home&op=guide&do=mobile&m=we7_wmall]]></EventKey>
<MenuId>441810081</MenuId>
</xml>

2018-08-11 10:57:32 params :
------------
String:
array (
  'rule' => -2,
  'module' => '',
  'message' => 
  array (
    'tousername' => 'gh_2d8af677b35f',
    'fromusername' => 'oS2nE1NhNvNXOENEL98BaE42yJ5U',
    'createtime' => '1533956252',
    'msgtype' => 'event',
    'event' => 'VIEW',
    'eventkey' => 'http://paotui.scxysd.com/app/index.php?i=2&c=entry&ctrl=wmall&ac=home&op=guide&do=mobile&m=we7_wmall',
    'menuid' => '441810081',
    'from' => 'oS2nE1NhNvNXOENEL98BaE42yJ5U',
    'to' => 'gh_2d8af677b35f',
    'time' => '1533956252',
    'type' => 'text',
    'content' => 'http://paotui.scxysd.com/app/index.php?i=2&c=entry&ctrl=wmall&ac=home&op=guide&do=mobile&m=we7_wmall',
    'redirection' => true,
    'source' => 'VIEW',
  ),
)

2018-08-11 10:57:32 response :
------------

2018-08-11 10:57:42 trace :
------------
String:
<xml><ToUserName><![CDATA[gh_2d8af677b35f]]></ToUserName>
<FromUserName><![CDATA[oS2nE1NhNvNXOENEL98BaE42yJ5U]]></FromUserName>
<CreateTime>1533956262</CreateTime>
<MsgType><![CDATA[event]]></MsgType>
<Event><![CDATA[VIEW]]></Event>
<EventKey><![CDATA[http://paotui.scxysd.com/app/index.php?i=2&c=entry&ctrl=wmall&ac=store&op=goods&do=mobile&m=we7_wmall&sid=19]]></EventKey>
<MenuId>441810081</MenuId>
</xml>

2018-08-11 10:57:42 params :
------------
String:
array (
  'rule' => -2,
  'module' => '',
  'message' => 
  array (
    'tousername' => 'gh_2d8af677b35f',
    'fromusername' => 'oS2nE1NhNvNXOENEL98BaE42yJ5U',
    'createtime' => '1533956262',
    'msgtype' => 'event',
    'event' => 'VIEW',
    'eventkey' => 'http://paotui.scxysd.com/app/index.php?i=2&c=entry&ctrl=wmall&ac=store&op=goods&do=mobile&m=we7_wmall&sid=19',
    'menuid' => '441810081',
    'from' => 'oS2nE1NhNvNXOENEL98BaE42yJ5U',
    'to' => 'gh_2d8af677b35f',
    'time' => '1533956262',
    'type' => 'text',
    'content' => 'http://paotui.scxysd.com/app/index.php?i=2&c=entry&ctrl=wmall&ac=store&op=goods&do=mobile&m=we7_wmall&sid=19',
    'redirection' => true,
    'source' => 'VIEW',
  ),
)

2018-08-11 10:57:42 response :
------------

2018-08-11 10:57:45 trace :
------------
String:
<xml><ToUserName><![CDATA[gh_2d8af677b35f]]></ToUserName>
<FromUserName><![CDATA[oS2nE1HC9rku1rgCqWvulWqAl4UE]]></FromUserName>
<CreateTime>1533956265</CreateTime>
<MsgType><![CDATA[event]]></MsgType>
<Event><![CDATA[VIEW]]></Event>
<EventKey><![CDATA[http://paotui.scxysd.com/app/index.php?i=2&c=entry&ctrl=wmall&ac=home&op=guide&do=mobile&m=we7_wmall]]></EventKey>
<MenuId>441808110</MenuId>
</xml>

2018-08-11 10:57:45 params :
------------
String:
array (
  'rule' => -2,
  'module' => '',
  'message' => 
  array (
    'tousername' => 'gh_2d8af677b35f',
    'fromusername' => 'oS2nE1HC9rku1rgCqWvulWqAl4UE',
    'createtime' => '1533956265',
    'msgtype' => 'event',
    'event' => 'VIEW',
    'eventkey' => 'http://paotui.scxysd.com/app/index.php?i=2&c=entry&ctrl=wmall&ac=home&op=guide&do=mobile&m=we7_wmall',
    'menuid' => '441808110',
    'from' => 'oS2nE1HC9rku1rgCqWvulWqAl4UE',
    'to' => 'gh_2d8af677b35f',
    'time' => '1533956265',
    'type' => 'text',
    'content' => 'http://paotui.scxysd.com/app/index.php?i=2&c=entry&ctrl=wmall&ac=home&op=guide&do=mobile&m=we7_wmall',
    'redirection' => true,
    'source' => 'VIEW',
  ),
)

2018-08-11 10:57:45 response :
------------

2018-08-11 10:57:54 trace :
------------
String:
<xml><ToUserName><![CDATA[gh_2d8af677b35f]]></ToUserName>
<FromUserName><![CDATA[oS2nE1HC9rku1rgCqWvulWqAl4UE]]></FromUserName>
<CreateTime>1533956274</CreateTime>
<MsgType><![CDATA[event]]></MsgType>
<Event><![CDATA[VIEW]]></Event>
<EventKey><![CDATA[http://paotui.scxysd.com/app/index.php?i=2&c=entry&ctrl=wmall&ac=store&op=goods&do=mobile&m=we7_wmall&sid=19]]></EventKey>
<MenuId>441808110</MenuId>
</xml>

2018-08-11 10:57:54 params :
------------
String:
array (
  'rule' => -2,
  'module' => '',
  'message' => 
  array (
    'tousername' => 'gh_2d8af677b35f',
    'fromusername' => 'oS2nE1HC9rku1rgCqWvulWqAl4UE',
    'createtime' => '1533956274',
    'msgtype' => 'event',
    'event' => 'VIEW',
    'eventkey' => 'http://paotui.scxysd.com/app/index.php?i=2&c=entry&ctrl=wmall&ac=store&op=goods&do=mobile&m=we7_wmall&sid=19',
    'menuid' => '441808110',
    'from' => 'oS2nE1HC9rku1rgCqWvulWqAl4UE',
    'to' => 'gh_2d8af677b35f',
    'time' => '1533956274',
    'type' => 'text',
    'content' => 'http://paotui.scxysd.com/app/index.php?i=2&c=entry&ctrl=wmall&ac=store&op=goods&do=mobile&m=we7_wmall&sid=19',
    'redirection' => true,
    'source' => 'VIEW',
  ),
)

2018-08-11 10:57:54 response :
------------

2018-08-11 11:00:46 trace :
------------
String:
<xml><ToUserName><![CDATA[gh_2d8af677b35f]]></ToUserName>
<FromUserName><![CDATA[oS2nE1LIh3__uP_tlLhH971CmE9U]]></FromUserName>
<CreateTime>1533956445</CreateTime>
<MsgType><![CDATA[event]]></MsgType>
<Event><![CDATA[VIEW]]></Event>
<EventKey><![CDATA[http://paotui.scxysd.com/app/index.php?i=2&c=entry&ctrl=wmall&ac=home&op=guide&do=mobile&m=we7_wmall]]></EventKey>
<MenuId>441810081</MenuId>
</xml>

2018-08-11 11:00:46 params :
------------
String:
array (
  'rule' => -2,
  'module' => '',
  'message' => 
  array (
    'tousername' => 'gh_2d8af677b35f',
    'fromusername' => 'oS2nE1LIh3__uP_tlLhH971CmE9U',
    'createtime' => '1533956445',
    'msgtype' => 'event',
    'event' => 'VIEW',
    'eventkey' => 'http://paotui.scxysd.com/app/index.php?i=2&c=entry&ctrl=wmall&ac=home&op=guide&do=mobile&m=we7_wmall',
    'menuid' => '441810081',
    'from' => 'oS2nE1LIh3__uP_tlLhH971CmE9U',
    'to' => 'gh_2d8af677b35f',
    'time' => '1533956445',
    'type' => 'text',
    'content' => 'http://paotui.scxysd.com/app/index.php?i=2&c=entry&ctrl=wmall&ac=home&op=guide&do=mobile&m=we7_wmall',
    'redirection' => true,
    'source' => 'VIEW',
  ),
)

2018-08-11 11:00:46 response :
------------

2018-08-11 11:00:55 trace :
------------
String:
<xml><ToUserName><![CDATA[gh_2d8af677b35f]]></ToUserName>
<FromUserName><![CDATA[oS2nE1LIh3__uP_tlLhH971CmE9U]]></FromUserName>
<CreateTime>1533956454</CreateTime>
<MsgType><![CDATA[event]]></MsgType>
<Event><![CDATA[VIEW]]></Event>
<EventKey><![CDATA[http://www.scjdzgy.com/app/index.php?i=2&c=entry&ctrl=manage&ac=home&op=index&do=mobile&m=we7_wmall]]></EventKey>
<MenuId>441810081</MenuId>
</xml>

2018-08-11 11:00:55 params :
------------
String:
array (
  'rule' => -2,
  'module' => '',
  'message' => 
  array (
    'tousername' => 'gh_2d8af677b35f',
    'fromusername' => 'oS2nE1LIh3__uP_tlLhH971CmE9U',
    'createtime' => '1533956454',
    'msgtype' => 'event',
    'event' => 'VIEW',
    'eventkey' => 'http://www.scjdzgy.com/app/index.php?i=2&c=entry&ctrl=manage&ac=home&op=index&do=mobile&m=we7_wmall',
    'menuid' => '441810081',
    'from' => 'oS2nE1LIh3__uP_tlLhH971CmE9U',
    'to' => 'gh_2d8af677b35f',
    'time' => '1533956454',
    'type' => 'text',
    'content' => 'http://www.scjdzgy.com/app/index.php?i=2&c=entry&ctrl=manage&ac=home&op=index&do=mobile&m=we7_wmall',
    'redirection' => true,
    'source' => 'VIEW',
  ),
)

2018-08-11 11:00:55 response :
------------

2018-08-11 11:02:20 trace :
------------
String:
<xml><ToUserName><![CDATA[gh_2d8af677b35f]]></ToUserName>
<FromUserName><![CDATA[oS2nE1LIh3__uP_tlLhH971CmE9U]]></FromUserName>
<CreateTime>1533956540</CreateTime>
<MsgType><![CDATA[event]]></MsgType>
<Event><![CDATA[VIEW]]></Event>
<EventKey><![CDATA[http://paotui.scxysd.com/app/index.php?i=2&c=entry&ctrl=wmall&ac=home&op=guide&do=mobile&m=we7_wmall]]></EventKey>
<MenuId>441810081</MenuId>
</xml>

2018-08-11 11:02:20 params :
------------
String:
array (
  'rule' => -2,
  'module' => '',
  'message' => 
  array (
    'tousername' => 'gh_2d8af677b35f',
    'fromusername' => 'oS2nE1LIh3__uP_tlLhH971CmE9U',
    'createtime' => '1533956540',
    'msgtype' => 'event',
    'event' => 'VIEW',
    'eventkey' => 'http://paotui.scxysd.com/app/index.php?i=2&c=entry&ctrl=wmall&ac=home&op=guide&do=mobile&m=we7_wmall',
    'menuid' => '441810081',
    'from' => 'oS2nE1LIh3__uP_tlLhH971CmE9U',
    'to' => 'gh_2d8af677b35f',
    'time' => '1533956540',
    'type' => 'text',
    'content' => 'http://paotui.scxysd.com/app/index.php?i=2&c=entry&ctrl=wmall&ac=home&op=guide&do=mobile&m=we7_wmall',
    'redirection' => true,
    'source' => 'VIEW',
  ),
)

2018-08-11 11:02:20 response :
------------

2018-08-11 11:06:01 trace :
------------
String:
<xml><ToUserName><![CDATA[gh_2d8af677b35f]]></ToUserName>
<FromUserName><![CDATA[oS2nE1HC9rku1rgCqWvulWqAl4UE]]></FromUserName>
<CreateTime>1533956761</CreateTime>
<MsgType><![CDATA[event]]></MsgType>
<Event><![CDATA[VIEW]]></Event>
<EventKey><![CDATA[http://www.scjdzgy.com/app/index.php?i=2&c=entry&ctrl=delivery&ac=home&op=index&do=mobile&m=we7_wmall]]></EventKey>
<MenuId>441810081</MenuId>
</xml>

2018-08-11 11:06:01 params :
------------
String:
array (
  'rule' => -2,
  'module' => '',
  'message' => 
  array (
    'tousername' => 'gh_2d8af677b35f',
    'fromusername' => 'oS2nE1HC9rku1rgCqWvulWqAl4UE',
    'createtime' => '1533956761',
    'msgtype' => 'event',
    'event' => 'VIEW',
    'eventkey' => 'http://www.scjdzgy.com/app/index.php?i=2&c=entry&ctrl=delivery&ac=home&op=index&do=mobile&m=we7_wmall',
    'menuid' => '441810081',
    'from' => 'oS2nE1HC9rku1rgCqWvulWqAl4UE',
    'to' => 'gh_2d8af677b35f',
    'time' => '1533956761',
    'type' => 'text',
    'content' => 'http://www.scjdzgy.com/app/index.php?i=2&c=entry&ctrl=delivery&ac=home&op=index&do=mobile&m=we7_wmall',
    'redirection' => true,
    'source' => 'VIEW',
  ),
)

2018-08-11 11:06:01 response :
------------

2018-08-11 11:06:09 trace :
------------
String:
<xml><ToUserName><![CDATA[gh_2d8af677b35f]]></ToUserName>
<FromUserName><![CDATA[oS2nE1HC9rku1rgCqWvulWqAl4UE]]></FromUserName>
<CreateTime>1533956769</CreateTime>
<MsgType><![CDATA[event]]></MsgType>
<Event><![CDATA[VIEW]]></Event>
<EventKey><![CDATA[http://paotui.scxysd.com/app/index.php?i=2&c=entry&ctrl=wmall&ac=store&op=goods&do=mobile&m=we7_wmall&sid=19]]></EventKey>
<MenuId>441810081</MenuId>
</xml>

2018-08-11 11:06:09 params :
------------
String:
array (
  'rule' => -2,
  'module' => '',
  'message' => 
  array (
    'tousername' => 'gh_2d8af677b35f',
    'fromusername' => 'oS2nE1HC9rku1rgCqWvulWqAl4UE',
    'createtime' => '1533956769',
    'msgtype' => 'event',
    'event' => 'VIEW',
    'eventkey' => 'http://paotui.scxysd.com/app/index.php?i=2&c=entry&ctrl=wmall&ac=store&op=goods&do=mobile&m=we7_wmall&sid=19',
    'menuid' => '441810081',
    'from' => 'oS2nE1HC9rku1rgCqWvulWqAl4UE',
    'to' => 'gh_2d8af677b35f',
    'time' => '1533956769',
    'type' => 'text',
    'content' => 'http://paotui.scxysd.com/app/index.php?i=2&c=entry&ctrl=wmall&ac=store&op=goods&do=mobile&m=we7_wmall&sid=19',
    'redirection' => true,
    'source' => 'VIEW',
  ),
)

2018-08-11 11:06:09 response :
------------

2018-08-11 11:06:14 trace :
------------
String:
<xml><ToUserName><![CDATA[gh_2d8af677b35f]]></ToUserName>
<FromUserName><![CDATA[oS2nE1HC9rku1rgCqWvulWqAl4UE]]></FromUserName>
<CreateTime>1533956774</CreateTime>
<MsgType><![CDATA[event]]></MsgType>
<Event><![CDATA[VIEW]]></Event>
<EventKey><![CDATA[http://paotui.scxysd.com/app/index.php?i=2&c=entry&ctrl=wmall&ac=home&op=guide&do=mobile&m=we7_wmall]]></EventKey>
<MenuId>441810081</MenuId>
</xml>

2018-08-11 11:06:14 params :
------------
String:
array (
  'rule' => -2,
  'module' => '',
  'message' => 
  array (
    'tousername' => 'gh_2d8af677b35f',
    'fromusername' => 'oS2nE1HC9rku1rgCqWvulWqAl4UE',
    'createtime' => '1533956774',
    'msgtype' => 'event',
    'event' => 'VIEW',
    'eventkey' => 'http://paotui.scxysd.com/app/index.php?i=2&c=entry&ctrl=wmall&ac=home&op=guide&do=mobile&m=we7_wmall',
    'menuid' => '441810081',
    'from' => 'oS2nE1HC9rku1rgCqWvulWqAl4UE',
    'to' => 'gh_2d8af677b35f',
    'time' => '1533956774',
    'type' => 'text',
    'content' => 'http://paotui.scxysd.com/app/index.php?i=2&c=entry&ctrl=wmall&ac=home&op=guide&do=mobile&m=we7_wmall',
    'redirection' => true,
    'source' => 'VIEW',
  ),
)

2018-08-11 11:06:14 response :
------------

2018-08-11 11:09:39 trace :
------------
String:
<xml><ToUserName><![CDATA[gh_2d8af677b35f]]></ToUserName>
<FromUserName><![CDATA[oS2nE1HC9rku1rgCqWvulWqAl4UE]]></FromUserName>
<CreateTime>1533956979</CreateTime>
<MsgType><![CDATA[event]]></MsgType>
<Event><![CDATA[VIEW]]></Event>
<EventKey><![CDATA[http://paotui.scxysd.com/app/index.php?i=2&c=entry&ctrl=wmall&ac=store&op=goods&do=mobile&m=we7_wmall&sid=19]]></EventKey>
<MenuId>441819687</MenuId>
</xml>

2018-08-11 11:09:39 params :
------------
String:
array (
  'rule' => -2,
  'module' => '',
  'message' => 
  array (
    'tousername' => 'gh_2d8af677b35f',
    'fromusername' => 'oS2nE1HC9rku1rgCqWvulWqAl4UE',
    'createtime' => '1533956979',
    'msgtype' => 'event',
    'event' => 'VIEW',
    'eventkey' => 'http://paotui.scxysd.com/app/index.php?i=2&c=entry&ctrl=wmall&ac=store&op=goods&do=mobile&m=we7_wmall&sid=19',
    'menuid' => '441819687',
    'from' => 'oS2nE1HC9rku1rgCqWvulWqAl4UE',
    'to' => 'gh_2d8af677b35f',
    'time' => '1533956979',
    'type' => 'text',
    'content' => 'http://paotui.scxysd.com/app/index.php?i=2&c=entry&ctrl=wmall&ac=store&op=goods&do=mobile&m=we7_wmall&sid=19',
    'redirection' => true,
    'source' => 'VIEW',
  ),
)

2018-08-11 11:09:39 response :
------------

2018-08-11 11:09:45 trace :
------------
String:
<xml><ToUserName><![CDATA[gh_2d8af677b35f]]></ToUserName>
<FromUserName><![CDATA[oS2nE1HC9rku1rgCqWvulWqAl4UE]]></FromUserName>
<CreateTime>1533956984</CreateTime>
<MsgType><![CDATA[event]]></MsgType>
<Event><![CDATA[VIEW]]></Event>
<EventKey><![CDATA[http://paotui.scxysd.com/app/index.php?i=2&c=entry&ctrl=wmall&ac=home&op=guide&do=mobile&m=we7_wmall]]></EventKey>
<MenuId>441819687</MenuId>
</xml>

2018-08-11 11:09:45 params :
------------
String:
array (
  'rule' => -2,
  'module' => '',
  'message' => 
  array (
    'tousername' => 'gh_2d8af677b35f',
    'fromusername' => 'oS2nE1HC9rku1rgCqWvulWqAl4UE',
    'createtime' => '1533956984',
    'msgtype' => 'event',
    'event' => 'VIEW',
    'eventkey' => 'http://paotui.scxysd.com/app/index.php?i=2&c=entry&ctrl=wmall&ac=home&op=guide&do=mobile&m=we7_wmall',
    'menuid' => '441819687',
    'from' => 'oS2nE1HC9rku1rgCqWvulWqAl4UE',
    'to' => 'gh_2d8af677b35f',
    'time' => '1533956984',
    'type' => 'text',
    'content' => 'http://paotui.scxysd.com/app/index.php?i=2&c=entry&ctrl=wmall&ac=home&op=guide&do=mobile&m=we7_wmall',
    'redirection' => true,
    'source' => 'VIEW',
  ),
)

2018-08-11 11:09:45 response :
------------

2018-08-11 11:13:35 trace :
------------
String:
<xml><ToUserName><![CDATA[gh_2d8af677b35f]]></ToUserName>
<FromUserName><![CDATA[oS2nE1HC9rku1rgCqWvulWqAl4UE]]></FromUserName>
<CreateTime>1533957215</CreateTime>
<MsgType><![CDATA[event]]></MsgType>
<Event><![CDATA[VIEW]]></Event>
<EventKey><![CDATA[http://paotui.scxysd.com/app/index.php?i=2&c=entry&ctrl=wmall&ac=store&op=goods&do=mobile&m=we7_wmall&sid=19]]></EventKey>
<MenuId>441819762</MenuId>
</xml>

2018-08-11 11:13:35 params :
------------
String:
array (
  'rule' => -2,
  'module' => '',
  'message' => 
  array (
    'tousername' => 'gh_2d8af677b35f',
    'fromusername' => 'oS2nE1HC9rku1rgCqWvulWqAl4UE',
    'createtime' => '1533957215',
    'msgtype' => 'event',
    'event' => 'VIEW',
    'eventkey' => 'http://paotui.scxysd.com/app/index.php?i=2&c=entry&ctrl=wmall&ac=store&op=goods&do=mobile&m=we7_wmall&sid=19',
    'menuid' => '441819762',
    'from' => 'oS2nE1HC9rku1rgCqWvulWqAl4UE',
    'to' => 'gh_2d8af677b35f',
    'time' => '1533957215',
    'type' => 'text',
    'content' => 'http://paotui.scxysd.com/app/index.php?i=2&c=entry&ctrl=wmall&ac=store&op=goods&do=mobile&m=we7_wmall&sid=19',
    'redirection' => true,
    'source' => 'VIEW',
  ),
)

2018-08-11 11:13:35 response :
------------

2018-08-11 11:13:50 trace :
------------
String:
<xml><ToUserName><![CDATA[gh_2d8af677b35f]]></ToUserName>
<FromUserName><![CDATA[oS2nE1HC9rku1rgCqWvulWqAl4UE]]></FromUserName>
<CreateTime>1533957230</CreateTime>
<MsgType><![CDATA[event]]></MsgType>
<Event><![CDATA[VIEW]]></Event>
<EventKey><![CDATA[http://www.scjdzgy.com/app/index.php?i=2&c=entry&eid=32]]></EventKey>
<MenuId>441819762</MenuId>
</xml>

2018-08-11 11:13:50 params :
------------
String:
array (
  'rule' => -2,
  'module' => '',
  'message' => 
  array (
    'tousername' => 'gh_2d8af677b35f',
    'fromusername' => 'oS2nE1HC9rku1rgCqWvulWqAl4UE',
    'createtime' => '1533957230',
    'msgtype' => 'event',
    'event' => 'VIEW',
    'eventkey' => 'http://www.scjdzgy.com/app/index.php?i=2&c=entry&eid=32',
    'menuid' => '441819762',
    'from' => 'oS2nE1HC9rku1rgCqWvulWqAl4UE',
    'to' => 'gh_2d8af677b35f',
    'time' => '1533957230',
    'type' => 'text',
    'content' => 'http://www.scjdzgy.com/app/index.php?i=2&c=entry&eid=32',
    'redirection' => true,
    'source' => 'VIEW',
  ),
)

2018-08-11 11:13:50 response :
------------

2018-08-11 11:14:06 trace :
------------
String:
<xml><ToUserName><![CDATA[gh_2d8af677b35f]]></ToUserName>
<FromUserName><![CDATA[oS2nE1HC9rku1rgCqWvulWqAl4UE]]></FromUserName>
<CreateTime>1533957246</CreateTime>
<MsgType><![CDATA[event]]></MsgType>
<Event><![CDATA[VIEW]]></Event>
<EventKey><![CDATA[http://paotui.scxysd.com/app/index.php?i=2&c=entry&ctrl=wmall&ac=store&op=goods&do=mobile&m=we7_wmall&sid=19]]></EventKey>
<MenuId>441819762</MenuId>
</xml>

2018-08-11 11:14:06 params :
------------
String:
array (
  'rule' => -2,
  'module' => '',
  'message' => 
  array (
    'tousername' => 'gh_2d8af677b35f',
    'fromusername' => 'oS2nE1HC9rku1rgCqWvulWqAl4UE',
    'createtime' => '1533957246',
    'msgtype' => 'event',
    'event' => 'VIEW',
    'eventkey' => 'http://paotui.scxysd.com/app/index.php?i=2&c=entry&ctrl=wmall&ac=store&op=goods&do=mobile&m=we7_wmall&sid=19',
    'menuid' => '441819762',
    'from' => 'oS2nE1HC9rku1rgCqWvulWqAl4UE',
    'to' => 'gh_2d8af677b35f',
    'time' => '1533957246',
    'type' => 'text',
    'content' => 'http://paotui.scxysd.com/app/index.php?i=2&c=entry&ctrl=wmall&ac=store&op=goods&do=mobile&m=we7_wmall&sid=19',
    'redirection' => true,
    'source' => 'VIEW',
  ),
)

2018-08-11 11:14:06 response :
------------

2018-08-11 11:27:02 trace :
------------
String:
<xml><ToUserName><![CDATA[gh_2d8af677b35f]]></ToUserName>
<FromUserName><![CDATA[oS2nE1HC9rku1rgCqWvulWqAl4UE]]></FromUserName>
<CreateTime>1533958022</CreateTime>
<MsgType><![CDATA[event]]></MsgType>
<Event><![CDATA[VIEW]]></Event>
<EventKey><![CDATA[http://www.scjdzgy.com/app/index.php?i=2&c=entry&eid=32]]></EventKey>
<MenuId>441819762</MenuId>
</xml>

2018-08-11 11:27:03 params :
------------
String:
array (
  'rule' => -2,
  'module' => '',
  'message' => 
  array (
    'tousername' => 'gh_2d8af677b35f',
    'fromusername' => 'oS2nE1HC9rku1rgCqWvulWqAl4UE',
    'createtime' => '1533958022',
    'msgtype' => 'event',
    'event' => 'VIEW',
    'eventkey' => 'http://www.scjdzgy.com/app/index.php?i=2&c=entry&eid=32',
    'menuid' => '441819762',
    'from' => 'oS2nE1HC9rku1rgCqWvulWqAl4UE',
    'to' => 'gh_2d8af677b35f',
    'time' => '1533958022',
    'type' => 'text',
    'content' => 'http://www.scjdzgy.com/app/index.php?i=2&c=entry&eid=32',
    'redirection' => true,
    'source' => 'VIEW',
  ),
)

2018-08-11 11:27:03 response :
------------

2018-08-11 11:34:36 trace :
------------
String:
<xml><ToUserName><![CDATA[gh_2d8af677b35f]]></ToUserName>
<FromUserName><![CDATA[oS2nE1HC9rku1rgCqWvulWqAl4UE]]></FromUserName>
<CreateTime>1533958476</CreateTime>
<MsgType><![CDATA[event]]></MsgType>
<Event><![CDATA[VIEW]]></Event>
<EventKey><![CDATA[http://paotui.scxysd.com/app/index.php?i=2&c=entry&ctrl=wmall&ac=store&op=goods&do=mobile&m=we7_wmall&sid=19]]></EventKey>
<MenuId>441819762</MenuId>
</xml>

2018-08-11 11:34:36 params :
------------
String:
array (
  'rule' => -2,
  'module' => '',
  'message' => 
  array (
    'tousername' => 'gh_2d8af677b35f',
    'fromusername' => 'oS2nE1HC9rku1rgCqWvulWqAl4UE',
    'createtime' => '1533958476',
    'msgtype' => 'event',
    'event' => 'VIEW',
    'eventkey' => 'http://paotui.scxysd.com/app/index.php?i=2&c=entry&ctrl=wmall&ac=store&op=goods&do=mobile&m=we7_wmall&sid=19',
    'menuid' => '441819762',
    'from' => 'oS2nE1HC9rku1rgCqWvulWqAl4UE',
    'to' => 'gh_2d8af677b35f',
    'time' => '1533958476',
    'type' => 'text',
    'content' => 'http://paotui.scxysd.com/app/index.php?i=2&c=entry&ctrl=wmall&ac=store&op=goods&do=mobile&m=we7_wmall&sid=19',
    'redirection' => true,
    'source' => 'VIEW',
  ),
)

2018-08-11 11:34:36 response :
------------

2018-08-11 11:34:48 trace :
------------
String:
<xml><ToUserName><![CDATA[gh_2d8af677b35f]]></ToUserName>
<FromUserName><![CDATA[oS2nE1HC9rku1rgCqWvulWqAl4UE]]></FromUserName>
<CreateTime>1533958488</CreateTime>
<MsgType><![CDATA[event]]></MsgType>
<Event><![CDATA[VIEW]]></Event>
<EventKey><![CDATA[http://paotui.scxysd.com/app/index.php?i=2&c=entry&ctrl=wmall&ac=store&op=goods&do=mobile&m=we7_wmall&sid=19]]></EventKey>
<MenuId>441819762</MenuId>
</xml>

2018-08-11 11:34:48 params :
------------
String:
array (
  'rule' => -2,
  'module' => '',
  'message' => 
  array (
    'tousername' => 'gh_2d8af677b35f',
    'fromusername' => 'oS2nE1HC9rku1rgCqWvulWqAl4UE',
    'createtime' => '1533958488',
    'msgtype' => 'event',
    'event' => 'VIEW',
    'eventkey' => 'http://paotui.scxysd.com/app/index.php?i=2&c=entry&ctrl=wmall&ac=store&op=goods&do=mobile&m=we7_wmall&sid=19',
    'menuid' => '441819762',
    'from' => 'oS2nE1HC9rku1rgCqWvulWqAl4UE',
    'to' => 'gh_2d8af677b35f',
    'time' => '1533958488',
    'type' => 'text',
    'content' => 'http://paotui.scxysd.com/app/index.php?i=2&c=entry&ctrl=wmall&ac=store&op=goods&do=mobile&m=we7_wmall&sid=19',
    'redirection' => true,
    'source' => 'VIEW',
  ),
)

2018-08-11 11:34:48 response :
------------

2018-08-11 11:38:50 trace :
------------
String:
<xml><ToUserName><![CDATA[gh_2d8af677b35f]]></ToUserName>
<FromUserName><![CDATA[oS2nE1HC9rku1rgCqWvulWqAl4UE]]></FromUserName>
<CreateTime>1533958729</CreateTime>
<MsgType><![CDATA[event]]></MsgType>
<Event><![CDATA[VIEW]]></Event>
<EventKey><![CDATA[http://www.scjdzgy.com/app/index.php?i=2&c=entry&eid=32]]></EventKey>
<MenuId>441819762</MenuId>
</xml>

2018-08-11 11:38:50 params :
------------
String:
array (
  'rule' => -2,
  'module' => '',
  'message' => 
  array (
    'tousername' => 'gh_2d8af677b35f',
    'fromusername' => 'oS2nE1HC9rku1rgCqWvulWqAl4UE',
    'createtime' => '1533958729',
    'msgtype' => 'event',
    'event' => 'VIEW',
    'eventkey' => 'http://www.scjdzgy.com/app/index.php?i=2&c=entry&eid=32',
    'menuid' => '441819762',
    'from' => 'oS2nE1HC9rku1rgCqWvulWqAl4UE',
    'to' => 'gh_2d8af677b35f',
    'time' => '1533958729',
    'type' => 'text',
    'content' => 'http://www.scjdzgy.com/app/index.php?i=2&c=entry&eid=32',
    'redirection' => true,
    'source' => 'VIEW',
  ),
)

2018-08-11 11:38:50 response :
------------

2018-08-11 11:38:56 trace :
------------
String:
<xml><ToUserName><![CDATA[gh_2d8af677b35f]]></ToUserName>
<FromUserName><![CDATA[oS2nE1HC9rku1rgCqWvulWqAl4UE]]></FromUserName>
<CreateTime>1533958736</CreateTime>
<MsgType><![CDATA[event]]></MsgType>
<Event><![CDATA[VIEW]]></Event>
<EventKey><![CDATA[http://www.scjdzgy.com/app/index.php?i=2&c=entry&eid=32]]></EventKey>
<MenuId>441819762</MenuId>
</xml>

2018-08-11 11:38:56 params :
------------
String:
array (
  'rule' => -2,
  'module' => '',
  'message' => 
  array (
    'tousername' => 'gh_2d8af677b35f',
    'fromusername' => 'oS2nE1HC9rku1rgCqWvulWqAl4UE',
    'createtime' => '1533958736',
    'msgtype' => 'event',
    'event' => 'VIEW',
    'eventkey' => 'http://www.scjdzgy.com/app/index.php?i=2&c=entry&eid=32',
    'menuid' => '441819762',
    'from' => 'oS2nE1HC9rku1rgCqWvulWqAl4UE',
    'to' => 'gh_2d8af677b35f',
    'time' => '1533958736',
    'type' => 'text',
    'content' => 'http://www.scjdzgy.com/app/index.php?i=2&c=entry&eid=32',
    'redirection' => true,
    'source' => 'VIEW',
  ),
)

2018-08-11 11:38:56 response :
------------

2018-08-11 11:39:32 trace :
------------
String:
<xml><ToUserName><![CDATA[gh_2d8af677b35f]]></ToUserName>
<FromUserName><![CDATA[oS2nE1HC9rku1rgCqWvulWqAl4UE]]></FromUserName>
<CreateTime>1533958771</CreateTime>
<MsgType><![CDATA[event]]></MsgType>
<Event><![CDATA[VIEW]]></Event>
<EventKey><![CDATA[http://paotui.scxysd.com/app/index.php?i=2&c=entry&ctrl=wmall&ac=home&op=guide&do=mobile&m=we7_wmall]]></EventKey>
<MenuId>441820037</MenuId>
</xml>

2018-08-11 11:39:32 params :
------------
String:
array (
  'rule' => -2,
  'module' => '',
  'message' => 
  array (
    'tousername' => 'gh_2d8af677b35f',
    'fromusername' => 'oS2nE1HC9rku1rgCqWvulWqAl4UE',
    'createtime' => '1533958771',
    'msgtype' => 'event',
    'event' => 'VIEW',
    'eventkey' => 'http://paotui.scxysd.com/app/index.php?i=2&c=entry&ctrl=wmall&ac=home&op=guide&do=mobile&m=we7_wmall',
    'menuid' => '441820037',
    'from' => 'oS2nE1HC9rku1rgCqWvulWqAl4UE',
    'to' => 'gh_2d8af677b35f',
    'time' => '1533958771',
    'type' => 'text',
    'content' => 'http://paotui.scxysd.com/app/index.php?i=2&c=entry&ctrl=wmall&ac=home&op=guide&do=mobile&m=we7_wmall',
    'redirection' => true,
    'source' => 'VIEW',
  ),
)

2018-08-11 11:39:32 response :
------------

2018-08-11 11:39:44 trace :
------------
String:
<xml><ToUserName><![CDATA[gh_2d8af677b35f]]></ToUserName>
<FromUserName><![CDATA[oS2nE1HC9rku1rgCqWvulWqAl4UE]]></FromUserName>
<CreateTime>1533958784</CreateTime>
<MsgType><![CDATA[event]]></MsgType>
<Event><![CDATA[VIEW]]></Event>
<EventKey><![CDATA[http://paotui.scxysd.com/app/index.php?i=2&c=entry&ctrl=wmall&ac=home&op=guide&do=mobile&m=we7_wmall]]></EventKey>
<MenuId>441820037</MenuId>
</xml>

2018-08-11 11:39:44 params :
------------
String:
array (
  'rule' => -2,
  'module' => '',
  'message' => 
  array (
    'tousername' => 'gh_2d8af677b35f',
    'fromusername' => 'oS2nE1HC9rku1rgCqWvulWqAl4UE',
    'createtime' => '1533958784',
    'msgtype' => 'event',
    'event' => 'VIEW',
    'eventkey' => 'http://paotui.scxysd.com/app/index.php?i=2&c=entry&ctrl=wmall&ac=home&op=guide&do=mobile&m=we7_wmall',
    'menuid' => '441820037',
    'from' => 'oS2nE1HC9rku1rgCqWvulWqAl4UE',
    'to' => 'gh_2d8af677b35f',
    'time' => '1533958784',
    'type' => 'text',
    'content' => 'http://paotui.scxysd.com/app/index.php?i=2&c=entry&ctrl=wmall&ac=home&op=guide&do=mobile&m=we7_wmall',
    'redirection' => true,
    'source' => 'VIEW',
  ),
)

2018-08-11 11:39:44 response :
------------

2018-08-11 11:40:45 trace :
------------
String:
<xml><ToUserName><![CDATA[gh_2d8af677b35f]]></ToUserName>
<FromUserName><![CDATA[oS2nE1HC9rku1rgCqWvulWqAl4UE]]></FromUserName>
<CreateTime>1533958845</CreateTime>
<MsgType><![CDATA[event]]></MsgType>
<Event><![CDATA[VIEW]]></Event>
<EventKey><![CDATA[http://www.scjdzgy.com/app/index.php?i=2&c=entry&ctrl=manage&ac=home&op=index&do=mobile&m=we7_wmall]]></EventKey>
<MenuId>441820037</MenuId>
</xml>

2018-08-11 11:40:45 params :
------------
String:
array (
  'rule' => -2,
  'module' => '',
  'message' => 
  array (
    'tousername' => 'gh_2d8af677b35f',
    'fromusername' => 'oS2nE1HC9rku1rgCqWvulWqAl4UE',
    'createtime' => '1533958845',
    'msgtype' => 'event',
    'event' => 'VIEW',
    'eventkey' => 'http://www.scjdzgy.com/app/index.php?i=2&c=entry&ctrl=manage&ac=home&op=index&do=mobile&m=we7_wmall',
    'menuid' => '441820037',
    'from' => 'oS2nE1HC9rku1rgCqWvulWqAl4UE',
    'to' => 'gh_2d8af677b35f',
    'time' => '1533958845',
    'type' => 'text',
    'content' => 'http://www.scjdzgy.com/app/index.php?i=2&c=entry&ctrl=manage&ac=home&op=index&do=mobile&m=we7_wmall',
    'redirection' => true,
    'source' => 'VIEW',
  ),
)

2018-08-11 11:40:45 response :
------------

2018-08-11 11:44:24 trace :
------------
String:
<xml><ToUserName><![CDATA[gh_2d8af677b35f]]></ToUserName>
<FromUserName><![CDATA[oS2nE1HC9rku1rgCqWvulWqAl4UE]]></FromUserName>
<CreateTime>1533959064</CreateTime>
<MsgType><![CDATA[event]]></MsgType>
<Event><![CDATA[VIEW]]></Event>
<EventKey><![CDATA[http://paotui.scxysd.com/app/index.php?i=2&c=entry&ctrl=wmall&ac=home&op=guide&do=mobile&m=we7_wmall]]></EventKey>
<MenuId>441820037</MenuId>
</xml>

2018-08-11 11:44:24 params :
------------
String:
array (
  'rule' => -2,
  'module' => '',
  'message' => 
  array (
    'tousername' => 'gh_2d8af677b35f',
    'fromusername' => 'oS2nE1HC9rku1rgCqWvulWqAl4UE',
    'createtime' => '1533959064',
    'msgtype' => 'event',
    'event' => 'VIEW',
    'eventkey' => 'http://paotui.scxysd.com/app/index.php?i=2&c=entry&ctrl=wmall&ac=home&op=guide&do=mobile&m=we7_wmall',
    'menuid' => '441820037',
    'from' => 'oS2nE1HC9rku1rgCqWvulWqAl4UE',
    'to' => 'gh_2d8af677b35f',
    'time' => '1533959064',
    'type' => 'text',
    'content' => 'http://paotui.scxysd.com/app/index.php?i=2&c=entry&ctrl=wmall&ac=home&op=guide&do=mobile&m=we7_wmall',
    'redirection' => true,
    'source' => 'VIEW',
  ),
)

2018-08-11 11:44:24 response :
------------

2018-08-11 11:44:38 trace :
------------
String:
<xml><ToUserName><![CDATA[gh_2d8af677b35f]]></ToUserName>
<FromUserName><![CDATA[oS2nE1HC9rku1rgCqWvulWqAl4UE]]></FromUserName>
<CreateTime>1533959078</CreateTime>
<MsgType><![CDATA[event]]></MsgType>
<Event><![CDATA[VIEW]]></Event>
<EventKey><![CDATA[http://paotui.scxysd.com/app/index.php?i=2&c=entry&ctrl=wmall&ac=home&op=guide&do=mobile&m=we7_wmall]]></EventKey>
<MenuId>441820037</MenuId>
</xml>

2018-08-11 11:44:38 params :
------------
String:
array (
  'rule' => -2,
  'module' => '',
  'message' => 
  array (
    'tousername' => 'gh_2d8af677b35f',
    'fromusername' => 'oS2nE1HC9rku1rgCqWvulWqAl4UE',
    'createtime' => '1533959078',
    'msgtype' => 'event',
    'event' => 'VIEW',
    'eventkey' => 'http://paotui.scxysd.com/app/index.php?i=2&c=entry&ctrl=wmall&ac=home&op=guide&do=mobile&m=we7_wmall',
    'menuid' => '441820037',
    'from' => 'oS2nE1HC9rku1rgCqWvulWqAl4UE',
    'to' => 'gh_2d8af677b35f',
    'time' => '1533959078',
    'type' => 'text',
    'content' => 'http://paotui.scxysd.com/app/index.php?i=2&c=entry&ctrl=wmall&ac=home&op=guide&do=mobile&m=we7_wmall',
    'redirection' => true,
    'source' => 'VIEW',
  ),
)

2018-08-11 11:44:38 response :
------------

2018-08-11 11:45:00 trace :
------------
String:
<xml><ToUserName><![CDATA[gh_2d8af677b35f]]></ToUserName>
<FromUserName><![CDATA[oS2nE1HC9rku1rgCqWvulWqAl4UE]]></FromUserName>
<CreateTime>1533959099</CreateTime>
<MsgType><![CDATA[event]]></MsgType>
<Event><![CDATA[VIEW]]></Event>
<EventKey><![CDATA[http://www.scjdzgy.com/app/index.php?i=2&c=entry&ctrl=wmall&ac=home&op=index&do=mobile&m=we7_wmall]]></EventKey>
<MenuId>441820093</MenuId>
</xml>

2018-08-11 11:45:00 params :
------------
String:
array (
  'rule' => -2,
  'module' => '',
  'message' => 
  array (
    'tousername' => 'gh_2d8af677b35f',
    'fromusername' => 'oS2nE1HC9rku1rgCqWvulWqAl4UE',
    'createtime' => '1533959099',
    'msgtype' => 'event',
    'event' => 'VIEW',
    'eventkey' => 'http://www.scjdzgy.com/app/index.php?i=2&c=entry&ctrl=wmall&ac=home&op=index&do=mobile&m=we7_wmall',
    'menuid' => '441820093',
    'from' => 'oS2nE1HC9rku1rgCqWvulWqAl4UE',
    'to' => 'gh_2d8af677b35f',
    'time' => '1533959099',
    'type' => 'text',
    'content' => 'http://www.scjdzgy.com/app/index.php?i=2&c=entry&ctrl=wmall&ac=home&op=index&do=mobile&m=we7_wmall',
    'redirection' => true,
    'source' => 'VIEW',
  ),
)

2018-08-11 11:45:00 response :
------------

2018-08-11 11:47:50 trace :
------------
String:
<xml><ToUserName><![CDATA[gh_2d8af677b35f]]></ToUserName>
<FromUserName><![CDATA[oS2nE1HC9rku1rgCqWvulWqAl4UE]]></FromUserName>
<CreateTime>1533959270</CreateTime>
<MsgType><![CDATA[event]]></MsgType>
<Event><![CDATA[VIEW]]></Event>
<EventKey><![CDATA[http://www.scjdzgy.com/app/index.php?i=2&c=entry&ctrl=wmall&ac=home&op=index&do=mobile&m=we7_wmall]]></EventKey>
<MenuId>441820093</MenuId>
</xml>

2018-08-11 11:47:50 params :
------------
String:
array (
  'rule' => -2,
  'module' => '',
  'message' => 
  array (
    'tousername' => 'gh_2d8af677b35f',
    'fromusername' => 'oS2nE1HC9rku1rgCqWvulWqAl4UE',
    'createtime' => '1533959270',
    'msgtype' => 'event',
    'event' => 'VIEW',
    'eventkey' => 'http://www.scjdzgy.com/app/index.php?i=2&c=entry&ctrl=wmall&ac=home&op=index&do=mobile&m=we7_wmall',
    'menuid' => '441820093',
    'from' => 'oS2nE1HC9rku1rgCqWvulWqAl4UE',
    'to' => 'gh_2d8af677b35f',
    'time' => '1533959270',
    'type' => 'text',
    'content' => 'http://www.scjdzgy.com/app/index.php?i=2&c=entry&ctrl=wmall&ac=home&op=index&do=mobile&m=we7_wmall',
    'redirection' => true,
    'source' => 'VIEW',
  ),
)

2018-08-11 11:47:50 response :
------------

2018-08-11 11:48:22 trace :
------------
String:
<xml><ToUserName><![CDATA[gh_2d8af677b35f]]></ToUserName>
<FromUserName><![CDATA[oS2nE1HC9rku1rgCqWvulWqAl4UE]]></FromUserName>
<CreateTime>1533959302</CreateTime>
<MsgType><![CDATA[event]]></MsgType>
<Event><![CDATA[VIEW]]></Event>
<EventKey><![CDATA[http://www.scjdzgy.com/app/index.php?i=2&c=entry&ctrl=wmall&ac=home&op=index&do=mobile&m=we7_wmall]]></EventKey>
<MenuId>441820093</MenuId>
</xml>

2018-08-11 11:48:22 params :
------------
String:
array (
  'rule' => -2,
  'module' => '',
  'message' => 
  array (
    'tousername' => 'gh_2d8af677b35f',
    'fromusername' => 'oS2nE1HC9rku1rgCqWvulWqAl4UE',
    'createtime' => '1533959302',
    'msgtype' => 'event',
    'event' => 'VIEW',
    'eventkey' => 'http://www.scjdzgy.com/app/index.php?i=2&c=entry&ctrl=wmall&ac=home&op=index&do=mobile&m=we7_wmall',
    'menuid' => '441820093',
    'from' => 'oS2nE1HC9rku1rgCqWvulWqAl4UE',
    'to' => 'gh_2d8af677b35f',
    'time' => '1533959302',
    'type' => 'text',
    'content' => 'http://www.scjdzgy.com/app/index.php?i=2&c=entry&ctrl=wmall&ac=home&op=index&do=mobile&m=we7_wmall',
    'redirection' => true,
    'source' => 'VIEW',
  ),
)

2018-08-11 11:48:22 response :
------------

2018-08-11 11:48:55 trace :
------------
String:
<xml><ToUserName><![CDATA[gh_2d8af677b35f]]></ToUserName>
<FromUserName><![CDATA[oS2nE1KQYyUGJfTs11ottW8vhGCM]]></FromUserName>
<CreateTime>1533959335</CreateTime>
<MsgType><![CDATA[event]]></MsgType>
<Event><![CDATA[VIEW]]></Event>
<EventKey><![CDATA[http://www.scjdzgy.com/app/index.php?i=2&c=entry&ctrl=wmall&ac=store&op=goods&do=mobile&m=we7_wmall&sid=19]]></EventKey>
<MenuId>441820143</MenuId>
</xml>

2018-08-11 11:48:55 params :
------------
String:
array (
  'rule' => -2,
  'module' => '',
  'message' => 
  array (
    'tousername' => 'gh_2d8af677b35f',
    'fromusername' => 'oS2nE1KQYyUGJfTs11ottW8vhGCM',
    'createtime' => '1533959335',
    'msgtype' => 'event',
    'event' => 'VIEW',
    'eventkey' => 'http://www.scjdzgy.com/app/index.php?i=2&c=entry&ctrl=wmall&ac=store&op=goods&do=mobile&m=we7_wmall&sid=19',
    'menuid' => '441820143',
    'from' => 'oS2nE1KQYyUGJfTs11ottW8vhGCM',
    'to' => 'gh_2d8af677b35f',
    'time' => '1533959335',
    'type' => 'text',
    'content' => 'http://www.scjdzgy.com/app/index.php?i=2&c=entry&ctrl=wmall&ac=store&op=goods&do=mobile&m=we7_wmall&sid=19',
    'redirection' => true,
    'source' => 'VIEW',
  ),
)

2018-08-11 11:48:55 response :
------------

2018-08-11 11:49:25 trace :
------------
String:
<xml><ToUserName><![CDATA[gh_2d8af677b35f]]></ToUserName>
<FromUserName><![CDATA[oS2nE1KQYyUGJfTs11ottW8vhGCM]]></FromUserName>
<CreateTime>1533959364</CreateTime>
<MsgType><![CDATA[event]]></MsgType>
<Event><![CDATA[VIEW]]></Event>
<EventKey><![CDATA[http://www.scjdzgy.com/app/index.php?i=2&c=entry&ctrl=wmall&ac=store&op=goods&do=mobile&m=we7_wmall&sid=19]]></EventKey>
<MenuId>441820143</MenuId>
</xml>

2018-08-11 11:49:25 params :
------------
String:
array (
  'rule' => -2,
  'module' => '',
  'message' => 
  array (
    'tousername' => 'gh_2d8af677b35f',
    'fromusername' => 'oS2nE1KQYyUGJfTs11ottW8vhGCM',
    'createtime' => '1533959364',
    'msgtype' => 'event',
    'event' => 'VIEW',
    'eventkey' => 'http://www.scjdzgy.com/app/index.php?i=2&c=entry&ctrl=wmall&ac=store&op=goods&do=mobile&m=we7_wmall&sid=19',
    'menuid' => '441820143',
    'from' => 'oS2nE1KQYyUGJfTs11ottW8vhGCM',
    'to' => 'gh_2d8af677b35f',
    'time' => '1533959364',
    'type' => 'text',
    'content' => 'http://www.scjdzgy.com/app/index.php?i=2&c=entry&ctrl=wmall&ac=store&op=goods&do=mobile&m=we7_wmall&sid=19',
    'redirection' => true,
    'source' => 'VIEW',
  ),
)

2018-08-11 11:49:25 response :
------------

2018-08-11 11:50:24 trace :
------------
String:
<xml><ToUserName><![CDATA[gh_2d8af677b35f]]></ToUserName>
<FromUserName><![CDATA[oS2nE1NhNvNXOENEL98BaE42yJ5U]]></FromUserName>
<CreateTime>1533959423</CreateTime>
<MsgType><![CDATA[event]]></MsgType>
<Event><![CDATA[VIEW]]></Event>
<EventKey><![CDATA[http://paotui.scxysd.com/app/index.php?i=2&c=entry&ctrl=wmall&ac=store&op=goods&do=mobile&m=we7_wmall&sid=19]]></EventKey>
<MenuId>441810081</MenuId>
</xml>

2018-08-11 11:50:24 params :
------------
String:
array (
  'rule' => -2,
  'module' => '',
  'message' => 
  array (
    'tousername' => 'gh_2d8af677b35f',
    'fromusername' => 'oS2nE1NhNvNXOENEL98BaE42yJ5U',
    'createtime' => '1533959423',
    'msgtype' => 'event',
    'event' => 'VIEW',
    'eventkey' => 'http://paotui.scxysd.com/app/index.php?i=2&c=entry&ctrl=wmall&ac=store&op=goods&do=mobile&m=we7_wmall&sid=19',
    'menuid' => '441810081',
    'from' => 'oS2nE1NhNvNXOENEL98BaE42yJ5U',
    'to' => 'gh_2d8af677b35f',
    'time' => '1533959423',
    'type' => 'text',
    'content' => 'http://paotui.scxysd.com/app/index.php?i=2&c=entry&ctrl=wmall&ac=store&op=goods&do=mobile&m=we7_wmall&sid=19',
    'redirection' => true,
    'source' => 'VIEW',
  ),
)

2018-08-11 11:50:24 response :
------------

2018-08-11 11:50:38 trace :
------------
String:
<xml><ToUserName><![CDATA[gh_2d8af677b35f]]></ToUserName>
<FromUserName><![CDATA[oS2nE1HC9rku1rgCqWvulWqAl4UE]]></FromUserName>
<CreateTime>1533959438</CreateTime>
<MsgType><![CDATA[event]]></MsgType>
<Event><![CDATA[VIEW]]></Event>
<EventKey><![CDATA[http://www.scjdzgy.com/app/index.php?i=2&c=entry&ctrl=wmall&ac=store&op=goods&do=mobile&m=we7_wmall&sid=19]]></EventKey>
<MenuId>441820143</MenuId>
</xml>

2018-08-11 11:50:38 params :
------------
String:
array (
  'rule' => -2,
  'module' => '',
  'message' => 
  array (
    'tousername' => 'gh_2d8af677b35f',
    'fromusername' => 'oS2nE1HC9rku1rgCqWvulWqAl4UE',
    'createtime' => '1533959438',
    'msgtype' => 'event',
    'event' => 'VIEW',
    'eventkey' => 'http://www.scjdzgy.com/app/index.php?i=2&c=entry&ctrl=wmall&ac=store&op=goods&do=mobile&m=we7_wmall&sid=19',
    'menuid' => '441820143',
    'from' => 'oS2nE1HC9rku1rgCqWvulWqAl4UE',
    'to' => 'gh_2d8af677b35f',
    'time' => '1533959438',
    'type' => 'text',
    'content' => 'http://www.scjdzgy.com/app/index.php?i=2&c=entry&ctrl=wmall&ac=store&op=goods&do=mobile&m=we7_wmall&sid=19',
    'redirection' => true,
    'source' => 'VIEW',
  ),
)

2018-08-11 11:50:38 response :
------------

2018-08-11 11:50:44 trace :
------------
String:
<xml><ToUserName><![CDATA[gh_2d8af677b35f]]></ToUserName>
<FromUserName><![CDATA[oS2nE1CGJPJKvOOV-2axeilQtmms]]></FromUserName>
<CreateTime>1533959444</CreateTime>
<MsgType><![CDATA[event]]></MsgType>
<Event><![CDATA[VIEW]]></Event>
<EventKey><![CDATA[http://www.scjdzgy.com/app/index.php?i=2&c=entry&ctrl=wmall&ac=home&op=index&do=mobile&m=we7_wmall]]></EventKey>
<MenuId>441820143</MenuId>
</xml>

2018-08-11 11:50:44 params :
------------
String:
array (
  'rule' => -2,
  'module' => '',
  'message' => 
  array (
    'tousername' => 'gh_2d8af677b35f',
    'fromusername' => 'oS2nE1CGJPJKvOOV-2axeilQtmms',
    'createtime' => '1533959444',
    'msgtype' => 'event',
    'event' => 'VIEW',
    'eventkey' => 'http://www.scjdzgy.com/app/index.php?i=2&c=entry&ctrl=wmall&ac=home&op=index&do=mobile&m=we7_wmall',
    'menuid' => '441820143',
    'from' => 'oS2nE1CGJPJKvOOV-2axeilQtmms',
    'to' => 'gh_2d8af677b35f',
    'time' => '1533959444',
    'type' => 'text',
    'content' => 'http://www.scjdzgy.com/app/index.php?i=2&c=entry&ctrl=wmall&ac=home&op=index&do=mobile&m=we7_wmall',
    'redirection' => true,
    'source' => 'VIEW',
  ),
)

2018-08-11 11:50:44 response :
------------

2018-08-11 11:50:47 trace :
------------
String:
<xml><ToUserName><![CDATA[gh_2d8af677b35f]]></ToUserName>
<FromUserName><![CDATA[oS2nE1NhNvNXOENEL98BaE42yJ5U]]></FromUserName>
<CreateTime>1533959447</CreateTime>
<MsgType><![CDATA[event]]></MsgType>
<Event><![CDATA[VIEW]]></Event>
<EventKey><![CDATA[http://www.scjdzgy.com/app/index.php?i=2&c=entry&ctrl=wmall&ac=home&op=index&do=mobile&m=we7_wmall]]></EventKey>
<MenuId>441820143</MenuId>
</xml>

2018-08-11 11:50:47 params :
------------
String:
array (
  'rule' => -2,
  'module' => '',
  'message' => 
  array (
    'tousername' => 'gh_2d8af677b35f',
    'fromusername' => 'oS2nE1NhNvNXOENEL98BaE42yJ5U',
    'createtime' => '1533959447',
    'msgtype' => 'event',
    'event' => 'VIEW',
    'eventkey' => 'http://www.scjdzgy.com/app/index.php?i=2&c=entry&ctrl=wmall&ac=home&op=index&do=mobile&m=we7_wmall',
    'menuid' => '441820143',
    'from' => 'oS2nE1NhNvNXOENEL98BaE42yJ5U',
    'to' => 'gh_2d8af677b35f',
    'time' => '1533959447',
    'type' => 'text',
    'content' => 'http://www.scjdzgy.com/app/index.php?i=2&c=entry&ctrl=wmall&ac=home&op=index&do=mobile&m=we7_wmall',
    'redirection' => true,
    'source' => 'VIEW',
  ),
)

2018-08-11 11:50:47 response :
------------

2018-08-11 11:57:31 trace :
------------
String:
<xml><ToUserName><![CDATA[gh_2d8af677b35f]]></ToUserName>
<FromUserName><![CDATA[oS2nE1HC9rku1rgCqWvulWqAl4UE]]></FromUserName>
<CreateTime>1533959851</CreateTime>
<MsgType><![CDATA[event]]></MsgType>
<Event><![CDATA[VIEW]]></Event>
<EventKey><![CDATA[http://www.scjdzgy.com/app/index.php?i=2&c=entry&ctrl=wmall&ac=home&op=index&do=mobile&m=we7_wmall]]></EventKey>
<MenuId>441820143</MenuId>
</xml>

2018-08-11 11:57:31 params :
------------
String:
array (
  'rule' => -2,
  'module' => '',
  'message' => 
  array (
    'tousername' => 'gh_2d8af677b35f',
    'fromusername' => 'oS2nE1HC9rku1rgCqWvulWqAl4UE',
    'createtime' => '1533959851',
    'msgtype' => 'event',
    'event' => 'VIEW',
    'eventkey' => 'http://www.scjdzgy.com/app/index.php?i=2&c=entry&ctrl=wmall&ac=home&op=index&do=mobile&m=we7_wmall',
    'menuid' => '441820143',
    'from' => 'oS2nE1HC9rku1rgCqWvulWqAl4UE',
    'to' => 'gh_2d8af677b35f',
    'time' => '1533959851',
    'type' => 'text',
    'content' => 'http://www.scjdzgy.com/app/index.php?i=2&c=entry&ctrl=wmall&ac=home&op=index&do=mobile&m=we7_wmall',
    'redirection' => true,
    'source' => 'VIEW',
  ),
)

2018-08-11 11:57:31 response :
------------

2018-08-11 11:57:41 trace :
------------
String:
<xml><ToUserName><![CDATA[gh_2d8af677b35f]]></ToUserName>
<FromUserName><![CDATA[oS2nE1HC9rku1rgCqWvulWqAl4UE]]></FromUserName>
<CreateTime>1533959861</CreateTime>
<MsgType><![CDATA[event]]></MsgType>
<Event><![CDATA[VIEW]]></Event>
<EventKey><![CDATA[http://www.scjdzgy.com/app/index.php?i=2&c=entry&ctrl=wmall&ac=store&op=goods&do=mobile&m=we7_wmall&sid=19]]></EventKey>
<MenuId>441820143</MenuId>
</xml>

2018-08-11 11:57:41 params :
------------
String:
array (
  'rule' => -2,
  'module' => '',
  'message' => 
  array (
    'tousername' => 'gh_2d8af677b35f',
    'fromusername' => 'oS2nE1HC9rku1rgCqWvulWqAl4UE',
    'createtime' => '1533959861',
    'msgtype' => 'event',
    'event' => 'VIEW',
    'eventkey' => 'http://www.scjdzgy.com/app/index.php?i=2&c=entry&ctrl=wmall&ac=store&op=goods&do=mobile&m=we7_wmall&sid=19',
    'menuid' => '441820143',
    'from' => 'oS2nE1HC9rku1rgCqWvulWqAl4UE',
    'to' => 'gh_2d8af677b35f',
    'time' => '1533959861',
    'type' => 'text',
    'content' => 'http://www.scjdzgy.com/app/index.php?i=2&c=entry&ctrl=wmall&ac=store&op=goods&do=mobile&m=we7_wmall&sid=19',
    'redirection' => true,
    'source' => 'VIEW',
  ),
)

2018-08-11 11:57:41 response :
------------

2018-08-11 11:59:17 trace :
------------
String:
<xml><ToUserName><![CDATA[gh_2d8af677b35f]]></ToUserName>
<FromUserName><![CDATA[oS2nE1HC9rku1rgCqWvulWqAl4UE]]></FromUserName>
<CreateTime>1533959957</CreateTime>
<MsgType><![CDATA[event]]></MsgType>
<Event><![CDATA[VIEW]]></Event>
<EventKey><![CDATA[http://www.scjdzgy.com/app/index.php?i=2&c=entry&ctrl=wmall&ac=home&op=index&do=mobile&m=we7_wmall]]></EventKey>
<MenuId>441820143</MenuId>
</xml>

2018-08-11 11:59:17 params :
------------
String:
array (
  'rule' => -2,
  'module' => '',
  'message' => 
  array (
    'tousername' => 'gh_2d8af677b35f',
    'fromusername' => 'oS2nE1HC9rku1rgCqWvulWqAl4UE',
    'createtime' => '1533959957',
    'msgtype' => 'event',
    'event' => 'VIEW',
    'eventkey' => 'http://www.scjdzgy.com/app/index.php?i=2&c=entry&ctrl=wmall&ac=home&op=index&do=mobile&m=we7_wmall',
    'menuid' => '441820143',
    'from' => 'oS2nE1HC9rku1rgCqWvulWqAl4UE',
    'to' => 'gh_2d8af677b35f',
    'time' => '1533959957',
    'type' => 'text',
    'content' => 'http://www.scjdzgy.com/app/index.php?i=2&c=entry&ctrl=wmall&ac=home&op=index&do=mobile&m=we7_wmall',
    'redirection' => true,
    'source' => 'VIEW',
  ),
)

2018-08-11 11:59:17 response :
------------

2018-08-11 12:03:39 trace :
------------
String:
<xml><ToUserName><![CDATA[gh_2d8af677b35f]]></ToUserName>
<FromUserName><![CDATA[oS2nE1KQYyUGJfTs11ottW8vhGCM]]></FromUserName>
<CreateTime>1533960218</CreateTime>
<MsgType><![CDATA[event]]></MsgType>
<Event><![CDATA[VIEW]]></Event>
<EventKey><![CDATA[http://www.scjdzgy.com/app/index.php?i=2&c=entry&ctrl=delivery&ac=home&op=index&do=mobile&m=we7_wmall]]></EventKey>
<MenuId>441820143</MenuId>
</xml>

2018-08-11 12:03:39 params :
------------
String:
array (
  'rule' => -2,
  'module' => '',
  'message' => 
  array (
    'tousername' => 'gh_2d8af677b35f',
    'fromusername' => 'oS2nE1KQYyUGJfTs11ottW8vhGCM',
    'createtime' => '1533960218',
    'msgtype' => 'event',
    'event' => 'VIEW',
    'eventkey' => 'http://www.scjdzgy.com/app/index.php?i=2&c=entry&ctrl=delivery&ac=home&op=index&do=mobile&m=we7_wmall',
    'menuid' => '441820143',
    'from' => 'oS2nE1KQYyUGJfTs11ottW8vhGCM',
    'to' => 'gh_2d8af677b35f',
    'time' => '1533960218',
    'type' => 'text',
    'content' => 'http://www.scjdzgy.com/app/index.php?i=2&c=entry&ctrl=delivery&ac=home&op=index&do=mobile&m=we7_wmall',
    'redirection' => true,
    'source' => 'VIEW',
  ),
)

2018-08-11 12:03:39 response :
------------

2018-08-11 12:03:49 trace :
------------
String:
<xml><ToUserName><![CDATA[gh_2d8af677b35f]]></ToUserName>
<FromUserName><![CDATA[oS2nE1KQYyUGJfTs11ottW8vhGCM]]></FromUserName>
<CreateTime>1533960228</CreateTime>
<MsgType><![CDATA[event]]></MsgType>
<Event><![CDATA[VIEW]]></Event>
<EventKey><![CDATA[http://www.scjdzgy.com/app/index.php?i=2&c=entry&ctrl=manage&ac=home&op=index&do=mobile&m=we7_wmall]]></EventKey>
<MenuId>441820143</MenuId>
</xml>

2018-08-11 12:03:49 params :
------------
String:
array (
  'rule' => -2,
  'module' => '',
  'message' => 
  array (
    'tousername' => 'gh_2d8af677b35f',
    'fromusername' => 'oS2nE1KQYyUGJfTs11ottW8vhGCM',
    'createtime' => '1533960228',
    'msgtype' => 'event',
    'event' => 'VIEW',
    'eventkey' => 'http://www.scjdzgy.com/app/index.php?i=2&c=entry&ctrl=manage&ac=home&op=index&do=mobile&m=we7_wmall',
    'menuid' => '441820143',
    'from' => 'oS2nE1KQYyUGJfTs11ottW8vhGCM',
    'to' => 'gh_2d8af677b35f',
    'time' => '1533960228',
    'type' => 'text',
    'content' => 'http://www.scjdzgy.com/app/index.php?i=2&c=entry&ctrl=manage&ac=home&op=index&do=mobile&m=we7_wmall',
    'redirection' => true,
    'source' => 'VIEW',
  ),
)

2018-08-11 12:03:49 response :
------------

2018-08-11 12:05:38 trace :
------------
String:
<xml><ToUserName><![CDATA[gh_2d8af677b35f]]></ToUserName>
<FromUserName><![CDATA[oS2nE1NhNvNXOENEL98BaE42yJ5U]]></FromUserName>
<CreateTime>1533960337</CreateTime>
<MsgType><![CDATA[event]]></MsgType>
<Event><![CDATA[VIEW]]></Event>
<EventKey><![CDATA[http://www.scjdzgy.com/app/index.php?i=2&c=entry&ctrl=wmall&ac=home&op=index&do=mobile&m=we7_wmall]]></EventKey>
<MenuId>441820143</MenuId>
</xml>

2018-08-11 12:05:38 params :
------------
String:
array (
  'rule' => -2,
  'module' => '',
  'message' => 
  array (
    'tousername' => 'gh_2d8af677b35f',
    'fromusername' => 'oS2nE1NhNvNXOENEL98BaE42yJ5U',
    'createtime' => '1533960337',
    'msgtype' => 'event',
    'event' => 'VIEW',
    'eventkey' => 'http://www.scjdzgy.com/app/index.php?i=2&c=entry&ctrl=wmall&ac=home&op=index&do=mobile&m=we7_wmall',
    'menuid' => '441820143',
    'from' => 'oS2nE1NhNvNXOENEL98BaE42yJ5U',
    'to' => 'gh_2d8af677b35f',
    'time' => '1533960337',
    'type' => 'text',
    'content' => 'http://www.scjdzgy.com/app/index.php?i=2&c=entry&ctrl=wmall&ac=home&op=index&do=mobile&m=we7_wmall',
    'redirection' => true,
    'source' => 'VIEW',
  ),
)

2018-08-11 12:05:38 response :
------------

2018-08-11 12:07:13 trace :
------------
String:
<xml><ToUserName><![CDATA[gh_2d8af677b35f]]></ToUserName>
<FromUserName><![CDATA[oS2nE1NhNvNXOENEL98BaE42yJ5U]]></FromUserName>
<CreateTime>1533960433</CreateTime>
<MsgType><![CDATA[event]]></MsgType>
<Event><![CDATA[VIEW]]></Event>
<EventKey><![CDATA[http://www.scjdzgy.com/app/index.php?i=2&c=entry&ctrl=wmall&ac=store&op=goods&do=mobile&m=we7_wmall&sid=19]]></EventKey>
<MenuId>441820143</MenuId>
</xml>

2018-08-11 12:07:13 params :
------------
String:
array (
  'rule' => -2,
  'module' => '',
  'message' => 
  array (
    'tousername' => 'gh_2d8af677b35f',
    'fromusername' => 'oS2nE1NhNvNXOENEL98BaE42yJ5U',
    'createtime' => '1533960433',
    'msgtype' => 'event',
    'event' => 'VIEW',
    'eventkey' => 'http://www.scjdzgy.com/app/index.php?i=2&c=entry&ctrl=wmall&ac=store&op=goods&do=mobile&m=we7_wmall&sid=19',
    'menuid' => '441820143',
    'from' => 'oS2nE1NhNvNXOENEL98BaE42yJ5U',
    'to' => 'gh_2d8af677b35f',
    'time' => '1533960433',
    'type' => 'text',
    'content' => 'http://www.scjdzgy.com/app/index.php?i=2&c=entry&ctrl=wmall&ac=store&op=goods&do=mobile&m=we7_wmall&sid=19',
    'redirection' => true,
    'source' => 'VIEW',
  ),
)

2018-08-11 12:07:13 response :
------------

2018-08-11 12:10:37 trace :
------------
String:
<xml><ToUserName><![CDATA[gh_2d8af677b35f]]></ToUserName>
<FromUserName><![CDATA[oS2nE1HC9rku1rgCqWvulWqAl4UE]]></FromUserName>
<CreateTime>1533960637</CreateTime>
<MsgType><![CDATA[event]]></MsgType>
<Event><![CDATA[VIEW]]></Event>
<EventKey><![CDATA[http://www.scjdzgy.com/app/index.php?i=2&c=entry&ctrl=wmall&ac=home&op=index&do=mobile&m=we7_wmall]]></EventKey>
<MenuId>441820143</MenuId>
</xml>

2018-08-11 12:10:37 params :
------------
String:
array (
  'rule' => -2,
  'module' => '',
  'message' => 
  array (
    'tousername' => 'gh_2d8af677b35f',
    'fromusername' => 'oS2nE1HC9rku1rgCqWvulWqAl4UE',
    'createtime' => '1533960637',
    'msgtype' => 'event',
    'event' => 'VIEW',
    'eventkey' => 'http://www.scjdzgy.com/app/index.php?i=2&c=entry&ctrl=wmall&ac=home&op=index&do=mobile&m=we7_wmall',
    'menuid' => '441820143',
    'from' => 'oS2nE1HC9rku1rgCqWvulWqAl4UE',
    'to' => 'gh_2d8af677b35f',
    'time' => '1533960637',
    'type' => 'text',
    'content' => 'http://www.scjdzgy.com/app/index.php?i=2&c=entry&ctrl=wmall&ac=home&op=index&do=mobile&m=we7_wmall',
    'redirection' => true,
    'source' => 'VIEW',
  ),
)

2018-08-11 12:10:37 response :
------------

2018-08-11 12:10:43 trace :
------------
String:
<xml><ToUserName><![CDATA[gh_2d8af677b35f]]></ToUserName>
<FromUserName><![CDATA[oS2nE1HC9rku1rgCqWvulWqAl4UE]]></FromUserName>
<CreateTime>1533960643</CreateTime>
<MsgType><![CDATA[event]]></MsgType>
<Event><![CDATA[VIEW]]></Event>
<EventKey><![CDATA[http://www.scjdzgy.com/app/index.php?i=2&c=entry&ctrl=wmall&ac=store&op=goods&do=mobile&m=we7_wmall&sid=19]]></EventKey>
<MenuId>441820143</MenuId>
</xml>

2018-08-11 12:10:43 params :
------------
String:
array (
  'rule' => -2,
  'module' => '',
  'message' => 
  array (
    'tousername' => 'gh_2d8af677b35f',
    'fromusername' => 'oS2nE1HC9rku1rgCqWvulWqAl4UE',
    'createtime' => '1533960643',
    'msgtype' => 'event',
    'event' => 'VIEW',
    'eventkey' => 'http://www.scjdzgy.com/app/index.php?i=2&c=entry&ctrl=wmall&ac=store&op=goods&do=mobile&m=we7_wmall&sid=19',
    'menuid' => '441820143',
    'from' => 'oS2nE1HC9rku1rgCqWvulWqAl4UE',
    'to' => 'gh_2d8af677b35f',
    'time' => '1533960643',
    'type' => 'text',
    'content' => 'http://www.scjdzgy.com/app/index.php?i=2&c=entry&ctrl=wmall&ac=store&op=goods&do=mobile&m=we7_wmall&sid=19',
    'redirection' => true,
    'source' => 'VIEW',
  ),
)

2018-08-11 12:10:43 response :
------------

2018-08-11 13:45:13 trace :
------------
String:
<xml><ToUserName><![CDATA[gh_2d8af677b35f]]></ToUserName>
<FromUserName><![CDATA[oS2nE1LtiPMxsshqsvsZQbFUkxys]]></FromUserName>
<CreateTime>1533966312</CreateTime>
<MsgType><![CDATA[event]]></MsgType>
<Event><![CDATA[VIEW]]></Event>
<EventKey><![CDATA[http://www.scjdzgy.com/app/index.php?i=2&c=entry&ctrl=wmall&ac=home&op=index&do=mobile&m=we7_wmall]]></EventKey>
<MenuId>441820143</MenuId>
</xml>

2018-08-11 13:45:13 params :
------------
String:
array (
  'rule' => -2,
  'module' => '',
  'message' => 
  array (
    'tousername' => 'gh_2d8af677b35f',
    'fromusername' => 'oS2nE1LtiPMxsshqsvsZQbFUkxys',
    'createtime' => '1533966312',
    'msgtype' => 'event',
    'event' => 'VIEW',
    'eventkey' => 'http://www.scjdzgy.com/app/index.php?i=2&c=entry&ctrl=wmall&ac=home&op=index&do=mobile&m=we7_wmall',
    'menuid' => '441820143',
    'from' => 'oS2nE1LtiPMxsshqsvsZQbFUkxys',
    'to' => 'gh_2d8af677b35f',
    'time' => '1533966312',
    'type' => 'text',
    'content' => 'http://www.scjdzgy.com/app/index.php?i=2&c=entry&ctrl=wmall&ac=home&op=index&do=mobile&m=we7_wmall',
    'redirection' => true,
    'source' => 'VIEW',
  ),
)

2018-08-11 13:45:13 response :
------------

2018-08-11 21:19:36 trace :
------------
String:
<xml><ToUserName><![CDATA[gh_2d8af677b35f]]></ToUserName>
<FromUserName><![CDATA[oS2nE1C4azaYKYgvQcy-vMT2H-Dg]]></FromUserName>
<CreateTime>1533993576</CreateTime>
<MsgType><![CDATA[event]]></MsgType>
<Event><![CDATA[subscribe]]></Event>
<EventKey><![CDATA[]]></EventKey>
</xml>

2018-08-11 21:19:37 params :
------------
String:
array (
  'rule' => -2,
  'module' => '',
  'message' => 
  array (
    'tousername' => 'gh_2d8af677b35f',
    'fromusername' => 'oS2nE1C4azaYKYgvQcy-vMT2H-Dg',
    'createtime' => '1533993576',
    'msgtype' => 'event',
    'event' => 'subscribe',
    'eventkey' => '',
    'from' => 'oS2nE1C4azaYKYgvQcy-vMT2H-Dg',
    'to' => 'gh_2d8af677b35f',
    'time' => '1533993576',
    'type' => 'text',
    'redirection' => true,
    'source' => 'subscribe',
  ),
)

2018-08-11 21:19:37 response :
------------

2018-08-11 21:19:47 trace :
------------
String:
<xml><ToUserName><![CDATA[gh_2d8af677b35f]]></ToUserName>
<FromUserName><![CDATA[oS2nE1C4azaYKYgvQcy-vMT2H-Dg]]></FromUserName>
<CreateTime>1533993587</CreateTime>
<MsgType><![CDATA[event]]></MsgType>
<Event><![CDATA[VIEW]]></Event>
<EventKey><![CDATA[http://www.scjdzgy.com/app/index.php?i=2&c=entry&ctrl=wmall&ac=home&op=index&do=mobile&m=we7_wmall]]></EventKey>
<MenuId>441820143</MenuId>
</xml>

2018-08-11 21:19:47 params :
------------
String:
array (
  'rule' => -2,
  'module' => '',
  'message' => 
  array (
    'tousername' => 'gh_2d8af677b35f',
    'fromusername' => 'oS2nE1C4azaYKYgvQcy-vMT2H-Dg',
    'createtime' => '1533993587',
    'msgtype' => 'event',
    'event' => 'VIEW',
    'eventkey' => 'http://www.scjdzgy.com/app/index.php?i=2&c=entry&ctrl=wmall&ac=home&op=index&do=mobile&m=we7_wmall',
    'menuid' => '441820143',
    'from' => 'oS2nE1C4azaYKYgvQcy-vMT2H-Dg',
    'to' => 'gh_2d8af677b35f',
    'time' => '1533993587',
    'type' => 'text',
    'content' => 'http://www.scjdzgy.com/app/index.php?i=2&c=entry&ctrl=wmall&ac=home&op=index&do=mobile&m=we7_wmall',
    'redirection' => true,
    'source' => 'VIEW',
  ),
)

2018-08-11 21:19:47 response :
------------

